
List of user-set options:

                                    Name   Value                used
                             alpha_for_y = safer-min-dual-infeas  yes
                        file_print_level = 5                     yes
                   hessian_approximation = limited-memory        yes
                           linear_solver = mumps                 yes
                                max_iter = 1000                  yes
                      nlp_scaling_method = gradient-based        yes
                             output_file = IPOPT.out             yes
                             print_level = 5                     yes
                      print_user_options = yes                   yes
                                      sb = yes                   yes
                                     tol = 5e-05                 yes
This is Ipopt version 3.14.11, running with linear solver MUMPS 5.2.1.

Number of nonzeros in equality constraint Jacobian...:    24051
Number of nonzeros in inequality constraint Jacobian.:    23804
Number of nonzeros in Lagrangian Hessian.............:        0

Total number of variables............................:      238
                     variables with only lower bounds:        0
                variables with lower and upper bounds:      180
                     variables with only upper bounds:        0
Total number of equality constraints.................:      193
Total number of inequality constraints...............:      182
        inequality constraints with only lower bounds:       63
   inequality constraints with lower and upper bounds:       74
        inequality constraints with only upper bounds:       45

iter    objective    inf_pr   inf_du lg(mu)  ||d||  lg(rg) alpha_du alpha_pr  ls
   0  2.0000000e+00 1.00e+01 1.00e+00   0.0 0.00e+00    -  0.00e+00 0.00e+00   0
   1  1.9946265e+00 1.00e+01 2.54e+01  11.6 1.87e+13    -  2.89e-13 5.89e-14f  1
   2  1.9821948e+00 1.00e+01 2.96e+01   6.5 5.70e+07    -  3.14e-08 6.03e-08f  1
   3  1.9676104e+00 1.00e+01 1.85e+02   6.5 2.96e+07    -  2.82e-07 2.59e-07f  1
   4  1.9181271e+00 1.00e+01 4.23e+03   6.5 1.23e+07    -  1.86e-05 7.90e-07f  1
   5  1.8275251e+00 1.00e+01 1.82e+08   6.5 3.99e+05    -  9.90e-01 4.24e-05f  1
   6  7.5551448e-01 9.11e+03 3.85e+08   4.5 9.49e+00    -  7.39e-01 1.00e+00h  1
   7  6.5187967e-01 1.74e+03 3.10e+08   3.9 2.23e+01    -  5.58e-01 6.10e-01h  1
   8  6.1809575e-01 1.27e+03 2.24e+08   3.5 2.57e+01    -  5.07e-01 4.25e-01h  1
   9  6.0508257e-01 5.73e+02 1.57e+08   3.2 2.60e+01    -  4.24e-01 5.16e-01H  1
iter    objective    inf_pr   inf_du lg(mu)  ||d||  lg(rg) alpha_du alpha_pr  ls
  10  6.0249648e-01 4.79e+02 1.55e+08   3.0 2.89e+01    -  4.56e-01 1.36e-01h  1
  11  6.0254538e-01 4.71e+02 1.40e+08   2.7 1.62e+01    -  2.94e-01 1.73e-02h  6
  12  6.0269832e-01 4.66e+02 2.43e+08   2.6 1.20e+01    -  1.07e-01 9.95e-03h  7
  13  6.0200526e-01 4.62e+02 8.02e+08   2.5 1.25e+02    -  9.61e-02 6.69e-03h  5
  14  6.1161975e-01 2.95e+02 7.20e+07   2.5 1.13e+01    -  4.35e-01 2.82e-01H  1
  15  6.1167213e-01 2.92e+02 6.16e+07   2.2 2.45e+01    -  1.72e-02 7.41e-03h  1
  16  6.1175187e-01 2.86e+02 5.46e+07   2.2 3.04e+01    -  1.01e-01 1.39e-02h  1
  17  6.0775412e-01 2.73e+02 6.13e+07   2.2 7.93e+01    -  1.29e-01 4.17e-02h  3
  18  6.3598679e-01 2.68e+02 8.22e+07   6.0 2.62e+03    -  1.09e-01 1.40e-02f  1
  19  7.3898733e-01 1.09e+03 2.35e+08   7.9 1.29e+04    -  1.17e-02 2.70e-03f  1
iter    objective    inf_pr   inf_du lg(mu)  ||d||  lg(rg) alpha_du alpha_pr  ls
  20  9.5657995e-01 1.26e+03 3.11e+08   7.3 2.66e+02    -  1.49e-01 9.64e-02f  1
  21  9.0249808e-01 1.93e+03 2.30e+08   6.6 1.07e+01    -  1.00e+00 1.00e+00h  1
  22  8.6762331e-01 1.49e+03 1.23e+08   5.9 1.59e+01    -  6.49e-01 3.60e-01h  1
  23  8.1771223e-01 3.25e+02 7.22e+07   5.2 1.54e+01    -  7.03e-01 5.29e-01h  1
  24  7.6779270e-01 1.93e+02 1.09e+08   4.5 2.38e+01    -  6.73e-01 4.95e-01h  1
  25  7.1557033e-01 1.30e+02 7.74e+07   3.8 3.61e+01    -  3.49e-01 3.71e-01h  1
  26  6.9082975e-01 7.89e+01 5.62e+07   3.1 5.87e+01    -  3.94e-01 2.89e-01h  1
  27  6.4846292e-01 6.56e+01 4.07e+07   2.4 7.07e+01    -  3.44e-01 1.94e-01h  1
  28  6.0649754e-01 4.17e+01 6.90e+07   2.4 5.87e+01    -  1.93e-01 3.60e-01H  1
  29  5.7409332e-01 2.56e+01 1.12e+08   2.4 2.57e+01    -  2.84e-01 4.85e-01h  1
iter    objective    inf_pr   inf_du lg(mu)  ||d||  lg(rg) alpha_du alpha_pr  ls
  30  6.7068467e-01 4.11e+01 7.43e+07   5.5 1.23e+02    -  4.68e-01 4.23e-01f  1
  31  6.8019739e-01 7.73e+01 3.34e+08   5.2 4.35e+01    -  5.02e-01 5.31e-01h  1
  32  6.9067228e-01 8.97e+01 3.05e+08   4.5 6.22e+01    -  3.32e-01 2.21e-01h  1
  33  6.9406575e-01 7.07e+01 1.52e+08   3.8 5.98e+01    -  2.00e-01 3.35e-01h  1
  34  6.8725816e-01 5.74e+01 8.16e+07   3.1 3.69e+01    -  2.75e-01 1.75e-01h  1
  35  6.8172872e-01 4.90e+01 1.14e+08   2.4 8.19e+01    -  1.67e-01 1.10e-01h  2
  36  6.8613283e-01 4.19e+01 1.69e+08   2.4 1.41e+02    -  1.59e-01 1.42e-01h  1
  37  6.7176488e-01 3.57e+01 1.09e+08   2.4 2.39e+01    -  2.97e-01 1.93e-01h  1
  38  6.3298413e-01 2.55e+01 5.63e+07   2.4 4.53e+01    -  1.73e-01 2.89e-01h  1
  39  6.2051294e-01 1.59e+01 8.09e+07   2.4 2.56e+01    -  2.83e-01 2.47e-01h  1
iter    objective    inf_pr   inf_du lg(mu)  ||d||  lg(rg) alpha_du alpha_pr  ls
  40  6.2048242e-01 1.59e+01 5.76e+07   2.4 3.68e+01    -  2.06e-01 4.19e-03h  1
  41  6.2108971e-01 1.57e+01 7.05e+07   2.4 5.82e+01    -  1.24e-01 3.86e-02h  1
  42  6.1053914e-01 9.78e+00 7.51e+07   2.4 8.42e+01    -  2.16e-03 2.96e-01h  1
  43  6.1003133e-01 9.19e+00 4.46e+07   2.4 6.06e+01    -  3.09e-01 5.22e-02h  1
  44  6.0481192e-01 8.31e+00 4.91e+07   2.4 4.63e+01    -  9.59e-02 1.66e-01h  1
  45  6.0191766e-01 7.72e+00 4.15e+07   2.4 4.41e+01    -  3.07e-01 1.29e-01h  1
  46  6.2697858e-01 1.48e+00 8.52e+07   4.3 2.30e+01    -  2.81e-01 3.20e-01f  1
  47  6.3034670e-01 1.12e+01 2.75e+07   3.9 1.32e+01    -  2.34e-01 3.90e-01h  1
  48  6.2530479e-01 4.69e+00 9.62e+07   4.4 3.15e+01    -  1.00e+00 2.88e-01f  1
  49  6.5170400e-01 9.75e+00 5.65e+07   4.6 2.86e+01    -  1.00e+00 4.99e-01f  1
iter    objective    inf_pr   inf_du lg(mu)  ||d||  lg(rg) alpha_du alpha_pr  ls
  50  6.7455958e-01 1.32e+02 9.26e+07   4.8 2.00e+01    -  9.46e-01 7.44e-01f  1
  51  6.7532579e-01 6.34e+01 5.16e+07   4.7 2.26e+01    -  9.67e-01 6.49e-01h  1
  52  6.9302822e-01 6.25e+01 4.84e+07   4.0 1.27e+01    -  6.83e-01 5.53e-01h  1
  53  7.2949291e-01 1.12e+02 6.56e+07   4.6 2.28e+01    -  1.00e+00 1.00e+00f  1
  54  7.4294649e-01 4.35e+01 5.92e+07   4.5 3.21e+01    -  3.56e-01 3.93e-01H  1
  55  7.5861104e-01 7.84e+00 1.40e+08   3.8 1.58e+01    -  8.52e-01 8.44e-01h  1
  56  7.5392088e-01 7.27e+00 1.13e+08   3.1 2.20e+01    -  2.84e-01 2.04e-01h  1
  57  7.5258793e-01 6.67e+00 5.09e+07   2.4 1.46e+01    -  5.16e-01 2.57e-01h  1
  58  7.4282084e-01 1.33e+01 6.00e+07   4.7 1.40e+01    -  1.00e+00 1.00e+00f  1
  59  7.5231805e-01 2.79e+02 5.35e+07   4.6 1.64e+01    -  8.24e-01 1.00e+00h  1
iter    objective    inf_pr   inf_du lg(mu)  ||d||  lg(rg) alpha_du alpha_pr  ls
  60  7.6208814e-01 8.62e+01 2.42e+07   3.9 2.00e+01    -  4.39e-01 4.81e-01h  1
  61  7.6194725e-01 6.68e+00 3.59e+07   3.2 3.28e+01    -  5.57e-01 4.12e-01h  1
  62  7.6111191e-01 4.52e+00 1.09e+07   2.5 1.35e+01    -  4.82e-01 1.04e-01h  1
  63  7.5323295e-01 7.54e+00 1.14e+07   1.8 1.55e+01    -  3.81e-01 4.76e-01h  1
  64  7.5396427e-01 7.03e+00 1.15e+07  -2.4 1.40e+01    -  4.30e-01 9.15e-02h  1
  65  7.5872340e-01 5.77e+00 1.37e+07   3.2 1.47e+01    -  2.68e-01 1.73e-01f  1
  66  8.2281200e-01 7.12e+00 3.25e+07   3.4 2.77e+01    -  1.35e-01 8.65e-01f  1
  67  8.4085400e-01 8.51e+00 3.51e+07   3.3 2.82e+01    -  4.45e-01 4.80e-01f  1
  68  8.3894822e-01 1.02e+01 1.37e+07   2.6 8.94e+00    -  3.31e-02 5.07e-01h  1
  69  8.3843443e-01 8.93e+00 1.08e+07   1.9 1.03e+01    -  4.00e-01 1.40e-01h  1
iter    objective    inf_pr   inf_du lg(mu)  ||d||  lg(rg) alpha_du alpha_pr  ls
  70  8.3992835e-01 7.13e+00 7.18e+06   1.9 1.23e+01    -  3.51e-01 1.61e-01h  1
  71  8.4690936e-01 3.88e+00 8.90e+06   1.9 1.76e+01    -  3.33e-01 4.32e-01h  1
  72  8.5231127e-01 2.76e+00 5.82e+06   1.9 2.53e+01    -  1.42e-01 2.70e-01h  1
  73  8.5232434e-01 2.41e+00 4.81e+06   3.0 9.77e+00    -  2.24e-01 2.99e-01f  1
  74  8.5082492e-01 1.33e+00 4.64e+06   3.8 7.32e+01    -  7.16e-01 4.33e-01f  1
  75  8.4574912e-01 3.81e+00 6.76e+06   3.6 1.33e+01    -  1.00e+00 1.00e+00f  1
  76  8.4540948e-01 1.83e-01 2.34e+06   3.1 2.20e+01    -  7.28e-01 4.59e-01h  1
  77  8.4678355e-01 3.67e-01 1.04e+06   2.7 6.58e+00    -  1.00e+00 5.11e-01h  1
  78  8.2912367e-01 1.87e+00 9.51e+06   3.5 7.93e+00    -  1.00e+00 1.00e+00f  1
  79  8.2645029e-01 1.07e+00 1.00e+07   3.3 7.46e+00    -  3.23e-01 3.19e-01H  1
iter    objective    inf_pr   inf_du lg(mu)  ||d||  lg(rg) alpha_du alpha_pr  ls
  80  8.2300742e-01 3.59e-01 1.44e+07   3.2 9.91e+00    -  6.41e-01 6.65e-01H  1
  81  8.2335088e-01 1.68e-01 4.41e+06   3.1 1.25e+01    -  1.00e+00 1.25e-01h  4
  82  8.2607199e-01 1.22e+00 3.20e+06   2.4 5.36e+00    -  1.00e+00 6.70e-01h  1
  83  8.2617347e-01 7.95e-01 1.71e+06   1.9 3.65e+00    -  1.00e+00 5.49e-01h  1
  84  8.2715049e-01 3.98e-01 2.01e+06   1.4 3.16e+00    -  1.00e+00 6.22e-01H  1
  85  8.2778949e-01 4.04e-01 1.98e+06   1.3 1.84e+01    -  1.00e+00 7.34e-02h  1
  86  8.3238416e-01 3.58e-01 1.65e+06   2.4 5.64e+00    -  1.00e+00 1.00e+00f  1
  87  8.3532681e-01 3.31e-01 1.63e+06   2.3 7.73e+00    -  2.64e-01 1.24e-01h  3
  88  8.3621046e-01 3.23e-01 1.76e+06   1.6 3.03e+01    -  4.16e-01 1.72e-02h  6
  89  8.3674520e-01 3.20e-01 1.88e+06   0.9 4.47e+01    -  4.85e-02 6.93e-03h  6
iter    objective    inf_pr   inf_du lg(mu)  ||d||  lg(rg) alpha_du alpha_pr  ls
  90  8.3700048e-01 3.19e-01 1.94e+06   0.9 6.23e+01    -  1.86e-01 1.87e-03h  7
  91  8.3712300e-01 3.19e-01 1.95e+06   0.9 6.45e+01    -  2.24e-02 6.63e-04f  8
  92  8.4428139e-01 3.06e-01 5.19e+06   0.9 1.08e+02    -  1.28e-01 3.36e-02f  2
  93  8.4436353e-01 3.05e-01 4.76e+06   0.9 1.97e+02    -  7.92e-02 1.97e-03h  7
  94  8.4452085e-01 3.05e-01 4.09e+06   0.9 1.95e+01    -  2.00e-01 3.15e-03h  7
  95  8.5279678e-01 2.84e-01 6.26e+06   0.9 3.19e+02    -  7.12e-03 5.39e-02f  2
  96  8.5518745e-01 2.80e-01 6.74e+06   0.9 1.26e+02    -  4.24e-02 2.13e-02h  3
  97  8.5717168e-01 2.72e-01 5.47e+06   0.9 9.56e+01    -  3.63e-01 2.18e-02h  3
  98  8.5736011e-01 2.70e-01 5.30e+06   0.9 8.25e+01    -  4.48e-02 4.92e-03h  6
  99  8.6756071e-01 1.73e-01 5.84e+06   0.9 2.04e+01    -  1.36e-01 3.35e-01w  1
iter    objective    inf_pr   inf_du lg(mu)  ||d||  lg(rg) alpha_du alpha_pr  ls
 100  8.7932168e-01 1.68e-01 1.12e+07   0.9 3.43e+02    -  1.25e-02 2.47e-02w  1
 101  9.0353567e-01 1.37e-01 1.50e+07   0.9 7.13e+01    -  2.15e-01 1.69e-01w  1
 102  8.5743981e-01 2.69e-01 4.58e+06   0.9 1.06e+02    -  1.36e-01 2.62e-03h  7
 103  8.6111990e-01 2.60e-01 4.64e+06   0.9 1.32e+02    -  3.06e-03 3.03e-02f  3
 104  8.6338132e-01 2.55e-01 3.49e+06   0.9 1.93e+02    -  1.45e-01 7.60e-03h  5
 105  8.6805621e-01 2.55e-01 5.08e+06   0.9 5.80e+02    -  1.02e-02 5.98e-03f  4
 106  8.7030314e-01 2.54e-01 5.27e+06   0.9 4.68e+02    -  4.47e-02 2.64e-03f  5
 107  8.7277528e-01 2.53e-01 5.26e+06   0.9 3.76e+02    -  6.69e-02 3.70e-03f  5
 108  8.7801567e-01 2.51e-01 5.52e+06   0.9 2.21e+02    -  6.39e-02 1.19e-02f  4
 109  8.8011010e-01 2.49e-01 5.89e+06   0.9 1.45e+02    -  4.77e-03 7.54e-03f  4
iter    objective    inf_pr   inf_du lg(mu)  ||d||  lg(rg) alpha_du alpha_pr  ls
 110  8.9006696e-01 2.44e-01 5.97e+06   0.9 1.59e+02    -  2.06e-01 2.98e-02f  3
 111  8.9196833e-01 2.42e-01 5.83e+06   0.9 2.19e+02    -  8.92e-02 6.38e-03h  5
 112  9.1632859e-01 2.51e-01 4.17e+06   0.9 4.70e+01    -  4.13e-01 2.00e-01w  1
 113  9.2368270e-01 2.28e-01 4.75e+06   0.9 2.93e+01    -  1.58e-01 6.88e-02w  1
 114  9.1738471e-01 2.52e-01 2.78e+07   0.9 2.60e+02    -  4.28e-02 1.05e-01w  1
 115  9.0414846e-01 2.46e-01 3.41e+06   0.9 1.87e+01    -  4.13e-01 9.98e-02h  1
 116  9.2047307e-01 1.95e-01 5.93e+06   0.9 3.81e+01    -  1.65e-01 1.42e-01H  1
 117  9.2065894e-01 1.92e-01 5.92e+06   0.9 2.93e+02    -  1.01e-01 9.11e-03h  4
 118  9.3038172e-01 1.71e-01 4.42e+06   0.9 2.01e+01    -  4.59e-01 1.34e-01h  1
 119  9.3526258e-01 1.16e-01 4.72e+06   0.9 8.26e+00    -  5.41e-02 2.04e-01h  1
iter    objective    inf_pr   inf_du lg(mu)  ||d||  lg(rg) alpha_du alpha_pr  ls
 120  9.3360505e-01 1.13e-01 3.25e+06   0.9 3.98e+02    -  4.09e-03 1.80e-02f  3
 121  9.4977940e-01 6.70e-02 5.77e+06   0.9 1.38e+01    -  2.32e-01 4.23e-01h  1
 122  9.5766189e-01 6.70e-02 7.06e+06   0.9 2.02e+02    -  3.13e-03 1.70e-02f  3
 123  9.6176790e-01 6.70e-02 7.53e+06   0.9 1.12e+02    -  1.60e-01 1.12e-02h  3
 124  9.6377580e-01 6.70e-02 7.61e+06   0.9 2.42e+02    -  1.36e-02 2.62e-03h  5
 125  9.6558477e-01 6.70e-02 7.75e+06   0.9 2.87e+02    -  4.65e-02 1.90e-03h  5
 126  9.6635117e-01 6.70e-02 7.76e+06   0.9 6.46e+02    -  9.34e-03 4.26e-04f  7
 127  9.6796283e-01 6.70e-02 7.83e+06   0.9 5.94e+02    -  3.41e-02 9.00e-04f  6
 128  9.6854808e-01 6.70e-02 7.76e+06   0.9 1.33e+03    -  4.54e-03 3.13e-04f  7
 129  9.7023769e-01 6.70e-02 7.85e+06   0.9 4.21e+02    -  2.15e-02 1.38e-03f  6
iter    objective    inf_pr   inf_du lg(mu)  ||d||  lg(rg) alpha_du alpha_pr  ls
 130  9.8072818e-01 6.70e-02 1.20e+07   0.9 1.00e+03    -  6.68e-03 8.45e-03f  2
 131  9.8400998e-01 6.70e-02 1.02e+07   0.9 1.46e+02    -  2.46e-01 6.85e-03h  5
 132  9.9437409e-01 6.69e-02 7.69e+06   0.9 3.83e+02    -  2.70e-02 1.92e-02w  1
 133  1.0474826e+00 7.35e-02 1.35e+07   0.9 5.66e+01    -  8.55e-02 2.28e-01w  1
 134  1.0535672e+00 8.38e-02 9.51e+06   0.9 5.40e+02    -  4.35e-02 1.64e-02w  1
 135  9.8465773e-01 6.70e-02 9.86e+06   0.9 3.40e+01    -  2.70e-02 1.20e-03h  4
 136  9.8588543e-01 6.70e-02 9.63e+06   0.9 3.15e+02    -  3.18e-02 1.49e-03h  4
 137  9.8893553e-01 6.70e-02 9.60e+06   0.9 1.59e+02    -  3.37e-02 6.39e-03f  3
 138  9.9346638e-01 6.70e-02 8.52e+06   0.9 1.12e+02    -  1.65e-01 1.51e-02f  3
 139  9.9871813e-01 6.70e-02 9.35e+06   0.9 1.35e+02    -  1.75e-02 1.52e-02f  4
iter    objective    inf_pr   inf_du lg(mu)  ||d||  lg(rg) alpha_du alpha_pr  ls
 140  1.0045327e+00 6.69e-02 6.52e+06   0.9 8.87e+01    -  3.17e-01 1.65e-02h  3
 141  1.0064858e+00 6.69e-02 6.21e+06   0.9 3.70e+02    -  1.82e-02 4.76e-03f  4
 142  1.0192781e+00 6.69e-02 6.90e+06   0.9 8.96e+01    -  3.38e-02 5.18e-02f  3
 143  1.0199507e+00 6.69e-02 6.21e+06   0.9 2.95e+03    -  5.72e-03 5.35e-04f  5
 144  1.0249479e+00 6.69e-02 5.23e+06   0.9 1.04e+02    -  1.81e-01 2.00e-02h  4
 145  1.0397665e+00 1.01e-01 4.17e+06   0.9 4.90e+02    -  3.01e-02 4.54e-02w  1
 146  1.0458919e+00 9.46e-02 3.91e+06   0.9 1.80e+01    -  1.90e-01 7.46e-02w  1
 147  1.0427047e+00 1.60e-01 5.56e+06   0.9 7.40e+02    -  2.17e-03 2.73e-02w  1
 148  1.0258741e+00 6.69e-02 4.50e+06   0.9 3.12e+01    -  3.01e-02 2.84e-03f  4
 149  1.0307594e+00 6.68e-02 3.91e+06   0.9 7.87e+01    -  1.64e-01 3.31e-02h  4
iter    objective    inf_pr   inf_du lg(mu)  ||d||  lg(rg) alpha_du alpha_pr  ls
 150  1.0331134e+00 6.68e-02 3.83e+06   0.9 3.47e+02    -  3.28e-03 8.53e-03f  3
 151  1.0399748e+00 6.68e-02 3.21e+06   0.9 1.02e+02    -  2.31e-01 4.13e-02h  3
 152  1.0441098e+00 6.68e-02 2.86e+06   0.9 1.50e+02    -  8.20e-03 1.13e-02f  4
 153  1.0492000e+00 6.68e-02 2.49e+06   0.9 1.73e+02    -  2.67e-01 1.75e-02h  3
 154  1.0505862e+00 6.68e-02 2.83e+06   0.9 7.40e+02    -  4.32e-03 6.26e-04f  7
 155  1.0524885e+00 6.68e-02 3.22e+06   0.9 6.57e+02    -  8.05e-03 9.93e-04f  6
 156  1.0547310e+00 6.68e-02 3.45e+06   0.9 2.57e+02    -  2.80e-02 2.33e-03f  6
 157  1.0626141e+00 6.68e-02 4.59e+06   0.9 6.83e+02    -  8.22e-03 3.30e-03f  4
 158  1.1481978e+00 5.22e+00 2.66e+07   0.9 9.96e+02    -  1.80e-02 2.44e-02w  1
 159  1.1563234e+00 5.23e+00 2.77e+07   0.9 2.88e+02    -  8.80e-02 1.26e-02w  1
iter    objective    inf_pr   inf_du lg(mu)  ||d||  lg(rg) alpha_du alpha_pr  ls
 160  1.1640672e+00 5.22e+00 2.77e+07   0.9 1.11e+02    -  8.36e-02 4.16e-02w  1
 161  1.0652886e+00 6.68e-02 5.11e+06   0.9 2.08e+02    -  1.80e-02 7.62e-04f  5
 162  1.0876560e+00 6.68e-02 1.16e+07   0.9 7.29e+02    -  3.21e-02 9.07e-03f  3
 163  1.0887458e+00 6.68e-02 1.13e+07   0.9 4.69e+02    -  7.08e-02 5.50e-04h  7
 164  1.0898477e+00 6.68e-02 1.13e+07   0.9 3.79e+02    -  6.42e-02 1.29e-03h  6
 165  1.0951944e+00 6.68e-02 1.14e+07   0.9 1.34e+02    -  2.12e-01 8.83e-03h  5
 166  1.1028143e+00 6.68e-02 1.14e+07   0.9 5.85e+01    -  3.55e-01 2.62e-02h  4
 167  1.1162694e+00 6.68e-02 1.40e+07   0.9 2.95e+01    -  9.88e-02 7.98e-02h  3
 168  1.1162357e+00 6.68e-02 1.37e+07   0.9 2.96e+03    -  9.78e-03 4.24e-05h  7
 169  1.1215747e+00 4.41e-01 9.82e+06   0.9 2.11e+01    -  2.23e-01 7.52e-01h  1
iter    objective    inf_pr   inf_du lg(mu)  ||d||  lg(rg) alpha_du alpha_pr  ls
 170  1.1207508e+00 2.62e-01 4.66e+06   0.9 9.70e+00    -  4.51e-01 4.22e-01h  1
 171  1.1204530e+00 2.31e-01 3.51e+06   0.9 8.42e+00    -  9.18e-01 1.20e-01h  1
 172  1.1202075e+00 1.98e-01 1.62e+06   0.9 1.01e+01    -  3.41e-01 1.53e-01h  1
 173  1.1200758e+00 1.64e-01 1.08e+06   0.9 9.82e+00    -  5.25e-01 1.86e-01h  1
 174  1.1203405e+00 1.38e-01 7.66e+05   0.9 1.23e+01    -  3.45e-01 2.21e-01h  1
 175  1.1200697e+00 1.04e-01 1.22e+06   0.9 9.19e+00    -  2.96e-01 4.37e-01h  1
 176  1.1196096e+00 6.74e-02 9.93e+05   0.9 6.84e+00    -  2.24e-01 7.27e-01h  1
 177  1.1201730e+00 6.73e-02 2.33e+06   0.9 1.23e+01    -  1.99e-01 1.65e-01H  1
 178  1.1201574e+00 6.73e-02 1.74e+06   0.9 3.27e+00    -  1.00e+00 2.96e-02h  1
 179  1.1201759e+00 6.73e-02 1.55e+06   0.9 8.00e+00    -  1.82e-01 6.10e-02f  3
iter    objective    inf_pr   inf_du lg(mu)  ||d||  lg(rg) alpha_du alpha_pr  ls
 180  1.1203530e+00 6.72e-02 1.49e+06   0.9 1.34e+01    -  8.37e-01 2.89e-02f  3
 181  1.1207871e+00 6.72e-02 1.27e+06   0.9 1.00e+01    -  1.00e+00 6.34e-02f  2
 182  1.1231953e+00 6.72e-02 1.78e+06   0.9 3.60e+01    -  1.72e-01 6.44e-02f  3
 183  1.1289343e+00 6.70e-02 1.39e+06   0.9 1.22e+01    -  1.00e+00 4.65e-01H  1
 184  1.1347692e+00 6.70e-02 1.65e+06   0.9 2.19e+01    -  1.72e-01 3.26e-01F  1
 185  1.1445998e+00 6.71e-02 3.98e+06   0.9 1.27e+01    -  7.49e-01 6.17e-01F  1
 186  1.1449788e+00 6.71e-02 3.46e+06   0.9 5.70e+00    -  1.80e-01 2.62e-02h  1
 187  1.1501982e+00 6.71e-02 2.62e+06   0.9 1.68e+01    -  4.49e-01 1.46e-01f  3
 188  1.1545926e+00 6.71e-02 2.45e+06   0.9 2.56e+01    -  1.92e-01 5.78e-02f  3
 189  1.1605672e+00 6.72e-02 1.17e+06   0.9 1.87e+01    -  1.00e+00 1.10e-01f  3
iter    objective    inf_pr   inf_du lg(mu)  ||d||  lg(rg) alpha_du alpha_pr  ls
 190  1.1631063e+00 6.72e-02 1.07e+06   0.9 1.89e+02    -  4.68e-02 3.37e-03f  4
 191  1.1662044e+00 6.72e-02 9.42e+05   0.9 6.83e+01    -  2.28e-01 2.01e-02f  4
 192  1.1770687e+00 6.72e-02 1.69e+06   0.9 8.60e+01    -  3.52e-03 5.09e-02f  2
 193  1.1834040e+00 6.72e-02 1.77e+06   0.9 8.93e+01    -  1.95e-01 1.87e-02f  2
 194  1.1955349e+00 9.14e-02 2.38e+06   0.9 1.99e+02    -  7.23e-03 9.34e-02f  1
 195  1.1999616e+00 9.03e-02 2.02e+06   0.9 5.63e+01    -  2.47e-01 1.88e-02h  2
 196  1.1987470e+00 8.10e-02 4.11e+06   0.9 4.45e+01    -  2.59e-01 1.01e-01f  2
 197  1.1975734e+00 6.72e-02 2.55e+06   0.9 9.14e+00    -  2.58e-01 4.69e-01h  1
 198  1.1986367e+00 6.72e-02 1.01e+06   0.9 2.68e+01    -  3.32e-01 7.31e-02H  1
 199  1.2021323e+00 6.72e-02 1.57e+06   0.9 8.86e+00    -  2.71e-02 7.15e-01f  1
iter    objective    inf_pr   inf_du lg(mu)  ||d||  lg(rg) alpha_du alpha_pr  ls
 200  1.2042180e+00 1.37e-01 1.12e+06   0.9 4.70e+00    -  3.08e-01 1.00e+00f  1
 201  1.2035043e+00 1.92e-01 4.32e+05   0.9 2.69e+00    -  1.00e+00 2.46e-01h  1
 202  1.2034159e+00 1.90e-01 4.20e+05   0.2 2.04e+00    -  7.19e-01 1.85e-02h  1
 203  1.1961710e+00 6.71e-02 1.02e+06   0.2 4.84e+00    -  9.76e-01 9.79e-01h  1
 204  1.1950266e+00 6.72e-02 3.75e+05   0.2 4.36e+00    -  3.18e-01 6.11e-01h  1
 205  1.1935900e+00 6.73e-02 2.34e+06   0.2 5.82e+00    -  9.49e-01 9.08e-01f  1
 206  1.1880688e+00 6.73e-02 1.52e+06   0.7 1.21e+01    -  9.74e-01 1.00e+00f  1
 207  1.1894202e+00 6.73e-02 7.10e+05   0.6 1.17e+01    -  1.00e+00 2.46e-01h  1
 208  1.1877995e+00 6.73e-02 1.15e+06   0.6 1.18e+01    -  2.32e-01 1.00e+00F  1
 209  1.1878254e+00 6.73e-02 8.25e+05   0.6 5.29e+00    -  6.75e-01 5.76e-01H  1
iter    objective    inf_pr   inf_du lg(mu)  ||d||  lg(rg) alpha_du alpha_pr  ls
 210  1.1878946e+00 6.73e-02 8.11e+05  -0.1 1.12e+01    -  4.32e-01 5.57e-03h  1
 211  1.1899900e+00 6.72e-02 4.62e+05  -1.2 5.89e+00    -  4.13e-02 4.74e-01h  1
 212  1.1901463e+00 6.72e-02 3.79e+05   0.3 1.10e+01    -  1.00e+00 3.38e-02f  1
 213  1.1908918e+00 6.72e-02 2.02e+05   1.0 1.30e+01    -  3.87e-01 4.98e-01f  1
 214  1.1922112e+00 6.72e-02 2.67e+05   0.6 7.73e+00    -  2.19e-01 4.51e-01h  1
 215  1.1940700e+00 6.72e-02 1.51e+05   0.6 1.03e+01    -  1.62e-01 4.34e-01h  1
 216  1.1940680e+00 6.72e-02 1.49e+05  -0.1 4.57e+00    -  4.67e-01 3.25e-01h  1
 217  1.1939178e+00 6.72e-02 8.11e+04  -0.1 2.25e+00    -  8.48e-01 1.91e-01h  1
 218  1.1921960e+00 6.73e-02 2.04e+05  -0.1 3.21e+00    -  1.00e+00 1.00e+00h  1
 219  1.1922904e+00 6.73e-02 3.34e+05  -0.1 3.24e+00    -  6.68e-01 2.08e-01f  1
iter    objective    inf_pr   inf_du lg(mu)  ||d||  lg(rg) alpha_du alpha_pr  ls
 220  1.1921501e+00 6.72e-02 3.08e+05  -0.1 2.62e+00    -  1.83e-02 5.07e-01f  1
 221  1.1927519e+00 6.71e-02 7.36e+05   0.5 3.87e+00    -  1.67e-01 4.90e-01f  1
 222  1.1927773e+00 6.71e-02 1.97e+05  -0.0 1.53e+00    -  6.73e-01 2.40e-02h  1
 223  1.1936853e+00 6.68e-02 1.15e+06  -0.0 5.74e+00    -  2.79e-01 1.00e+00f  1
 224  1.1944779e+00 6.68e-02 5.33e+05  -0.0 8.34e+00    -  1.44e-01 5.88e-01f  1
 225  1.1954017e+00 9.20e-02 1.46e+06  -0.0 5.61e+00    -  4.26e-01 1.00e+00f  1
 226  1.1953197e+00 8.87e-02 1.46e+06  -0.0 8.99e+00    -  7.42e-01 3.63e-02h  1
 227  1.1937590e+00 6.69e-02 2.32e+06  -0.0 9.66e+00    -  2.62e-01 4.97e-01f  1
 228  1.1936664e+00 6.70e-02 2.42e+06  -0.0 3.96e+00    -  3.34e-02 4.88e-01h  1
 229  1.1941669e+00 6.72e-02 2.95e+06  -0.0 2.42e+00    -  7.52e-01 1.00e+00f  1
iter    objective    inf_pr   inf_du lg(mu)  ||d||  lg(rg) alpha_du alpha_pr  ls
 230  1.1964011e+00 6.72e-02 2.24e+06  -0.0 4.06e+00    -  6.93e-01 1.00e+00f  1
 231  1.1953314e+00 6.72e-02 2.36e+05  -0.0 4.45e+00    -  4.72e-01 4.44e-01h  1
 232  1.1942146e+00 6.69e-02 3.87e+06  -0.0 1.87e+00    -  7.47e-01 1.00e+00f  1
 233  1.1949382e+00 6.69e-02 4.15e+06   0.2 1.15e+01    -  1.00e+00 1.28e-01f  2
 234  1.1954717e+00 6.70e-02 2.83e+06   0.1 1.39e+00    -  7.71e-01 1.00e+00f  1
 235  1.1956527e+00 6.70e-02 2.97e+06  -0.4 3.90e+00    -  1.00e+00 1.37e-01h  2
 236  1.1957812e+00 6.70e-02 1.70e+06  -0.6 4.80e+00    -  1.00e+00 3.12e-02h  6
 237  1.1958416e+00 6.70e-02 3.77e+05  -0.3 1.31e+01    -  1.00e+00 7.22e-03h  7
 238  1.1962302e+00 6.70e-02 5.26e+05  -0.4 1.05e+01    -  1.00e+00 4.97e-02h  5
 239  1.1962842e+00 6.70e-02 6.25e+05  -0.5 1.25e+01    -  1.00e+00 7.77e-03h  7
iter    objective    inf_pr   inf_du lg(mu)  ||d||  lg(rg) alpha_du alpha_pr  ls
 240  1.1963664e+00 6.70e-02 6.30e+05  -0.5 1.94e+01    -  4.20e-01 4.65e-03h  7
 241  1.1984828e+00 6.70e-02 2.64e+06  -0.5 1.05e+02    -  3.35e-02 3.48e-02f  2
 242  1.1985342e+00 6.70e-02 2.61e+06  -0.5 8.30e+00    -  1.00e+00 1.10e-02h  5
 243  1.1985772e+00 6.70e-02 2.59e+06  -0.5 9.58e+00    -  1.00e+00 7.25e-03h  7
 244  1.1986061e+00 6.70e-02 2.57e+06  -0.5 9.23e+00    -  6.70e-01 6.36e-03h  7
 245  1.1988617e+00 6.69e-02 2.50e+06  -0.5 1.99e+01    -  2.84e-01 2.13e-02h  5
 246  1.1988389e+00 6.69e-02 2.36e+06  -0.5 7.77e+00    -  5.35e-01 1.89e-02h  6
 247  1.1984882e+00 6.69e-02 2.08e+06  -0.5 1.07e+01    -  3.94e-01 2.11e-01h  1
 248  1.1988028e+00 6.69e-02 2.08e+06  -0.5 4.39e+01    -  1.34e-02 9.31e-03f  4
 249  1.1988105e+00 6.69e-02 2.04e+06  -0.5 1.92e+01    -  1.33e-01 9.69e-04h  1
iter    objective    inf_pr   inf_du lg(mu)  ||d||  lg(rg) alpha_du alpha_pr  ls
 250  1.1986473e+00 6.69e-02 1.84e+06  -0.5 1.86e+01    -  1.30e-02 7.60e-02f  3
 251  1.1984199e+00 6.69e-02 1.70e+06  -0.5 1.51e+01    -  9.75e-02 4.32e-02h  1
 252  1.1984257e+00 6.69e-02 1.43e+06  -0.5 2.01e+01    -  4.92e-01 2.91e-02h  2
 253  1.1983716e+00 6.69e-02 9.86e+05  -0.5 1.52e+01    -  1.62e-01 1.24e-01H  1
 254  1.1983202e+00 6.69e-02 9.29e+05  -0.5 3.46e+00    -  6.06e-01 7.72e-02h  1
 255  1.1992944e+00 6.69e-02 8.88e+05  -0.5 4.66e+00    -  2.88e-03 6.43e-01H  1
 256  1.1993053e+00 6.69e-02 6.85e+05  -0.5 1.71e+01    -  5.37e-01 2.41e-02h  2
 257  1.1984437e+00 6.68e-02 4.64e+05  -0.5 3.61e+00    -  1.03e-01 4.55e-01H  1
 258  1.1979776e+00 6.68e-02 3.27e+05  -0.5 7.07e+00    -  5.09e-01 1.84e-01f  3
 259  1.1967167e+00 6.68e-02 2.18e+05  -0.5 7.80e+00    -  6.81e-02 5.27e-01F  1
iter    objective    inf_pr   inf_du lg(mu)  ||d||  lg(rg) alpha_du alpha_pr  ls
 260  1.1967369e+00 6.68e-02 1.86e+05  -0.5 1.24e+01    -  3.12e-01 7.82e-03h  1
 261  1.1966422e+00 6.68e-02 8.79e+04  -0.5 2.09e+00    -  2.19e-01 6.20e-01f  1
 262  1.1965506e+00 6.68e-02 2.04e+05  -0.5 2.13e+00    -  4.28e-01 1.00e+00f  1
 263  1.1965942e+00 6.68e-02 4.77e+05  -0.7 2.19e+00    -  1.00e+00 1.00e+00f  1
 264  1.1949502e+00 1.20e-01 1.03e+06  -0.8 3.57e+01    -  1.56e-01 5.32e-01f  1
 265  1.1949920e+00 1.19e-01 1.03e+06  -0.8 7.71e+01    -  1.27e-01 3.56e-03h  1
 266  1.1955326e+00 6.68e-02 2.45e+05  -0.8 1.27e+01    -  4.52e-02 5.09e-01f  1
 267  1.1962930e+00 8.19e-02 1.15e+06  -0.8 1.85e+01    -  2.23e-02 1.00e+00f  1
 268  1.1964102e+00 7.90e-02 9.50e+05  -0.8 3.81e+01    -  2.87e-01 7.75e-02h  1
 269  1.1951258e+00 1.53e-01 6.78e+05  -0.8 7.43e+01    -  1.31e-03 2.22e-01f  1
iter    objective    inf_pr   inf_du lg(mu)  ||d||  lg(rg) alpha_du alpha_pr  ls
 270  1.1951232e+00 1.53e-01 5.65e+05  -0.8 2.15e+01    -  2.60e-01 2.62e-03h  2
 271  1.1954364e+00 9.40e-02 3.50e+05  -0.8 7.25e+00    -  1.97e-01 3.96e-01h  1
 272  1.1954287e+00 9.31e-02 3.25e+05  -0.8 2.32e+01    -  1.49e-02 9.14e-03h  1
 273  1.1950088e+00 7.02e-02 9.29e+05  -0.8 2.25e+01    -  6.84e-02 3.20e-01f  2
 274  1.1950489e+00 6.67e-02 8.10e+05  -0.8 4.51e+00    -  1.00e+00 1.25e-01h  1
 275  1.1947716e+00 6.67e-02 4.38e+05  -0.8 1.06e+01    -  4.96e-01 5.64e-01h  1
 276  1.1948364e+00 6.67e-02 1.54e+05  -0.8 1.02e+01    -  1.00e+00 1.80e-01h  1
 277  1.1949845e+00 6.67e-02 1.27e+05  -0.8 5.13e+00    -  1.64e-01 5.84e-01h  1
 278  1.1949820e+00 6.67e-02 4.79e+05  -0.8 1.99e+00    -  1.41e-01 1.00e+00f  1
 279  1.1949534e+00 6.67e-02 5.54e+04  -0.4 2.94e+00    -  1.00e+00 2.08e-01h  1
iter    objective    inf_pr   inf_du lg(mu)  ||d||  lg(rg) alpha_du alpha_pr  ls
 280  1.1951450e+00 6.67e-02 4.84e+04  -1.6 1.45e+00    -  8.46e-01 9.34e-01h  1
 281  1.1951689e+00 6.67e-02 3.02e+05  -2.1 2.40e+00    -  7.67e-01 3.21e-01H  1
 282  1.1951896e+00 6.67e-02 2.57e+05  -7.6 3.15e+00    -  7.76e-02 1.46e-01h  1
 283  1.1951899e+00 6.67e-02 2.68e+05  -0.3 1.91e+01    -  1.44e-02 2.45e-04h  1
 284  1.1954429e+00 6.67e-02 1.89e+05  -1.6 1.06e+00    -  5.76e-03 1.00e+00f  1
 285  1.1954471e+00 6.67e-02 2.24e+05  -1.6 3.94e-01    -  5.05e-01 1.00e+00h  1
 286  1.1954511e+00 6.67e-02 7.99e+04  -1.6 1.11e+00    -  9.34e-01 3.74e-02h  2
 287  1.1957462e+00 6.66e-02 7.43e+05  -1.7 3.15e+00    -  2.82e-01 1.00e+00f  1
 288  1.1959395e+00 6.67e-02 6.60e+05  -1.7 1.39e+00    -  5.58e-02 8.19e-01h  1
 289  1.1959257e+00 6.67e-02 1.05e+06  -1.7 3.27e+00    -  2.92e-02 1.00e+00f  1
iter    objective    inf_pr   inf_du lg(mu)  ||d||  lg(rg) alpha_du alpha_pr  ls
 290  1.1959632e+00 6.67e-02 5.55e+05  -1.7 1.50e+01    -  5.74e-01 2.58e-01h  1
 291  1.1960530e+00 6.66e-02 1.85e+05  -1.7 2.84e+00    -  5.49e-01 1.00e+00h  1
 292  1.1960374e+00 6.66e-02 2.31e+05  -1.7 1.32e+00    -  3.92e-01 2.35e-01h  1
 293  1.1957934e+00 6.66e-02 1.05e+06  -1.7 1.15e+01    -  6.06e-02 1.00e+00f  1
 294  1.1956216e+00 6.66e-02 7.79e+05  -1.7 8.51e+00    -  2.01e-01 2.33e-01h  2
 295  1.1951827e+00 6.66e-02 9.49e+05  -1.7 4.32e+01    -  2.08e-02 8.21e-02h  2
 296  1.1951818e+00 6.66e-02 6.54e+05  -1.7 8.04e+00    -  3.84e-01 1.29e-02h  5
 297  1.1951801e+00 6.66e-02 6.16e+05  -1.7 1.78e+01    -  5.95e-02 1.21e-03h  4
 298  1.1950866e+00 6.66e-02 5.44e+05  -1.7 3.25e+01    -  8.46e-02 6.06e-02h  2
 299  1.1950943e+00 6.66e-02 4.82e+05  -1.7 1.88e+01    -  4.22e-02 2.69e-02f  2
iter    objective    inf_pr   inf_du lg(mu)  ||d||  lg(rg) alpha_du alpha_pr  ls
 300  1.1950883e+00 6.66e-02 4.97e+05  -1.7 2.82e+01    -  2.68e-01 9.13e-03h  2
 301  1.1951424e+00 6.66e-02 8.87e+04  -1.7 1.52e+01    -  2.27e-01 2.26e-01h  2
 302  1.1951400e+00 6.66e-02 1.12e+05  -1.7 1.95e+01    -  2.95e-01 4.38e-03h  2
 303  1.1952370e+00 6.66e-02 2.11e+05  -1.7 5.77e+00    -  7.96e-01 1.64e-01h  3
 304  1.1954106e+00 6.66e-02 1.76e+05  -1.7 7.98e+00    -  5.26e-01 2.58e-01w  1
 305  1.1954271e+00 6.66e-02 2.58e+05  -1.7 5.28e+00    -  2.32e-01 1.02e-02w  1
 306  1.1955689e+00 6.66e-02 1.06e+05  -1.7 4.42e+00    -  2.25e-02 3.27e-01w  1
 307  1.1952804e+00 6.66e-02 3.48e+05  -1.7 8.71e+00    -  5.26e-01 6.46e-02h  2
 308  1.1952805e+00 6.66e-02 4.39e+05  -1.7 1.50e+01    -  3.95e-01 1.30e-03h  3
 309  1.1952889e+00 6.66e-02 4.31e+05  -1.7 5.21e+00    -  1.09e-01 1.18e-02h  4
iter    objective    inf_pr   inf_du lg(mu)  ||d||  lg(rg) alpha_du alpha_pr  ls
 310  1.1954996e+00 6.66e-02 4.77e+05  -1.7 6.23e+00    -  6.21e-01 2.19e-01h  1
 311  1.1955222e+00 6.66e-02 4.36e+05  -1.7 7.35e+00    -  4.86e-02 5.57e-02h  1
 312  1.1958078e+00 6.66e-02 3.35e+05  -1.7 1.62e+01    -  1.43e-02 1.56e-01f  1
 313  1.1957979e+00 6.66e-02 2.88e+05  -1.7 7.23e+01    -  2.40e-02 1.20e-02h  1
 314  1.1961074e+00 6.66e-02 2.66e+05  -1.7 9.89e+00    -  6.49e-01 2.93e-01f  1
 315  1.1977626e+00 6.66e-02 3.98e+06  -1.7 2.65e+02    -  1.62e-02 4.40e-02f  2
 316  1.1976040e+00 6.66e-02 3.43e+06  -1.7 6.25e+00    -  1.00e+00 1.68e-01h  2
 317  1.1974408e+00 6.66e-02 2.44e+06  -1.7 4.60e+00    -  1.00e+00 2.46e-01h  2
 318  1.1973995e+00 6.66e-02 2.20e+06  -1.7 2.57e+00    -  1.00e+00 1.24e-01h  2
 319  1.1973753e+00 6.66e-02 1.89e+06  -1.7 2.93e+00    -  8.25e-01 6.42e-02h  3
iter    objective    inf_pr   inf_du lg(mu)  ||d||  lg(rg) alpha_du alpha_pr  ls
 320  1.1973716e+00 6.66e-02 7.56e+05  -1.7 1.81e+00    -  1.00e+00 5.74e-01h  1
 321  1.1969865e+00 6.66e-02 9.72e+04  -1.7 3.77e+00    -  1.76e-01 1.00e+00h  1
 322  1.1970781e+00 6.66e-02 1.37e+05  -1.7 1.51e+01    -  1.86e-01 3.62e-02h  1
 323  1.1972369e+00 6.66e-02 1.24e+05  -1.7 4.18e+00    -  5.61e-01 4.16e-01F  1
 324  1.1976830e+00 6.66e-02 1.35e+05  -1.7 1.49e+01    -  3.00e-01 2.53e-01f  2
 325  1.1978787e+00 6.66e-02 1.98e+05  -1.7 4.61e+01    -  2.46e-01 5.01e-02h  2
 326  1.2013731e+00 1.01e-01 2.70e+05  -1.7 1.47e+02    -  8.87e-02 2.01e-01f  1
 327  1.2014025e+00 1.01e-01 2.68e+05  -1.7 5.27e+02    -  9.23e-02 2.81e-04h  2
 328  1.2018913e+00 1.00e-01 2.86e+05  -1.7 3.10e+02    -  4.34e-02 9.34e-03h  1
 329  1.2021139e+00 1.00e-01 2.77e+05  -1.7 3.31e+03    -  5.93e-03 4.14e-04h  3
iter    objective    inf_pr   inf_du lg(mu)  ||d||  lg(rg) alpha_du alpha_pr  ls
 330  1.2022844e+00 1.00e-01 2.64e+05  -1.7 6.83e+02    -  7.99e-02 1.56e-03h  3
 331  1.2025545e+00 1.44e-01 1.62e+06  -1.7 3.02e+02    -  2.04e-02 9.03e-02F  1
 332  1.2025988e+00 1.39e-01 1.60e+06  -1.7 1.91e+01    -  3.09e-01 3.36e-02h  2
 333  1.2026110e+00 1.38e-01 1.47e+06  -1.7 1.67e+01    -  1.78e-01 1.12e-02h  3
 334  1.2026322e+00 1.34e-01 1.51e+06  -1.7 4.99e+01    -  4.79e-02 2.36e-02h  2
 335  1.2026406e+00 1.34e-01 1.20e+06  -1.7 2.15e+02    -  3.95e-02 3.05e-03h  1
 336  1.2027517e+00 1.27e-01 1.11e+06  -1.7 1.92e+01    -  1.25e-02 5.66e-02f  1
 337  1.2027619e+00 1.24e-01 1.18e+06  -1.7 4.40e+01    -  2.68e-02 1.65e-02h  1
 338  1.2026245e+00 1.22e-01 9.52e+05  -1.7 1.27e+02    -  1.99e-03 2.76e-02f  1
 339  1.2025876e+00 8.04e-02 1.33e+06  -1.7 1.93e+01    -  5.95e-01 3.81e-01f  1
iter    objective    inf_pr   inf_du lg(mu)  ||d||  lg(rg) alpha_du alpha_pr  ls
 340  1.2035647e+00 6.66e-02 1.11e+06  -1.7 3.20e+01    -  1.09e-01 3.71e-01h  1
 341  1.2035676e+00 6.66e-02 1.10e+06  -1.7 8.91e+00    -  1.00e+00 8.48e-03h  1
 342  1.2030803e+00 8.37e-02 1.62e+06  -1.7 5.53e+01    -  1.95e-01 2.97e-01h  1
 343  1.2035807e+00 6.66e-02 1.17e+06  -1.7 1.30e+01    -  7.13e-01 2.37e-01h  1
 344  1.2036909e+00 6.66e-02 9.69e+05  -1.7 7.83e+00    -  1.24e-01 1.03e-01h  1
 345  1.2038324e+00 6.66e-02 1.23e+06  -1.7 1.06e+02    -  1.05e-02 5.72e-02f  1
 346  1.2039134e+00 6.66e-02 1.09e+06  -1.7 6.76e+00    -  5.36e-01 7.96e-02h  1
 347  1.2050962e+00 6.66e-02 1.20e+06  -1.7 6.99e+00    -  1.69e-01 7.82e-01f  1
 348  1.2048828e+00 6.66e-02 5.60e+05  -1.7 6.71e+00    -  1.07e-01 1.00e+00f  1
 349  1.2046585e+00 6.66e-02 8.27e+05  -1.7 1.20e+01    -  7.96e-01 2.14e-01h  1
iter    objective    inf_pr   inf_du lg(mu)  ||d||  lg(rg) alpha_du alpha_pr  ls
 350  1.2046972e+00 6.66e-02 4.95e+05  -1.7 2.23e+01    -  9.45e-01 1.13e-01h  2
 351  1.2046704e+00 6.66e-02 2.32e+05  -1.7 4.02e+00    -  1.00e+00 5.22e-01h  1
 352  1.2045486e+00 6.66e-02 1.45e+05  -1.7 3.23e+01    -  3.18e-01 5.47e-02h  3
 353  1.2049215e+00 6.66e-02 1.63e+06  -1.7 2.72e+01    -  2.53e-01 2.97e-01H  1
 354  1.2047721e+00 6.66e-02 1.66e+06  -1.7 2.22e+01    -  3.32e-03 1.48e-01f  3
 355  1.2047775e+00 6.66e-02 1.66e+06  -1.7 8.92e+01    -  5.86e-02 3.08e-04h  9
 356  1.2047778e+00 6.66e-02 1.67e+06  -1.7 6.50e+00    -  7.19e-01 1.89e-02h  2
 357  1.2052495e+00 6.66e-02 7.52e+05  -1.7 6.97e+00    -  3.31e-01 5.69e-01h  1
 358  1.2052074e+00 6.66e-02 3.55e+05  -1.7 6.01e+00    -  5.35e-01 1.93e-01f  2
 359  1.2052650e+00 6.66e-02 4.47e+05  -1.7 5.99e+00    -  1.00e+00 1.76e-01h  2
iter    objective    inf_pr   inf_du lg(mu)  ||d||  lg(rg) alpha_du alpha_pr  ls
 360  1.2047853e+00 6.66e-02 7.43e+04  -1.7 1.82e+01    -  5.26e-02 1.76e-01h  1
 361  1.2047860e+00 6.66e-02 1.06e+05  -1.7 9.66e+00    -  2.81e-01 1.49e-03h  4
 362  1.2047870e+00 6.66e-02 9.99e+04  -1.7 2.03e+01    -  7.94e-02 6.89e-04h  6
 363  1.2048254e+00 6.66e-02 6.86e+04  -1.7 1.84e+01    -  5.98e-01 2.25e-02h  3
 364  1.2048503e+00 6.66e-02 6.87e+04  -1.7 2.91e+02    -  6.59e-02 7.64e-04h  6
 365  1.2049202e+00 6.66e-02 3.60e+04  -1.7 4.19e+01    -  1.25e-01 5.58e-02h  2
 366  1.2049256e+00 6.66e-02 3.17e+04  -1.7 4.28e+02    -  4.18e-02 1.85e-04h  7
 367  1.2049310e+00 6.66e-02 3.27e+04  -1.7 2.96e+02    -  2.08e-02 4.39e-04h  6
 368  1.2049395e+00 6.66e-02 5.04e+04  -1.7 1.58e+02    -  4.23e-01 1.91e-03h  5
 369  1.2048547e+00 6.66e-02 3.63e+04  -1.7 1.11e+02    -  4.01e-03 2.45e-02f  4
iter    objective    inf_pr   inf_du lg(mu)  ||d||  lg(rg) alpha_du alpha_pr  ls
 370  1.2046271e+00 1.23e-01 2.85e+05  -1.7 4.63e+01    -  2.40e-01 1.48e-01f  2
 371  1.2045955e+00 1.18e-01 2.26e+05  -1.7 6.19e+01    -  1.22e-01 5.27e-02w  1
 372  1.2045597e+00 1.16e-01 3.37e+05  -1.7 7.08e+01    -  1.07e-01 2.20e-02w  1
 373  1.2047289e+00 7.38e-02 2.06e+05  -1.7 1.20e+01    -  2.67e-02 3.99e-01w  1
 374  1.2046113e+00 1.21e-01 2.56e+05  -1.7 3.73e+01    -  1.22e-01 2.64e-02h  1
 375  1.2046086e+00 1.20e-01 2.32e+05  -1.7 1.36e+02    -  3.51e-01 5.05e-03h  4
 376  1.2045850e+00 1.17e-01 1.54e+05  -1.7 8.17e+01    -  2.63e-01 2.46e-02h  4
 377  1.2045895e+00 1.13e-01 1.45e+05  -1.7 1.60e+01    -  9.40e-01 3.28e-02h  5
 378  1.2047677e+00 1.02e-01 3.07e+05  -1.7 4.01e+01    -  1.16e-01 9.54e-02h  2
 379  1.2048543e+00 6.66e-02 3.44e+05  -1.7 5.62e+00    -  4.67e-01 8.70e-01h  1
iter    objective    inf_pr   inf_du lg(mu)  ||d||  lg(rg) alpha_du alpha_pr  ls
 380  1.2048515e+00 6.66e-02 3.13e+05  -1.7 1.28e+01    -  5.99e-01 5.29e-03h  4
 381  1.2048515e+00 6.66e-02 3.01e+05  -1.7 4.60e+00    -  9.45e-01 9.82e-03h  6
 382  1.2050162e+00 6.66e-02 6.94e+05  -1.7 3.00e+00    -  1.00e+00 1.00e+00h  1
 383  1.2049449e+00 6.66e-02 5.60e+05  -1.7 1.38e+01    -  1.37e-01 1.06e-01h  2
 384  1.2049495e+00 6.66e-02 5.26e+05  -1.7 3.88e+01    -  5.35e-02 1.63e-02h  2
 385  1.2049577e+00 6.66e-02 4.45e+05  -1.7 7.39e+00    -  4.21e-01 1.77e-02h  2
 386  1.2049339e+00 6.66e-02 4.06e+05  -1.7 3.77e+01    -  1.48e-01 1.03e-02h  2
 387  1.2049305e+00 6.66e-02 3.37e+05  -1.7 4.16e+00    -  1.00e+00 2.03e-02h  2
 388  1.2049058e+00 6.66e-02 3.91e+05  -1.7 4.45e+01    -  1.77e-01 4.75e-03h  3
 389  1.2049082e+00 6.66e-02 3.76e+05  -1.7 3.41e+01    -  2.02e-01 6.10e-03h  4
iter    objective    inf_pr   inf_du lg(mu)  ||d||  lg(rg) alpha_du alpha_pr  ls
 390  1.2049779e+00 6.66e-02 3.92e+05  -1.7 1.16e+01    -  7.16e-01 1.59e-01h  1
 391  1.2051415e+00 6.66e-02 4.37e+05  -1.7 1.26e+01    -  5.39e-01 1.70e-01f  2
 392  1.2049376e+00 6.66e-02 3.75e+05  -1.7 3.07e+00    -  2.94e-01 2.58e-01h  1
 393  1.2049425e+00 6.66e-02 3.11e+05  -1.7 4.20e+00    -  7.96e-02 1.60e-01h  1
 394  1.2050850e+00 6.66e-02 1.56e+05  -1.7 9.40e+00    -  4.78e-02 1.98e-01f  1
 395  1.2051514e+00 6.66e-02 2.25e+05  -1.7 7.85e+01    -  1.82e-02 8.52e-03h  3
 396  1.2051526e+00 6.66e-02 2.39e+05  -1.7 2.41e+01    -  2.12e-01 7.77e-04h  5
 397  1.2049155e+00 6.66e-02 3.04e+04  -1.7 5.64e+00    -  4.66e-01 1.00e+00h  1
 398  1.2049056e+00 6.66e-02 4.16e+04  -1.7 6.17e+01    -  4.44e-02 4.81e-03h  4
 399  1.2048968e+00 6.66e-02 8.37e+04  -1.7 5.40e+00    -  9.05e-01 1.20e-01h  1
iter    objective    inf_pr   inf_du lg(mu)  ||d||  lg(rg) alpha_du alpha_pr  ls
 400  1.2048937e+00 6.66e-02 8.30e+04  -1.7 1.18e+01    -  1.00e+00 4.18e-02h  2
 401  1.2047523e+00 6.66e-02 9.45e+04  -1.7 1.95e+00    -  6.64e-01 4.38e-01h  1
 402  1.2046928e+00 6.66e-02 1.98e+05  -1.7 9.81e+00    -  5.96e-01 3.53e-01H  1
 403  1.2048215e+00 6.66e-02 5.51e+04  -1.7 1.50e+00    -  7.58e-01 1.00e+00f  1
 404  1.2047912e+00 6.66e-02 3.39e+04  -1.7 7.32e-01    -  4.90e-01 1.00e+00h  1
 405  1.2045836e+00 6.66e-02 4.22e+05  -7.7 3.02e+00    -  3.07e-01 6.19e-01h  1
 406  1.2047696e+00 6.66e-02 3.19e+04  -2.0 1.55e+00    -  1.00e+00 1.00e+00f  1
 407  1.2049144e+00 6.66e-02 2.06e+05  -2.0 3.76e+00    -  4.64e-01 4.79e-01H  1
 408  1.2049023e+00 6.66e-02 1.07e+05  -2.0 6.80e-01    -  1.00e+00 1.00e+00f  1
 409r 1.2049023e+00 6.66e-02 1.00e+03  -1.2 0.00e+00    -  0.00e+00 3.27e-07R 18
iter    objective    inf_pr   inf_du lg(mu)  ||d||  lg(rg) alpha_du alpha_pr  ls
 410r 1.2045299e+00 6.76e-02 4.80e+02  -0.6 1.34e+02    -  5.20e-01 1.76e-02f  1
 411r 1.2011641e+00 6.76e-02 2.38e+02  -1.1 7.70e+00    -  5.05e-01 4.53e-01f  1
 412r 1.1952925e+00 6.76e-02 1.43e+02  -1.1 7.23e+00    -  4.32e-01 1.00e+00f  1
 413r 1.1887174e+00 6.72e-02 6.49e+01  -1.1 5.76e+00    -  7.65e-01 1.00e+00f  1
 414r 1.1895500e+00 6.74e-02 4.84e+01  -1.5 3.53e+00    -  7.14e-01 6.11e-01f  1
 415r 1.1892827e+00 6.75e-02 3.73e+01  -1.5 5.80e+00    -  3.31e-01 3.13e-01f  1
 416r 1.1895162e+00 6.75e-02 7.79e+00  -7.4 2.22e+00    -  6.91e-01 1.72e-01f  1
 417r 1.1897658e+00 6.76e-02 2.91e+00  -3.2 1.92e+00    -  5.05e-01 7.37e-01f  1
 418r 1.1887263e+00 6.77e-02 6.76e+00  -1.3 5.56e+01    -  1.41e-01 4.55e-02f  1
 419r 1.1891719e+00 6.77e-02 2.61e+00  -2.0 9.18e+00    -  4.19e-01 1.26e-01f  1
iter    objective    inf_pr   inf_du lg(mu)  ||d||  lg(rg) alpha_du alpha_pr  ls
 420r 1.1882812e+00 6.77e-02 9.98e+00  -2.0 1.90e+01    -  8.74e-02 2.81e-01f  1
 421r 1.1889204e+00 6.77e-02 3.95e+00  -2.0 4.03e+00    -  8.34e-01 5.51e-01h  1
 422r 1.1900272e+00 6.77e-02 1.66e+00  -8.0 2.49e+00    -  7.86e-01 6.07e-01f  1
 423r 1.1822136e+00 6.77e-02 6.46e+00  -2.5 1.45e+01    -  9.70e-01 1.00e+00f  1
 424r 1.1850891e+00 9.59e-01 2.17e+01  -2.3 1.82e+01    -  1.00e+00 8.28e-01h  1
 425r 1.1827005e+00 2.60e-01 5.43e+00  -2.4 1.37e+01    -  7.76e-01 1.00e+00h  1
 426r 1.1833058e+00 4.67e-01 5.62e+00  -2.4 1.81e+01    -  7.85e-01 5.46e-01H  1
 427r 1.1801341e+00 6.77e-02 2.00e+00  -2.4 1.01e+01    -  3.46e-01 9.19e-01h  1
 428r 1.1819755e+00 6.77e-02 1.64e+00  -2.4 1.62e+01    -  7.55e-01 5.35e-01H  1
 429r 1.1781682e+00 6.77e-02 3.92e+00  -2.4 5.50e+00    -  1.00e+00 1.00e+00f  1
iter    objective    inf_pr   inf_du lg(mu)  ||d||  lg(rg) alpha_du alpha_pr  ls
 430r 1.1786126e+00 6.77e-02 6.89e+00  -2.4 4.04e+00    -  1.00e+00 1.00e+00h  1
 431r 1.1807125e+00 6.77e-02 1.92e+00  -2.4 4.24e+00    -  1.00e+00 1.00e+00h  1
 432r 1.1791103e+00 6.77e-02 2.12e+00  -2.4 5.24e+00    -  1.00e+00 5.00e-01h  2
 433r 1.1782836e+00 6.77e-02 5.64e+00  -2.4 3.32e+00    -  1.00e+00 1.00e+00h  1
 434r 1.1789295e+00 6.77e-02 9.47e-01  -2.4 2.35e+00    -  1.00e+00 1.00e+00h  1
 435r 1.1808263e+00 6.77e-02 6.12e-01  -3.4 1.66e+00    -  1.00e+00 9.70e-01f  1
 436r 1.1854092e+00 6.77e-02 1.06e+00  -3.5 3.22e+00    -  1.00e+00 1.00e+00h  1
 437r 1.1916557e+00 6.77e-02 6.31e+00  -3.8 9.67e+00    -  1.00e+00 1.00e+00h  1
 438r 1.1899525e+00 6.77e-02 3.20e-01  -3.9 7.06e+00    -  1.00e+00 1.00e+00h  1
 439r 1.1905654e+00 6.77e-02 1.50e-01  -4.4 1.46e+00    -  1.00e+00 1.00e+00h  1
iter    objective    inf_pr   inf_du lg(mu)  ||d||  lg(rg) alpha_du alpha_pr  ls
 440r 1.1945307e+00 6.77e-02 3.68e-01  -4.9 3.57e+00    -  1.00e+00 1.00e+00h  1
 441r 1.1933385e+00 6.77e-02 2.19e-01  -5.7 4.03e+00    -  8.30e-01 5.43e-01h  1
 442r 1.1925237e+00 6.77e-02 1.01e-01  -5.0 2.09e+00    -  1.00e+00 1.00e+00h  1
 443r 1.1943259e+00 6.77e-02 5.02e-02  -5.2 1.56e+00    -  1.00e+00 1.00e+00h  1
 444r 1.1961695e+00 6.77e-02 2.38e-02  -5.8 1.95e+00    -  1.00e+00 1.00e+00h  1
 445r 1.1914565e+00 6.77e-02 5.39e-01  -5.4 3.35e+00    -  1.00e+00 1.00e+00h  1
 446r 1.1935747e+00 6.77e-02 9.16e-02  -5.5 6.32e+00    -  1.00e+00 5.51e-01h  1
 447r 1.1978390e+00 6.77e-02 7.05e-02  -5.5 3.91e+00    -  1.70e-02 6.87e-01H  1
 448r 1.1941569e+00 6.77e-02 4.16e-01  -5.5 4.76e+00    -  8.29e-01 1.00e+00f  1
 449r 1.1953460e+00 6.77e-02 3.93e-01  -5.5 4.49e+00    -  1.00e+00 1.00e+00h  1
iter    objective    inf_pr   inf_du lg(mu)  ||d||  lg(rg) alpha_du alpha_pr  ls
 450r 1.1970783e+00 6.77e-02 8.12e-02  -5.5 4.27e+00    -  6.70e-01 8.51e-01H  1
 451r 1.1945411e+00 6.77e-02 1.64e-01  -5.5 3.06e+00    -  5.23e-03 1.00e+00f  1
 452r 1.1956872e+00 6.77e-02 1.50e-02  -5.5 2.15e+00    -  1.00e+00 1.00e+00h  1
 453r 1.1955914e+00 6.77e-02 5.32e-02  -5.5 1.13e+00    -  1.00e+00 1.00e+00h  1
 454r 1.1983875e+00 6.77e-02 8.97e-02  -6.1 3.38e+00    -  1.00e+00 1.00e+00h  1
 455r 1.1974270e+00 6.77e-02 2.27e-01  -5.8 2.49e+00    -  1.00e+00 1.00e+00h  1
 456r 1.1960106e+00 6.77e-02 1.38e-01  -6.5 3.70e+00    -  8.67e-01 7.43e-01h  1
 457r 1.1956525e+00 6.77e-02 1.12e-01  -5.9 6.52e+00    -  1.00e+00 3.50e-01h  1
 458r 1.1979928e+00 6.77e-02 4.36e-03  -6.1 5.54e+00    -  1.00e+00 7.70e-01H  1
 459r 1.1991610e+00 6.77e-02 4.62e-02  -6.3 2.88e+00    -  1.00e+00 1.00e+00h  1
iter    objective    inf_pr   inf_du lg(mu)  ||d||  lg(rg) alpha_du alpha_pr  ls
 460r 1.1956788e+00 7.11e-02 4.82e-02  -6.0 6.21e+00    -  7.12e-01 9.39e-01h  1
 461r 1.1950577e+00 6.77e-02 3.64e-02  -6.1 4.24e+00    -  1.00e+00 5.11e-01h  1
 462r 1.1974220e+00 6.77e-02 2.17e-01  -6.1 3.13e+01    -  3.42e-01 2.37e-01h  2
 463r 1.1982023e+00 6.77e-02 4.57e-02  -6.1 1.14e+01    -  1.00e+00 1.05e-01h  2
 464r 1.1974051e+00 6.77e-02 3.77e-03  -6.1 7.00e+00    -  6.33e-01 4.31e-01h  2
 465r 1.1967068e+00 6.77e-02 1.37e-02  -6.1 6.42e+00    -  1.00e+00 4.56e-01h  2
 466r 1.1971637e+00 6.77e-02 1.58e-02  -6.1 2.54e+00    -  1.00e+00 5.76e-01h  1
 467r 1.1965787e+00 6.77e-02 5.95e-02  -6.1 1.71e+00    -  1.00e+00 1.00e+00h  1
 468r 1.1981404e+00 6.77e-02 2.23e-02  -6.8 1.66e+00    -  1.00e+00 1.00e+00h  1
 469r 1.1956116e+00 6.77e-02 2.72e-01  -6.2 3.26e+00    -  1.00e+00 1.00e+00h  1
iter    objective    inf_pr   inf_du lg(mu)  ||d||  lg(rg) alpha_du alpha_pr  ls
 470r 1.1967266e+00 6.77e-02 6.91e-02  -6.3 2.21e+00    -  1.00e+00 8.33e-01h  1
 471r 1.1985947e+00 6.77e-02 7.48e-02  -6.3 1.01e+01    -  2.70e-01 2.65e-01f  2
 472r 1.1984561e+00 6.77e-02 5.82e-02  -6.3 2.94e+00    -  1.00e+00 2.07e-01h  1
 473r 1.1978150e+00 6.77e-02 5.07e-03  -6.3 2.78e+00    -  1.00e+00 1.00e+00h  1
 474r 1.1983277e+00 6.77e-02 4.29e-02  -6.3 5.82e+00    -  1.00e+00 4.45e-01h  1
 475r 1.1986283e+00 6.77e-02 4.43e-03  -6.3 3.15e+00    -  4.53e-01 6.08e-01H  1
 476r 1.2017792e+00 1.54e-01 4.32e-02  -6.9 7.44e+00    -  4.02e-03 1.00e+00h  1
 477r 1.1994985e+00 6.77e-02 5.76e-01  -6.8 6.52e+00    -  1.00e+00 1.00e+00h  1
 478r 1.1982398e+00 6.77e-02 2.49e-01  -6.9 8.12e+00    -  1.91e-01 2.94e-01h  1
 479r 1.1968094e+00 6.77e-02 2.16e-02  -5.9 4.00e+00    -  1.00e+00 9.25e-01f  1
iter    objective    inf_pr   inf_du lg(mu)  ||d||  lg(rg) alpha_du alpha_pr  ls
 480r 1.1971876e+00 6.77e-02 3.72e-02  -6.0 1.15e+01    -  1.00e+00 2.57e-01h  2
 481r 1.1971596e+00 6.77e-02 2.58e-02  -6.0 7.03e+00    -  1.57e-01 7.03e-02H  1
 482r 1.1971163e+00 6.77e-02 5.36e-02  -6.0 3.39e+00    -  7.76e-01 2.51e-01h  1
 483r 1.1969955e+00 6.77e-02 1.34e-01  -6.0 9.23e+00    -  2.28e-01 5.00e-01f  2
 484r 1.1995175e+00 6.77e-02 4.88e-02  -6.0 3.76e+00    -  1.00e+00 1.00e+00h  1
 485r 1.1982327e+00 6.77e-02 1.12e-01  -6.0 2.70e+00    -  1.00e+00 8.63e-01h  1
 486r 1.1972251e+00 6.77e-02 3.12e-02  -6.0 4.82e+00    -  8.96e-01 3.09e-01h  2
 487r 1.1972279e+00 6.77e-02 2.99e-02  -6.0 2.96e+00    -  3.22e-01 6.87e-03h  1
 488r 1.1978138e+00 6.77e-02 3.23e-03  -6.0 8.84e-01    -  1.00e+00 1.00e+00f  1
 489r 1.1985320e+00 6.77e-02 1.49e-02  -6.3 7.55e-01    -  1.00e+00 1.00e+00h  1
iter    objective    inf_pr   inf_du lg(mu)  ||d||  lg(rg) alpha_du alpha_pr  ls
 490r 1.1988467e+00 6.77e-02 6.38e-03  -6.5 4.64e-01    -  8.89e-01 9.92e-01h  1
 491r 1.1990381e+00 6.77e-02 4.34e-03  -7.1 1.17e-02  -4.0 1.00e+00 1.00e+00h  1
 492r 1.1994491e+00 6.77e-02 9.46e-03  -7.4 8.68e-01    -  1.00e+00 1.00e+00h  1
 493r 1.2001828e+00 6.77e-02 8.27e-03  -8.2 4.23e-01    -  1.00e+00 1.00e+00h  1
 494r 1.2002357e+00 6.77e-02 7.60e-02  -7.5 1.46e+00    -  9.40e-01 9.47e-01h  1
 495r 1.2001423e+00 6.77e-02 5.16e-02  -7.6 9.54e-01    -  8.73e-01 2.99e-01h  1
 496r 1.2002969e+00 6.77e-02 1.04e-02  -7.6 3.23e-01    -  1.00e+00 1.00e+00f  1
 497r 1.2007428e+00 6.77e-02 5.82e-03  -7.9 1.10e+00    -  1.00e+00 9.90e-01h  1
 498r 1.2007240e+00 6.77e-02 4.39e-04  -8.0 6.26e-01    -  9.77e-01 1.00e+00h  1
 499r 1.2006285e+00 6.77e-02 4.95e-04  -8.0 3.30e-01    -  1.00e+00 1.00e+00h  1
iter    objective    inf_pr   inf_du lg(mu)  ||d||  lg(rg) alpha_du alpha_pr  ls
 500r 1.2011980e+00 6.77e-02 1.06e-03  -9.0 3.69e-01    -  1.00e+00 1.00e+00h  1
 501r 1.2013899e+00 1.61e-01 1.94e-02  -8.4 1.02e+01    -  4.65e-01 6.50e-01h  1
 502r 1.2008542e+00 1.44e-01 1.12e-02  -8.7 4.43e+01    -  4.58e-02 6.03e-02h  1
 503r 1.2013784e+00 6.77e-02 1.01e-01  -8.7 2.64e+00    -  1.00e+00 5.69e-01h  1
 504r 1.2018713e+00 6.77e-02 8.76e-02  -8.7 1.49e+01    -  4.62e-02 1.21e-01h  1
 505r 1.2014782e+00 6.77e-02 6.60e-02  -8.7 1.71e+01    -  1.10e-01 1.78e-01h  1
 506r 1.2014721e+00 6.77e-02 5.90e-02  -8.7 5.94e-02  -4.5 7.37e-02 5.68e-02h  1
 507r 1.2014939e+00 6.77e-02 2.93e-03  -8.7 1.29e+00    -  4.61e-01 1.00e+00h  1
 508r 1.2012820e+00 6.77e-02 6.45e-03  -8.7 2.86e+00    -  9.48e-02 5.00e-01h  2
 509r 1.2013227e+00 6.77e-02 5.93e-03  -8.7 4.13e+01    -  3.07e-01 5.92e-03h  7
iter    objective    inf_pr   inf_du lg(mu)  ||d||  lg(rg) alpha_du alpha_pr  ls
 510r 1.2012750e+00 6.77e-02 5.58e-03  -8.7 1.02e+01    -  2.42e-01 1.26e-02h  6
 511r 1.2014020e+00 6.77e-02 6.00e-03  -8.7 6.31e+00    -  3.82e-01 2.40e-02h  4
 512r 1.2012234e+00 6.77e-02 1.06e-02  -8.7 2.66e+00    -  1.00e+00 1.00e+00H  1
 513r 1.2002804e+00 6.77e-02 3.39e-03  -8.4 1.15e+00    -  6.39e-01 5.93e-01h  1
 514r 1.2012414e+00 6.77e-02 2.35e-02  -8.6 1.22e+00    -  9.22e-01 7.17e-01h  1
 515r 1.2019935e+00 6.77e-02 3.85e-03  -8.6 1.60e+01    -  1.83e-01 6.59e-02h  1
 516r 1.2017462e+00 6.77e-02 1.41e-02  -8.6 1.39e+01    -  3.48e-01 4.37e-01h  1
 517r 1.2016591e+00 6.77e-02 1.30e-02  -8.6 4.85e+00    -  1.39e-03 2.24e-02h  6
 518r 1.2027841e+00 6.77e-02 2.64e-02  -8.6 8.92e+01    -  2.30e-02 6.41e-02h  1
 519r 1.2025124e+00 6.77e-02 2.01e-02  -8.6 2.69e+01    -  7.29e-02 6.95e-02h  3
iter    objective    inf_pr   inf_du lg(mu)  ||d||  lg(rg) alpha_du alpha_pr  ls
 520r 1.2022846e+00 6.77e-02 3.23e-02  -8.6 2.73e+01    -  8.06e-02 7.79e-02h  2
 521r 1.2018266e+00 6.77e-02 1.44e-02  -8.6 1.24e+01    -  7.90e-02 8.38e-02h  4
 522r 1.2007450e+00 6.77e-02 3.34e-02  -8.6 5.94e+01    -  3.54e-02 2.88e-02h  3
 523r 1.2006087e+00 6.77e-02 2.35e-02  -8.6 1.85e+02    -  2.59e-02 6.48e-03h  2
 524r 1.2007725e+00 6.77e-02 2.32e-02  -8.6 4.99e+02    -  4.48e-02 1.42e-02h  2
 525r 1.2007968e+00 6.77e-02 2.22e-02  -8.6 1.22e-01  -5.0 8.76e-01 4.77e-02h  4
 526r 1.2007419e+00 6.77e-02 2.10e-02  -8.6 1.55e+01    -  3.38e-01 1.57e-02h  5
 527r 1.2010449e+00 6.77e-02 4.94e-02  -8.6 3.39e+02    -  2.96e-02 1.08e-02h  3
 528r 1.2006024e+00 6.77e-02 3.79e-02  -8.6 1.38e+01    -  1.45e-01 7.43e-02h  3
 529r 1.2012385e+00 6.77e-02 8.84e-03  -8.6 9.49e-02  -5.4 9.85e-01 1.00e+00h  1
iter    objective    inf_pr   inf_du lg(mu)  ||d||  lg(rg) alpha_du alpha_pr  ls
 530r 1.2005430e+00 6.77e-02 4.73e-03  -8.6 2.35e+01    -  1.04e-01 5.35e-02h  2
 531r 1.2014713e+00 6.77e-02 6.39e-03  -8.6 7.37e+00    -  1.00e+00 1.00e+00H  1
 532r 1.2016082e+00 6.77e-02 5.71e-03  -8.6 3.36e+01    -  9.00e-02 1.95e-02h  4
 533r 1.2019600e+00 6.77e-02 1.89e-03  -8.6 6.30e+00    -  3.17e-01 3.79e-01h  1
 534r 1.2019007e+00 6.77e-02 8.08e-04  -8.6 5.95e-02  -5.9 1.00e+00 1.00e+00h  1
 535r 1.1991348e+00 1.14e-01 2.21e-02  -8.1 1.43e+01    -  9.81e-01 8.20e-01h  1
 536r 1.1969927e+00 6.77e-02 4.36e-01  -8.2 1.13e+01    -  1.74e-01 5.68e-01h  1
 537r 1.1973400e+00 6.77e-02 2.43e-01  -8.2 7.75e-01  -6.4 8.81e-03 4.09e-01h  1
 538r 1.1982606e+00 6.77e-02 2.31e-01  -8.2 8.25e+01    -  5.84e-02 3.87e-02h  2
 539r 1.2005207e+00 1.08e+00 7.70e-02  -8.2 3.05e+02    -  2.68e-02 5.16e-02h  1
iter    objective    inf_pr   inf_du lg(mu)  ||d||  lg(rg) alpha_du alpha_pr  ls
 540r 1.2011570e+00 9.73e-01 5.46e-02  -8.2 5.08e+01    -  3.21e-02 4.61e-02h  1
 541r 1.2012114e+00 1.06e+00 5.31e-02  -8.2 1.54e+02    -  2.02e-02 1.85e-03h  1
 542r 1.2015882e+00 4.17e-01 6.02e-02  -8.2 3.08e+01    -  9.99e-02 1.25e-01h  1
 543r 1.2011930e+00 9.78e-02 4.46e-02  -8.2 2.86e+01    -  8.11e-02 1.38e-01h  1
 544r 1.2008351e+00 6.77e-02 2.95e-02  -8.2 1.24e+02    -  2.01e-03 9.62e-03h  1
 545r 1.2008925e+00 2.54e-01 2.49e-02  -8.2 2.80e+00    -  2.27e-01 1.75e-01h  1
 546r 1.2007756e+00 2.10e-01 2.82e-02  -8.2 1.31e+01    -  4.41e-01 4.77e-02h  4
 547r 1.2018214e+00 1.05e-01 6.42e-02  -8.2 7.58e+01    -  5.71e-02 4.82e-02h  1
 548r 1.2016183e+00 6.77e-02 5.19e-02  -8.2 7.22e+00    -  9.37e-01 1.72e-01h  3
 549r 1.2015063e+00 6.77e-02 4.82e-02  -8.2 3.33e+01    -  1.07e-01 2.38e-02h  3
iter    objective    inf_pr   inf_du lg(mu)  ||d||  lg(rg) alpha_du alpha_pr  ls
 550r 1.2015141e+00 6.77e-02 4.71e-02  -8.2 6.94e+00    -  4.50e-01 1.35e-02h  6
 551r 1.2006098e+00 6.77e-02 3.39e-02  -8.2 5.19e+00    -  6.26e-01 9.12e-01h  1
 552r 1.2016277e+00 6.77e-02 1.35e-01  -8.2 1.17e+02    -  7.95e-02 5.29e-02H  1
 553r 1.2008120e+00 6.77e-02 1.53e-02  -8.2 8.07e+00    -  8.45e-01 9.99e-01h  1
 554r 1.2009591e+00 6.77e-02 5.66e-02  -8.2 2.09e+01    -  9.57e-01 3.67e-01H  1
 555r 1.2022977e+00 6.77e-02 1.39e-02  -8.2 7.90e+00    -  1.14e-04 8.96e-01h  1
 556r 1.2018487e+00 6.77e-02 9.17e-04  -8.2 2.56e+01    -  1.24e-01 1.59e-01h  2
 557r 1.2009877e+00 6.77e-02 4.21e-02  -8.2 1.59e+01    -  8.47e-01 5.07e-01H  1
 558r 1.2017843e+00 6.77e-02 2.66e-02  -8.2 2.05e+01    -  1.61e-01 2.35e-01F  1
 559r 1.2014276e+00 6.77e-02 3.65e-03  -8.2 8.09e+00    -  2.74e-01 1.00e+00h  1
iter    objective    inf_pr   inf_du lg(mu)  ||d||  lg(rg) alpha_du alpha_pr  ls
 560r 1.2002829e+00 6.77e-02 8.80e-02  -8.2 1.18e+01    -  5.37e-01 5.85e-01H  1
 561r 1.2009616e+00 6.77e-02 3.59e-02  -8.2 5.41e+00    -  9.81e-02 5.34e-01h  1
 562r 1.2002783e+00 6.77e-02 5.23e-02  -8.2 1.92e+01    -  7.79e-06 2.28e-01f  1
 563r 1.2003120e+00 6.77e-02 1.35e-02  -8.2 2.11e+01    -  2.11e-01 1.54e-01h  2
 564r 1.2006447e+00 6.77e-02 2.41e-02  -8.2 1.60e+02    -  1.17e-01 1.13e-02h  4
 565r 1.2007112e+00 6.77e-02 1.80e-02  -8.2 6.93e+01    -  1.83e-01 1.37e-02h  4
 566r 1.2012378e+00 6.77e-02 1.14e-03  -8.2 4.10e+00    -  3.04e-01 4.12e-01h  1
 567r 1.2014470e+00 6.77e-02 1.35e-02  -8.2 6.71e+01    -  2.70e-01 5.84e-02h  2
 568r 1.2009011e+00 6.77e-02 5.82e-02  -8.2 7.28e+00    -  1.41e-01 6.61e-01H  1
 569r 1.2010404e+00 6.77e-02 1.63e-02  -8.2 9.60e+00    -  2.19e-01 5.33e-01F  1
iter    objective    inf_pr   inf_du lg(mu)  ||d||  lg(rg) alpha_du alpha_pr  ls
 570r 1.2012270e+00 6.77e-02 9.08e-03  -8.2 5.32e+00    -  6.28e-01 2.99e-01f  1
 571r 1.2031744e+00 6.77e-02 4.58e-02  -8.2 8.44e+00    -  6.69e-02 6.65e-01H  1
 572r 1.2033359e+00 6.77e-02 1.25e-02  -8.2 1.87e+01    -  2.47e-01 5.97e-02f  2
 573r 1.2025236e+00 6.77e-02 2.15e-02  -8.2 1.54e+01    -  1.04e-01 2.29e-01H  1
 574r 1.2020826e+00 6.77e-02 1.35e-03  -8.2 1.11e+02    -  4.85e-02 2.32e-02h  1
 575r 1.2020194e+00 6.77e-02 8.98e-04  -8.2 7.08e+00    -  5.26e-01 6.14e-02h  1
 576r 1.2020168e+00 6.77e-02 4.50e-03  -8.2 6.60e+00    -  8.03e-01 8.44e-01H  1
 577r 1.2018035e+00 6.77e-02 3.63e-03  -8.2 1.66e+01    -  5.14e-01 7.71e-02h  1
 578r 1.2013089e+00 6.77e-02 1.97e-02  -8.2 2.99e+00    -  7.07e-01 9.20e-01H  1
 579r 1.2011868e+00 6.77e-02 1.13e-02  -8.2 1.17e+02    -  1.18e-01 1.16e-02f  5
iter    objective    inf_pr   inf_du lg(mu)  ||d||  lg(rg) alpha_du alpha_pr  ls
 580r 1.2011651e+00 6.77e-02 7.34e-03  -8.2 4.24e+00    -  1.00e+00 5.39e-01H  1
 581r 1.2019829e+00 6.77e-02 4.60e-03  -8.2 9.56e+00    -  1.10e-05 4.10e-01F  1
 582r 1.2021955e+00 6.77e-02 1.28e-02  -8.2 1.44e+01    -  4.55e-01 1.29e-01f  2
 583r 1.2017347e+00 6.77e-02 1.37e-04  -8.2 1.13e+00    -  5.59e-01 1.00e+00h  1
 584r 1.2014614e+00 6.77e-02 4.13e-02  -8.2 3.94e+00    -  1.00e+00 1.00e+00H  1
 585r 1.2013664e+00 6.77e-02 2.13e-02  -8.2 4.70e+00    -  1.00e+00 1.00e+00h  1
 586r 1.2015651e+00 6.77e-02 1.13e-01  -8.2 9.41e+01    -  7.19e-02 4.77e-02h  1
 587r 1.2016024e+00 6.77e-02 1.07e-01  -8.2 8.01e+00    -  5.31e-01 6.60e-02h  4
 588r 1.2017649e+00 6.77e-02 8.43e-02  -8.2 1.62e+02    -  8.18e-02 1.47e-02h  1
 589r 1.2010697e+00 6.77e-02 3.53e-02  -8.2 1.16e+01    -  1.23e-01 2.07e-01h  1
iter    objective    inf_pr   inf_du lg(mu)  ||d||  lg(rg) alpha_du alpha_pr  ls
 590r 1.2013203e+00 6.77e-02 1.84e-02  -8.2 1.09e+00  -6.9 8.17e-05 4.27e-01h  1
 591r 1.2013225e+00 6.77e-02 1.85e-02  -8.2 5.67e+00    -  1.00e+00 2.50e-01h  3
 592r 1.2020293e+00 6.77e-02 2.19e-02  -8.2 9.64e-01  -7.3 4.50e-01 1.00e+00h  1
 593r 1.2019779e+00 6.77e-02 4.57e-03  -8.2 1.70e+00    -  1.00e+00 1.00e+00H  1
 594r 1.2023335e+00 6.77e-02 6.28e-03  -8.0 1.08e+01    -  7.14e-01 3.60e-01H  1
 595r 1.2018907e+00 6.77e-02 5.17e-02  -8.2 1.30e+00  -7.8 2.23e-01 1.00e+00h  1
 596r 1.2019040e+00 6.77e-02 4.97e-02  -8.2 1.31e+01    -  3.79e-01 2.45e-02h  5
 597r 1.2018364e+00 6.77e-02 4.43e-02  -8.2 1.09e+01    -  4.86e-01 4.42e-02h  3
 598r 1.2019044e+00 6.77e-02 4.27e-02  -8.2 8.23e+00    -  2.71e-01 1.95e-02h  5
 599r 1.2019167e+00 6.77e-02 4.35e-02  -8.2 4.59e+01    -  2.16e-01 2.13e-03h  6
iter    objective    inf_pr   inf_du lg(mu)  ||d||  lg(rg) alpha_du alpha_pr  ls
 600r 1.2019319e+00 6.77e-02 3.62e-02  -8.2 1.02e+01    -  6.31e-01 2.62e-02h  5
 601r 1.2012402e+00 6.77e-02 3.46e-02  -8.2 4.12e+01    -  3.13e-02 1.17e-01h  2
 602r 1.2013728e+00 6.77e-02 2.30e-02  -8.2 1.49e+01    -  6.00e-02 8.27e-02h  3
 603r 1.2015521e+00 6.77e-02 1.70e-02  -8.2 1.33e+02    -  8.90e-02 2.33e-02h  2
 604r 1.2015553e+00 6.77e-02 1.64e-02  -8.2 6.67e+00    -  2.19e-01 7.71e-03h  6
 605r 1.2016069e+00 6.77e-02 1.79e-02  -8.2 4.26e+01    -  1.23e-01 2.05e-02h  3
 606r 1.2012521e+00 6.77e-02 2.36e-02  -8.2 3.96e+01    -  7.44e-02 3.60e-02w  1
 607r 1.2013600e+00 6.77e-02 2.35e-02  -8.2 4.21e+00    -  7.08e-01 6.96e-01w  1
 608r 1.2009387e+00 6.77e-02 3.15e-02  -8.2 1.48e+01    -  1.60e-01 1.39e-01w  1
 609r 1.2014295e+00 6.77e-02 2.82e-03  -8.2 3.82e+00    -  7.44e-02 1.80e-02h  1
iter    objective    inf_pr   inf_du lg(mu)  ||d||  lg(rg) alpha_du alpha_pr  ls
 610r 1.2014697e+00 6.77e-02 1.01e-03  -8.2 1.12e+01    -  1.52e-01 2.93e-02h  3
 611r 1.2014914e+00 6.77e-02 1.42e-03  -8.2 1.12e+01    -  1.20e-01 1.71e-02h  3
 612r 1.2014659e+00 6.77e-02 6.77e-04  -8.2 5.80e+01    -  2.17e-01 9.81e-03h  4
 613r 1.2014760e+00 6.77e-02 3.07e-04  -8.2 5.10e+00    -  2.32e-01 4.08e-03h  7
 614r 1.2013350e+00 6.77e-02 1.09e-02  -8.2 3.76e+00    -  4.11e-01 6.29e-01h  1
 615r 1.2015579e+00 6.77e-02 2.80e-03  -8.2 2.89e+00    -  2.72e-01 3.05e-01h  1
 616r 1.2017808e+00 6.77e-02 5.07e-03  -8.2 1.07e+01    -  3.56e-01 6.09e-02f  2
 617r 1.2019202e+00 6.77e-02 3.27e-03  -8.2 8.23e+00    -  3.54e-01 7.13e-02h  1
 618r 1.2019571e+00 6.77e-02 3.81e-02  -8.2 7.86e+00    -  7.22e-02 4.15e-01H  1
 619r 1.2020239e+00 6.77e-02 3.46e-02  -8.2 6.38e+03    -  5.84e-04 1.70e-04h  4
iter    objective    inf_pr   inf_du lg(mu)  ||d||  lg(rg) alpha_du alpha_pr  ls
 620r 1.2019976e+00 6.77e-02 3.19e-02  -8.2 3.60e+00    -  6.49e-01 2.20e-02h  2
 621r 1.2018686e+00 6.77e-02 1.36e-03  -8.2 2.47e+00    -  6.05e-01 9.38e-01h  1
 622r 1.2020851e+00 6.77e-02 7.46e-03  -8.2 2.32e+00    -  5.26e-01 3.56e-01H  1
 623r 1.2020388e+00 6.77e-02 5.45e-03  -8.2 1.42e+00    -  1.73e-01 1.00e+00h  1
 624r 1.2017379e+00 6.77e-02 1.00e-02  -8.2 1.52e+00    -  8.67e-01 5.63e-01h  1
 625r 1.2017883e+00 6.77e-02 3.87e-03  -8.2 7.28e-01    -  4.23e-01 1.00e+00h  1
 626r 1.2020913e+00 6.77e-02 6.07e-03  -8.2 6.06e-01    -  9.39e-01 7.37e-01h  1
 627r 1.2020437e+00 6.77e-02 8.63e-03  -8.2 3.70e-01    -  1.00e+00 1.00e+00h  1
 628r 1.2015537e+00 6.77e-02 1.85e-02  -8.2 1.68e+00    -  6.41e-01 1.00e+00h  1
 629r 1.2016208e+00 6.77e-02 1.42e-02  -8.2 4.80e+00    -  4.18e-01 1.90e-01h  2
iter    objective    inf_pr   inf_du lg(mu)  ||d||  lg(rg) alpha_du alpha_pr  ls
 630r 1.2016646e+00 6.77e-02 1.70e-02  -8.2 1.06e+01    -  3.15e-01 4.35e-02h  3
 631r 1.2018024e+00 6.77e-02 1.01e-02  -8.2 8.27e+00    -  5.72e-01 3.90e-02h  2
 632r 1.2019118e+00 6.77e-02 8.04e-03  -8.2 2.41e+00    -  5.27e-01 1.04e-01h  2
 633r 1.2021999e+00 6.77e-02 2.91e-03  -8.2 1.05e+00    -  8.69e-01 5.00e-01h  2
 634r 1.2021176e+00 6.77e-02 1.70e-02  -8.2 2.04e+01    -  3.72e-01 1.25e-02h  5
 635r 1.2022093e+00 6.77e-02 6.83e-04  -8.2 2.37e-01    -  1.00e+00 1.00e+00h  1
 636r 1.2021637e+00 6.77e-02 3.51e-04  -8.2 3.88e-01    -  1.00e+00 1.00e+00H  1
 637r 1.2025406e+00 6.77e-02 1.84e-02  -8.8 1.18e+00    -  1.00e+00 1.00e+00h  1
 638r 1.2018512e+00 6.77e-02 1.91e-03  -8.9 1.25e+00    -  9.78e-01 1.00e+00h  1
 639r 1.2018414e+00 6.77e-02 2.30e-03  -9.0 9.37e+00    -  1.35e-01 4.48e-03h  8
iter    objective    inf_pr   inf_du lg(mu)  ||d||  lg(rg) alpha_du alpha_pr  ls
 640r 1.2012226e+00 6.77e-02 2.52e-02  -8.7 2.10e+00    -  6.21e-01 1.00e+00H  1
 641r 1.2013768e+00 6.77e-02 2.49e-02  -8.8 1.94e+01    -  1.82e-01 1.43e-02h  2
 642r 1.2017613e+00 6.77e-02 3.87e-02  -8.8 1.91e+00  -8.3 1.91e-01 4.38e-01h  1
 643r 1.2021994e+00 6.77e-02 2.92e-02  -8.8 7.84e+00    -  3.97e-02 3.02e-01f  1
 644r 1.2022469e+00 6.77e-02 2.77e-02  -8.8 1.78e+01    -  1.19e-09 3.20e-03H  1
 645r 1.2022818e+00 6.77e-02 4.65e-03  -8.8 5.79e+00    -  4.79e-09 1.28e-01f  1
 646r 1.2007601e+00 6.77e-02 1.83e-02  -8.8 2.51e+01    -  5.67e-02 1.09e-01f  3
 647r 1.2007293e+00 6.77e-02 2.26e-02  -8.8 2.72e+01    -  3.38e-02 7.86e-02h  1
 648r 1.2013922e+00 6.77e-02 1.38e-02  -8.8 4.83e+00    -  2.43e-01 4.11e-01H  1
 649r 1.2016775e+00 6.77e-02 6.87e-03  -8.8 1.76e+01    -  6.42e-09 1.24e-01f  2
iter    objective    inf_pr   inf_du lg(mu)  ||d||  lg(rg) alpha_du alpha_pr  ls
 650r 1.2021019e+00 6.77e-02 1.22e-02  -8.8 5.41e+00    -  3.67e-01 1.55e-01h  2
 651r 1.2028560e+00 6.77e-02 1.35e-02  -8.8 9.78e+00  -8.8 7.91e-01 7.61e-02h  2
 652r 1.2027752e+00 6.77e-02 4.38e-02  -8.8 2.21e+01    -  1.02e-01 7.53e-02h  2
 653r 1.2025537e+00 6.77e-02 3.98e-02  -8.8 1.87e+01    -  1.38e-01 2.69e-02h  2
 654r 1.1995985e+00 6.77e-02 9.41e-03  -8.8 6.38e+00    -  7.92e-02 1.00e+00H  1
 655r 1.1993586e+00 6.77e-02 2.30e-02  -8.8 2.17e+01    -  1.66e-01 7.53e-02h  1
 656r 1.1993546e+00 6.77e-02 2.19e-02  -8.8 1.93e+01    -  5.00e-01 5.57e-02h  4
 657r 1.2000287e+00 6.77e-02 2.76e-02  -8.8 6.59e+01    -  4.44e-02 1.70e-02h  3
 658r 1.2003085e+00 6.77e-02 1.89e-02  -8.8 1.15e+02    -  3.05e-02 7.31e-03h  1
 659r 1.2019996e+00 6.77e-02 8.48e-02  -8.8 7.74e+01    -  5.49e-02 4.90e-02f  1
iter    objective    inf_pr   inf_du lg(mu)  ||d||  lg(rg) alpha_du alpha_pr  ls
 660r 1.2028706e+00 6.77e-02 7.27e-02  -8.8 5.98e+01    -  6.01e-02 3.13e-02h  1
 661r 1.2029301e+00 6.77e-02 7.21e-02  -8.8 6.72e+00    -  2.25e-01 2.18e-02h  5
 662r 1.2029366e+00 6.77e-02 7.26e-02  -8.8 1.20e+01    -  2.31e-01 1.12e-02h  3
 663r 1.2026344e+00 6.77e-02 5.24e-02  -8.8 6.84e+00    -  3.93e-01 1.58e-01h  2
 664r 1.2025767e+00 6.77e-02 5.15e-02  -8.8 5.95e+00    -  2.39e-01 3.57e-02h  5
 665r 1.2027110e+00 6.77e-02 3.91e-02  -8.8 2.07e+01    -  6.06e-02 1.60e-02h  1
 666r 1.2024167e+00 6.77e-02 3.57e-02  -8.8 2.84e+01    -  1.08e-08 2.88e-02f  2
 667r 1.2022761e+00 6.77e-02 3.68e-02  -8.8 2.70e+01    -  9.05e-02 1.43e-02h  3
 668r 1.2022809e+00 6.77e-02 3.66e-02  -8.8 1.27e+01    -  3.74e-02 4.67e-03h  4
 669r 1.2022220e+00 6.77e-02 3.60e-02  -8.8 2.25e+01    -  1.39e-01 4.61e-03h  5
iter    objective    inf_pr   inf_du lg(mu)  ||d||  lg(rg) alpha_du alpha_pr  ls
 670r 1.2019156e+00 6.77e-02 3.68e-02  -8.8 2.51e+01    -  1.99e-01 1.88e-02h  1
 671r 1.2021246e+00 6.77e-02 3.18e-02  -8.8 9.40e+01    -  3.64e-02 2.41e-02h  3
 672r 1.2014049e+00 6.77e-02 1.08e-01  -8.8 1.94e+02    -  1.62e-02 2.52e-02h  1
 673r 1.2014400e+00 6.77e-02 7.68e-02  -8.8 8.27e+00    -  1.34e-01 1.89e-01h  1
 674r 1.2014419e+00 6.77e-02 7.67e-02  -8.8 1.86e+02    -  7.80e-08 3.29e-04h  1
 675r 1.2013647e+00 6.77e-02 2.03e-02  -8.8 5.32e+00  -8.3 6.59e-04 5.00e-01h  2
 676r 1.2014623e+00 6.77e-02 2.17e-02  -8.8 4.26e+00  -8.8 9.58e-02 1.28e-01h  2
 677r 1.2018850e+00 6.77e-02 1.65e-02  -8.8 6.34e+01    -  6.09e-02 2.97e-02h  1
 678r 1.2025324e+00 6.77e-02 1.22e-02  -8.8 5.94e+01    -  5.62e-02 4.82e-02f  1
 679r 1.2025056e+00 6.77e-02 1.18e-02  -8.8 1.37e+01    -  5.08e-09 2.26e-02h  6
iter    objective    inf_pr   inf_du lg(mu)  ||d||  lg(rg) alpha_du alpha_pr  ls
 680r 1.2025259e+00 6.77e-02 1.45e-02  -8.8 8.30e+00    -  2.71e-02 1.54e-02h  4
 681r 1.2025249e+00 6.77e-02 1.43e-02  -8.8 1.31e+02    -  8.38e-05 2.10e-04h  2
 682r 1.2023476e+00 6.77e-02 1.80e-02  -8.8 6.19e+01    -  2.27e-02 9.76e-03h  4
 683r 1.2025042e+00 6.77e-02 1.25e-02  -8.8 4.69e+01    -  2.27e-02 2.16e-02h  2
 684r 1.2025042e+00 6.77e-02 8.14e+02  -8.8 1.13e+05    -  0.00e+00 2.29e-07R  8
 685r 1.2023908e+00 6.77e-02 6.62e+02  -8.8 5.55e+00    -  1.87e-01 9.40e-02f  2
 686r 1.2025030e+00 6.77e-02 6.17e+02  -8.8 2.85e+01    -  6.67e-02 1.12e-02f  4
 687r 1.2025552e+00 6.77e-02 1.10e+02  -8.8 1.01e-01    -  1.00e+00 2.22e-01f  1
In iteration 687, 1 Slack too small, adjusting variable bound
 688r 1.2026230e+00 6.77e-02 1.07e+02  -8.8 2.26e-02    -  2.33e-02 3.59e-01f  1
 689r 1.2027069e+00 6.77e-02 1.04e+02  -8.8 1.43e-02    -  2.78e-02 6.93e-01f  1
iter    objective    inf_pr   inf_du lg(mu)  ||d||  lg(rg) alpha_du alpha_pr  ls
 690r 1.2027647e+00 6.77e-02 6.64e+01  -8.8 4.88e-01    -  3.63e-01 5.52e-01f  1
 691r 1.2027822e+00 6.77e-02 2.50e-03  -8.8 8.60e-02    -  1.00e+00 9.34e-01f  1

Number of Iterations....: 691

                                   (scaled)                 (unscaled)
Objective...............:   1.2027829669098475e+00    1.2027829669098475e+00
Dual infeasibility......:   1.0000001522241655e+00    1.0000001522241655e+00
Constraint violation....:   6.7703824383457789e-02    6.7703824383457789e-02
Variable bound violation:   0.0000000000000000e+00    0.0000000000000000e+00
Complementarity.........:   9.9689950320089647e-09    9.9689950320089647e-09
Overall NLP error.......:   1.0000001522241655e+00    1.0000001522241655e+00


Number of objective function evaluations             = 1820
Number of objective gradient evaluations             = 411
Number of equality constraint evaluations            = 1821
Number of inequality constraint evaluations          = 1821
Number of equality constraint Jacobian evaluations   = 695
Number of inequality constraint Jacobian evaluations = 695
Number of Lagrangian Hessian evaluations             = 0
Total seconds in IPOPT                               = 7284.139

EXIT: Converged to a point of local infeasibility. Problem may be infeasible.
