
List of user-set options:

                                    Name   Value                used
                             alpha_for_y = safer-min-dual-infeas  yes
                        file_print_level = 5                     yes
                   hessian_approximation = limited-memory        yes
                           linear_solver = mumps                 yes
                                max_iter = 1000                  yes
                      nlp_scaling_method = gradient-based        yes
                             output_file = IPOPT.out             yes
                             print_level = 5                     yes
                      print_user_options = yes                   yes
                                      sb = yes                   yes
                                     tol = 5e-05                 yes
This is Ipopt version 3.14.11, running with linear solver MUMPS 5.2.1.

Number of nonzeros in equality constraint Jacobian...:    14575
Number of nonzeros in inequality constraint Jacobian.:    19764
Number of nonzeros in Lagrangian Hessian.............:        0

Total number of variables............................:      162
                     variables with only lower bounds:        0
                variables with lower and upper bounds:      122
                     variables with only upper bounds:        0
Total number of equality constraints.................:      145
Total number of inequality constraints...............:      122
        inequality constraints with only lower bounds:       62
   inequality constraints with lower and upper bounds:       30
        inequality constraints with only upper bounds:       30

iter    objective    inf_pr   inf_du lg(mu)  ||d||  lg(rg) alpha_du alpha_pr  ls
   0  2.0000000e+00 3.00e+00 1.00e+00   0.0 0.00e+00    -  0.00e+00 0.00e+00   0
   1  2.0000566e+00 3.00e+00 1.03e+00  11.7 8.15e+12    -  2.60e-13 6.94e-14f  1
   2  2.0006029e+00 3.00e+00 5.65e+04  12.4 5.05e+13    -  6.50e-13 1.20e-13f  1
   3  2.0349539e+00 3.37e+00 1.51e+05  11.7 1.22e+10    -  6.41e-08 2.42e-09f  1
   4  2.0375456e+00 3.72e+00 8.97e+05  11.0 7.47e+07    -  1.11e-06 3.93e-07f  1
   5  2.1533336e+00 3.67e+01 5.19e+10  10.3 1.18e+06    -  9.92e-01 2.03e-05f  1
   6  2.1405906e+00 6.89e+03 3.13e+10   9.6 4.17e+01    -  1.00e+00 3.12e-02f  6
Warning: Cutting back alpha due to evaluation error
   7  2.1099737e+00 6.64e+04 1.27e+10   8.9 4.08e+01    -  1.65e-01 1.65e-01s 22
Warning: Cutting back alpha due to evaluation error
   8r 2.1099737e+00 6.64e+04 1.00e+03   8.2 0.00e+00    -  0.00e+00 2.93e-07R 21
   9r 1.9454874e+00 1.93e+05 1.01e+01   2.7 1.55e+05    -  9.90e-01 9.90e-01f  1
iter    objective    inf_pr   inf_du lg(mu)  ||d||  lg(rg) alpha_du alpha_pr  ls
  10  1.9660790e+00 1.89e+05 1.67e+11  11.5 6.87e+06    -  9.90e-01 2.03e-06f  1
Warning: Cutting back alpha due to evaluation error
Warning: Cutting back alpha due to evaluation error
  11  8.1627814e+00 9.29e+06 3.16e+11  12.3 3.79e+02    -  1.00e+00 8.03e-02f  3
Warning: Cutting back alpha due to evaluation error
Warning: Cutting back alpha due to evaluation error
Warning: Cutting back alpha due to evaluation error
Warning: Cutting back alpha due to evaluation error
Warning: Cutting back alpha due to evaluation error
Warning: Cutting back alpha due to evaluation error
  12  1.2290174e+01 1.43e+07 3.10e+11  11.6 9.47e+02    -  6.23e-01 1.56e-02f  7
Warning: Cutting back alpha due to evaluation error
Warning: Cutting back alpha due to evaluation error
Warning: Cutting back alpha due to evaluation error
Warning: Cutting back alpha due to evaluation error
Warning: Cutting back alpha due to evaluation error
  13  2.0319344e+01 2.36e+07 5.00e+12  10.9 1.91e+03    -  7.54e-01 3.12e-02f  6
Warning: Cutting back alpha due to evaluation error
Warning: Cutting back alpha due to evaluation error
Warning: Cutting back alpha due to evaluation error
Warning: Cutting back alpha due to evaluation error
  14  2.0356538e+01 2.36e+07 3.52e+12  10.2 7.66e+02    -  3.08e-01 1.39e-02h  6
Warning: Cutting back alpha due to evaluation error
  15  2.0593880e+01 2.28e+07 7.16e+12   9.5 1.83e+02    -  2.51e-01 1.77e-01h  2
Warning: Cutting back alpha due to evaluation error
Warning: Cutting back alpha due to evaluation error
Warning: Cutting back alpha due to evaluation error
  16  2.0709031e+01 2.27e+07 5.91e+12   8.8 1.38e+02    -  4.57e-01 4.42e-02h  4
Warning: Cutting back alpha due to evaluation error
  17  1.9179625e+01 2.05e+07 6.49e+12   8.1 1.44e+02    -  3.18e-01 1.85e-01h  2
Warning: Cutting back alpha due to evaluation error
  18  1.8313708e+01 1.94e+07 9.01e+12   7.4 1.46e+02    -  3.15e-01 6.25e-02h  4
Warning: Cutting back alpha due to evaluation error
Warning: Cutting back alpha due to evaluation error
Warning: Cutting back alpha due to evaluation error
  19  1.7709622e+01 1.87e+07 8.14e+12   6.7 1.30e+02    -  3.08e-01 4.62e-02h  4
Warning: Cutting back alpha due to evaluation error
iter    objective    inf_pr   inf_du lg(mu)  ||d||  lg(rg) alpha_du alpha_pr  ls
  20  1.6003746e+01 1.66e+07 8.26e+12   6.0 1.18e+02    -  1.94e-01 1.05e-01h  2
  21  1.0901694e+01 1.03e+07 5.74e+12   5.3 1.45e+02    -  4.07e-01 3.79e-01h  1
  22  1.0636897e+01 1.00e+07 5.34e+12   4.6 1.10e+02    -  2.94e-01 3.60e-02h  1
  23  1.0515585e+01 9.87e+06 5.19e+12   3.9 2.01e+02    -  5.33e-02 1.46e-02h  1
  24  9.5534647e+00 8.68e+06 4.70e+12   3.2 3.63e+02    -  4.11e-02 1.22e-01h  1
  25  9.4559547e+00 8.56e+06 4.43e+12   3.2 1.79e+02    -  4.15e-02 1.37e-02h  1
  26  9.0772882e+00 8.10e+06 3.89e+12   3.2 2.24e+02    -  1.29e-03 5.15e-02h  1
  27  8.0935678e+00 6.93e+06 1.77e+12   3.2 1.57e+02    -  3.53e-03 1.43e-01h  1
  28  6.6060989e+00 5.16e+06 1.33e+12   2.5 3.36e+02    -  2.21e-02 2.50e-01h  1
  29  6.3045656e+00 4.81e+06 1.38e+12   2.5 2.14e+02    -  1.16e-01 7.12e-02h  1
iter    objective    inf_pr   inf_du lg(mu)  ||d||  lg(rg) alpha_du alpha_pr  ls
  30  6.2939254e+00 4.80e+06 1.25e+12   2.5 1.66e+02    -  1.09e-01 2.59e-03h  1
  31  6.2938192e+00 4.80e+06 1.15e+12   2.5 2.01e+02    -  1.02e-01 2.63e-05h  1
  32  6.2936587e+00 4.80e+06 9.52e+11   2.5 2.42e+02    -  3.53e-02 3.86e-05h  1
  33  6.0969069e+00 4.57e+06 9.18e+11   2.5 3.28e+02    -  1.68e-02 4.65e-02h  1
  34  5.1759163e+00 3.45e+06 1.48e+12   2.5 2.82e+02    -  2.52e-04 2.45e-01h  1
  35  3.9797138e+00 2.01e+06 1.47e+12   2.5 1.02e+02    -  9.90e-02 4.13e-01h  1
  36  3.9186750e+00 1.93e+06 1.45e+12   2.5 1.48e+02    -  3.80e-02 3.62e-02h  1
  37  3.4778788e+00 1.43e+06 1.36e+12   2.5 3.72e+02    -  8.77e-03 2.59e-01h  1
  38  3.4778194e+00 1.43e+06 1.12e+12   2.5 1.27e+02    -  2.00e-01 4.89e-05h  1
  39  3.2849990e+00 1.18e+06 1.22e+12   2.5 1.56e+02    -  5.31e-03 1.70e-01h  1
iter    objective    inf_pr   inf_du lg(mu)  ||d||  lg(rg) alpha_du alpha_pr  ls
  40  3.2447286e+00 1.14e+06 1.22e+12   2.5 1.85e+02    -  1.11e-02 3.88e-02h  1
  41  3.2443286e+00 1.14e+06 1.21e+12   2.5 2.64e+02    -  7.49e-03 4.50e-04h  1
  42  3.2416964e+00 1.13e+06 1.20e+12   2.5 2.64e+02    -  7.31e-03 2.97e-03h  1
  43  3.2351196e+00 1.12e+06 1.19e+12   2.5 3.60e+02    -  1.28e-02 7.95e-03h  1
  44  3.2002469e+00 1.07e+06 1.11e+12   2.5 2.54e+02    -  8.59e-02 4.30e-02h  1
  45  3.0644526e+00 9.02e+05 1.10e+12   2.5 2.95e+02    -  5.75e-02 1.53e-01h  1
  46  2.9003298e+00 6.88e+05 1.08e+12   2.5 9.47e+01    -  2.22e-01 2.43e-01h  1
  47  2.7136942e+00 4.28e+05 1.17e+12   2.5 2.15e+02    -  5.30e-02 3.76e-01h  1
  48  2.6743444e+00 3.74e+05 1.18e+12   2.5 9.46e+01    -  1.66e-02 1.23e-01h  1
  49  2.6454384e+00 3.27e+05 1.16e+12   2.5 2.21e+02    -  1.35e-01 1.16e-01h  1
iter    objective    inf_pr   inf_du lg(mu)  ||d||  lg(rg) alpha_du alpha_pr  ls
  50  2.6256404e+00 2.90e+05 1.16e+12   2.5 5.36e+02    -  1.68e-02 1.21e-01h  1
  51  2.6247116e+00 2.88e+05 1.13e+12   2.5 2.41e+02    -  2.84e-02 4.65e-03h  1
  52  2.6235227e+00 2.86e+05 1.00e+12   2.5 1.63e+02    -  1.09e-01 8.04e-03h  1
  53  2.6221765e+00 2.83e+05 9.94e+11   2.5 2.48e+02    -  6.88e-03 9.40e-03h  1
  54  2.6221717e+00 2.83e+05 9.91e+11   2.5 1.72e+02    -  2.84e-03 4.04e-05h  1
  55  2.6221131e+00 2.83e+05 9.88e+11   2.5 2.39e+02    -  3.59e-03 6.38e-04h  1
  56  2.6198392e+00 2.74e+05 9.77e+11   2.5 2.00e+02    -  3.13e-03 3.00e-02f  2
  57  2.6160694e+00 2.65e+05 8.86e+11   2.5 1.05e+02    -  1.05e-01 3.42e-02h  1
  58  2.6027441e+00 2.28e+05 8.39e+11   2.5 1.60e+02    -  1.09e-01 1.34e-01h  1
  59  2.5991172e+00 1.89e+05 8.80e+11   2.5 1.59e+02    -  1.57e-02 1.70e-01h  1
iter    objective    inf_pr   inf_du lg(mu)  ||d||  lg(rg) alpha_du alpha_pr  ls
  60  2.5835252e+00 1.66e+05 9.32e+11   2.5 1.93e+02    -  9.25e-05 1.22e-01h  1
  61  2.5831916e+00 1.66e+05 9.31e+11   2.5 3.35e+02    -  1.32e-03 2.47e-03h  1
  62  2.5831850e+00 1.66e+05 7.93e+11   2.5 3.24e+02    -  1.58e-01 2.12e-05h  1
  63  2.5681041e+00 1.55e+05 7.96e+11   2.5 4.08e+02    -  3.04e-04 7.23e-02f  2
  64  2.5404508e+00 1.41e+05 8.04e+11   2.5 2.47e+02    -  2.37e-05 8.16e-02f  2
  65  2.5358315e+00 1.39e+05 7.84e+11   2.5 7.17e+02    -  2.67e-02 1.34e-02h  3
  66  2.5320884e+00 1.36e+05 7.74e+11   2.5 8.02e+02    -  2.14e-04 2.58e-02f  2
  67  2.5235699e+00 1.32e+05 7.76e+11   2.5 4.64e+02    -  2.39e-05 2.77e-02f  1
  68  2.5207612e+00 1.31e+05 7.74e+11   2.5 4.17e+02    -  3.71e-03 8.17e-03f  2
  69  2.5168040e+00 1.25e+05 7.78e+11   2.5 3.52e+02    -  1.24e-02 4.13e-02h  2
iter    objective    inf_pr   inf_du lg(mu)  ||d||  lg(rg) alpha_du alpha_pr  ls
  70  2.5141144e+00 1.23e+05 6.39e+11   2.5 2.40e+02    -  1.86e-01 1.53e-02h  2
  71  2.5062794e+00 1.14e+05 6.28e+11   2.5 1.01e+02    -  9.10e-03 7.71e-02h  1
  72  2.4712437e+00 9.53e+04 7.75e+11   2.5 1.64e+02    -  3.25e-04 1.63e-01H  1
  73  2.4708716e+00 9.52e+04 1.56e+12   2.5 7.09e+02    -  4.03e-02 1.67e-03h  1
  74  2.4708644e+00 9.52e+04 1.60e+12   2.5 1.30e+03    -  3.54e-03 3.04e-05h  1
Warning: Cutting back alpha due to evaluation error
Warning: Cutting back alpha due to evaluation error
  75  2.4707528e+00 9.51e+04 3.37e+12   2.5 1.45e+03    -  3.23e-03 4.69e-04h  3
Warning: Cutting back alpha due to evaluation error
Warning: Cutting back alpha due to evaluation error
Warning: Cutting back alpha due to evaluation error
Warning: Cutting back alpha due to evaluation error
Warning: Cutting back alpha due to evaluation error
Warning: Cutting back alpha due to evaluation error
  76  2.4707596e+00 9.51e+04 5.04e+12   2.5 3.70e+03    -  5.11e-03 2.29e-05h  7
Warning: Cutting back alpha due to evaluation error
Warning: Cutting back alpha due to evaluation error
Warning: Cutting back alpha due to evaluation error
Warning: Cutting back alpha due to evaluation error
Warning: Cutting back alpha due to evaluation error
Warning: Cutting back alpha due to evaluation error
Warning: Cutting back alpha due to evaluation error
  77  2.4707635e+00 9.51e+04 6.87e+12   2.5 3.38e+03    -  1.12e-04 1.14e-05f  8
Warning: Cutting back alpha due to evaluation error
Warning: Cutting back alpha due to evaluation error
Warning: Cutting back alpha due to evaluation error
Warning: Cutting back alpha due to evaluation error
Warning: Cutting back alpha due to evaluation error
Warning: Cutting back alpha due to evaluation error
Warning: Cutting back alpha due to evaluation error
  78  2.4707678e+00 9.51e+04 1.23e+13   2.5 3.34e+03    -  6.72e-05 1.16e-05f  8
  79  2.4713010e+00 9.50e+04 1.91e+12   2.5 3.33e+03    -  8.42e-05 1.43e-03h  1
Warning: Cutting back alpha due to evaluation error
Warning: Cutting back alpha due to evaluation error
Warning: Cutting back alpha due to evaluation error
iter    objective    inf_pr   inf_du lg(mu)  ||d||  lg(rg) alpha_du alpha_pr  ls
  80  2.4713399e+00 9.50e+04 6.46e+12   2.5 3.21e+03    -  8.06e-04 1.90e-04f  4
Warning: Cutting back alpha due to evaluation error
  81  2.4713485e+00 9.50e+04 2.59e+13   2.5 1.74e+03    -  1.80e-02 2.50e-05h  2
Warning: Cutting back alpha due to evaluation error
Warning: Cutting back alpha due to evaluation error
Warning: Cutting back alpha due to evaluation error
Warning: Cutting back alpha due to evaluation error
Warning: Cutting back alpha due to evaluation error
  82  2.4713496e+00 9.50e+04 3.78e+13   2.5 1.49e+03    -  4.07e-03 2.89e-06h  6
Warning: Cutting back alpha due to evaluation error
Warning: Cutting back alpha due to evaluation error
Warning: Cutting back alpha due to evaluation error
Warning: Cutting back alpha due to evaluation error
Warning: Cutting back alpha due to evaluation error
Warning: Cutting back alpha due to evaluation error
  83  2.4713508e+00 9.50e+04 9.77e+13   2.5 1.42e+03    -  3.73e-03 2.59e-06h 10
  84  2.4716527e+00 9.49e+04 2.87e+12   2.5 1.27e+03    -  3.33e-03 6.27e-04f  4
  85  2.4719367e+00 9.46e+04 1.31e+12   2.5 1.63e+03    -  8.82e-03 3.08e-03h  1
  86  2.4719924e+00 9.46e+04 1.73e+12   2.5 1.02e+03    -  1.55e-04 2.18e-04h  1
  87r 2.4719924e+00 9.46e+04 1.00e+03   2.5 0.00e+00    -  0.00e+00 4.46e-07R  3
  88r 2.4664776e+00 9.01e+04 9.91e+02   2.0 2.97e+03    -  1.19e-02 1.23e-02f  1
  89  2.4641968e+00 8.99e+04 2.97e+06   2.5 1.53e+02    -  9.90e-01 2.62e-03f  1
iter    objective    inf_pr   inf_du lg(mu)  ||d||  lg(rg) alpha_du alpha_pr  ls
  90  2.4500467e+00 8.92e+04 5.57e+06   2.5 3.41e+02    -  7.74e-03 7.78e-03f  1
Warning: Cutting back alpha due to evaluation error
  91  2.4447869e+00 8.89e+04 9.28e+06   2.5 2.95e+02    -  7.96e-03 2.83e-03f  2
Warning: Cutting back alpha due to evaluation error
Warning: Cutting back alpha due to evaluation error
  92  2.4401816e+00 8.87e+04 1.14e+07   2.5 4.10e+02    -  8.41e-03 2.09e-03f  3
Warning: Cutting back alpha due to evaluation error
Warning: Cutting back alpha due to evaluation error
  93  2.4329636e+00 8.85e+04 3.33e+07   2.5 5.63e+02    -  9.47e-03 2.64e-03f  3
Warning: Cutting back alpha due to evaluation error
Warning: Cutting back alpha due to evaluation error
Warning: Cutting back alpha due to evaluation error
  94  2.4283669e+00 8.84e+04 4.92e+07   2.5 6.09e+02    -  5.45e-03 1.51e-03f  4
  95  2.3786992e+00 8.69e+04 7.39e+06   2.5 6.76e+02    -  2.76e-03 1.63e-02h  1
  96  2.3630993e+00 8.64e+04 7.33e+06   2.5 9.66e+02    -  1.54e-02 5.82e-03h  1
  97  2.3502717e+00 8.58e+04 6.17e+06   2.5 2.04e+02    -  1.66e-02 7.86e-03h  1
  98  2.2996192e+00 8.25e+04 3.57e+06   2.5 2.01e+02    -  1.32e-02 3.75e-02h  1
  99  2.2584399e+00 8.02e+04 5.25e+06   2.5 1.87e+02    -  7.26e-02 2.83e-02h  1
iter    objective    inf_pr   inf_du lg(mu)  ||d||  lg(rg) alpha_du alpha_pr  ls
 100  2.2560726e+00 8.01e+04 4.92e+06   2.5 1.38e+02    -  6.53e-02 1.65e-03h  1
 101  2.2355481e+00 7.89e+04 4.64e+06   2.5 1.24e+02    -  9.23e-02 1.44e-02h  1
 102  2.2316505e+00 7.86e+04 4.66e+06   2.5 1.34e+02    -  5.13e-04 4.07e-03H  1
 103  2.1644132e+00 7.37e+04 1.72e+07   2.5 1.81e+02    -  1.01e-03 6.24e-02f  1
 104  2.1195541e+00 7.08e+04 1.60e+07   2.5 1.20e+02    -  7.11e-03 3.86e-02h  1
 105  2.1105894e+00 7.02e+04 1.52e+07   2.5 1.09e+02    -  5.73e-02 8.58e-03h  1
 106  2.1004843e+00 6.96e+04 1.50e+07   2.5 1.17e+02    -  1.92e-03 8.98e-03f  1
 107  2.0737487e+00 6.80e+04 1.44e+07   2.5 1.22e+02    -  3.26e-02 2.34e-02f  1
 108  2.0459558e+00 6.61e+04 1.35e+07   2.5 1.04e+02    -  4.17e-02 2.76e-02h  1
 109  2.0454145e+00 6.61e+04 1.35e+07   2.5 8.62e+01    -  2.16e-02 5.86e-04h  1
iter    objective    inf_pr   inf_du lg(mu)  ||d||  lg(rg) alpha_du alpha_pr  ls
 110  2.0379575e+00 6.54e+04 1.34e+07   2.5 7.67e+01    -  2.38e-02 1.01e-02h  1
 111  2.0328568e+00 6.49e+04 1.34e+07   2.5 6.93e+01    -  4.04e-04 6.96e-03h  1
 112  2.0231601e+00 6.41e+04 1.31e+07   2.5 9.69e+01    -  3.79e-02 1.24e-02h  1
 113  2.0116260e+00 6.26e+04 1.21e+07   2.5 2.38e+02    -  6.66e-04 2.36e-02f  1
 114  1.9667807e+00 5.95e+04 1.17e+07   2.5 3.42e+02    -  5.27e-02 5.04e-02h  1
 115  1.9569290e+00 5.88e+04 1.13e+07   3.7 3.09e+02    -  3.88e-02 1.14e-02f  1
 116  1.9195408e+00 5.66e+04 1.09e+07   3.7 3.67e+02    -  2.37e-02 3.73e-02f  1
 117  1.9026676e+00 5.46e+04 9.82e+06   3.7 1.39e+02    -  9.68e-02 3.49e-02f  1
 118  1.8528994e+00 5.20e+04 8.87e+06   3.6 3.53e+02    -  7.38e-02 4.80e-02f  1
 119  1.7903285e+00 4.76e+04 8.25e+06   3.6 1.99e+02    -  1.40e-02 8.35e-02f  1
iter    objective    inf_pr   inf_du lg(mu)  ||d||  lg(rg) alpha_du alpha_pr  ls
 120  1.7092096e+00 4.31e+04 7.63e+06   3.6 2.74e+02    -  2.04e-02 9.48e-02f  1
 121  1.6675259e+00 3.97e+04 7.18e+06   3.6 1.14e+02    -  7.64e-02 8.04e-02f  1
 122  1.6360170e+00 3.64e+04 6.52e+06   3.6 1.00e+02    -  9.74e-02 8.29e-02h  1
 123  1.6164655e+00 3.46e+04 5.87e+06   3.5 1.02e+02    -  1.02e-01 4.93e-02h  1
 124  1.5840384e+00 3.03e+04 5.34e+06   3.5 7.74e+01    -  8.63e-02 1.25e-01h  1
 125  1.5716520e+00 2.85e+04 5.75e+06   3.4 8.06e+01    -  4.16e-02 5.80e-02h  1
 126  1.5510476e+00 2.57e+04 6.60e+06   3.4 4.99e+01    -  1.15e-01 9.91e-02f  1
 127  1.5287782e+00 2.04e+04 8.30e+06   3.4 1.07e+02    -  9.06e-02 2.07e-01f  1
 128  1.5245796e+00 1.69e+04 1.08e+07   3.3 9.04e+01    -  6.55e-02 1.70e-01f  1
 129  1.5201532e+00 1.54e+04 1.10e+07   3.3 8.05e+01    -  1.77e-01 8.95e-02f  1
iter    objective    inf_pr   inf_du lg(mu)  ||d||  lg(rg) alpha_du alpha_pr  ls
 130  1.5017825e+00 1.08e+04 1.24e+07   3.2 4.56e+01    -  8.41e-02 2.97e-01f  1
 131  1.4779889e+00 8.71e+03 8.84e+06   3.2 8.42e+01    -  9.87e-02 1.94e-01f  1
 132  1.4586013e+00 7.37e+03 2.49e+06   3.1 1.66e+02    -  2.61e-01 1.54e-01f  1
 133  1.4588521e+00 7.04e+03 2.35e+06   3.0 2.56e+01    -  6.44e-02 4.44e-02h  1
 134  1.4535816e+00 5.32e+03 1.83e+06   3.0 2.34e+01    -  1.09e-01 2.45e-01f  1
 135  1.4517550e+00 4.70e+03 1.43e+06   2.9 1.67e+01    -  2.22e-01 1.16e-01f  1
 136  1.4455458e+00 3.77e+03 1.23e+06   2.8 2.53e+01    -  1.70e-01 1.98e-01f  1
 137  1.4273827e+00 1.56e+03 1.36e+06   2.7 1.96e+01    -  1.97e-01 5.87e-01f  1
 138  1.4202300e+00 3.82e-01 1.22e+06   2.6 1.14e+01    -  3.32e-01 1.00e+00f  1
 139  1.4224304e+00 6.62e-02 5.14e+05   2.4 1.23e+01    -  2.97e-01 9.50e-01f  1
iter    objective    inf_pr   inf_du lg(mu)  ||d||  lg(rg) alpha_du alpha_pr  ls
 140  1.3810290e+00 2.42e-02 2.61e+05   2.3 1.11e+01    -  4.93e-01 8.28e-01f  1
 141  1.3804957e+00 1.64e-02 1.87e+05   2.0 1.18e+01    -  3.25e-01 8.13e-01f  1
 142  1.4267597e+00 2.27e-02 1.82e+05   1.8 1.25e+01    -  3.78e-01 1.00e+00f  1
 143  1.5107449e+00 2.24e-01 1.90e+05   7.5 5.97e+05    -  1.97e-05 1.85e-05f  1
 144  1.5367140e+00 2.78e-01 2.18e+05   6.8 8.07e+04    -  2.89e-04 3.17e-04f  1
 145  1.5236037e+00 1.03e-01 6.20e+05   6.1 8.84e+03    -  6.15e-03 2.80e-03f  1
 146  1.5302349e+00 1.60e-01 5.75e+05   5.4 3.20e+02    -  3.98e-01 7.39e-02f  1
 147  1.5305071e+00 1.59e-01 6.59e+05   4.7 7.12e+00    -  8.05e-01 1.00e+00h  1
 148  1.5273039e+00 3.37e-01 3.44e+05   4.0 3.34e+00    -  9.91e-01 1.00e+00h  1
 149  1.5208992e+00 1.00e-01 5.10e+05   3.3 4.15e+00    -  8.98e-01 1.00e+00h  1
iter    objective    inf_pr   inf_du lg(mu)  ||d||  lg(rg) alpha_du alpha_pr  ls
 150  1.4921523e+00 5.23e-03 1.18e+06   2.6 1.83e+01    -  6.01e-01 1.00e+00H  1
 151  1.4887877e+00 5.34e-03 7.55e+05   1.9 8.01e+00    -  5.10e-01 1.00e+00H  1
 152  1.4888613e+00 5.64e-02 7.66e+05   1.9 2.83e+00    -  4.26e-01 5.72e-01h  1
 153  1.4894572e+00 9.34e-02 2.80e+05   1.9 4.94e+00    -  6.77e-01 3.98e-01h  1
 154  1.4850299e+00 2.13e-02 3.14e+05   3.2 4.66e+01    -  6.28e-01 2.51e-01f  1
 155  1.4906729e+00 1.23e-02 1.05e+04   3.0 7.78e+00    -  7.58e-01 1.00e+00f  1
 156  1.4833552e+00 4.84e-03 2.58e+04   2.3 5.20e+00    -  9.24e-01 1.00e+00h  1
 157  1.4910557e+00 2.66e-03 3.74e+04   1.6 4.57e+00    -  6.43e-01 1.00e+00H  1
 158  1.4951903e+00 5.31e-03 3.83e+04   0.9 1.12e+01    -  7.59e-01 9.04e-01h  1
 159  1.4970762e+00 7.16e-03 2.62e+04   0.9 2.05e+01    -  9.06e-01 5.53e-01H  1
iter    objective    inf_pr   inf_du lg(mu)  ||d||  lg(rg) alpha_du alpha_pr  ls
 160  1.4988183e+00 6.06e-03 4.72e+04   1.0 8.51e+00    -  8.18e-01 8.68e-01H  1
 161  1.5010305e+00 3.52e-03 3.31e+04   0.6 1.95e+01    -  9.72e-01 6.66e-01H  1
 162  1.5013798e+00 3.50e-03 1.86e+04   0.3 3.70e+00    -  9.50e-01 7.24e-01h  1
 163  1.5014158e+00 3.60e-02 2.31e+03   0.4 1.16e+01    -  9.04e-01 1.00e+00f  1
 164  1.5007221e+00 4.47e-03 6.62e+03   0.3 7.00e+00    -  4.27e-01 1.00e+00f  1
 165  1.5007624e+00 1.34e-03 1.61e+03   0.3 3.96e+00    -  8.47e-01 1.00e+00f  1
 166  1.5010853e+00 1.15e-03 5.86e+02  -0.4 7.58e+00    -  3.17e-01 2.90e-01H  1
 167  1.5009563e+00 1.14e-03 8.24e+02  -1.1 1.48e+01    -  1.98e-01 1.39e-01h  3
 168  1.5008181e+00 1.13e-03 8.91e+02  -1.1 3.42e+01    -  1.77e-01 7.20e-02h  4
 169  1.5006682e+00 1.13e-03 7.58e+02  -1.1 4.66e+01    -  4.87e-02 4.05e-02h  4
iter    objective    inf_pr   inf_du lg(mu)  ||d||  lg(rg) alpha_du alpha_pr  ls
 170  1.5005994e+00 1.13e-03 1.08e+03  -1.1 4.86e+01    -  2.46e-01 1.09e-02h  6
 171  1.5002120e+00 1.13e-03 1.01e+03  -1.1 4.72e+01    -  3.15e-02 2.89e-02f  5
 172  1.4997318e+00 1.12e-03 1.08e+03  -1.1 5.14e+01    -  1.57e-01 2.65e-02h  5
 173  1.4994905e+00 1.12e-03 1.06e+03  -1.1 5.03e+01    -  1.00e-01 1.13e-02h  6
 174  1.4991896e+00 1.12e-03 1.27e+03  -1.1 4.61e+01    -  2.18e-01 1.23e-02h  6
 175  1.4987130e+00 1.12e-03 1.32e+03  -1.1 3.70e+01    -  1.19e-01 1.83e-02f  5
 176  1.4995235e+00 1.85e-01 7.15e+02   0.2 8.13e+01    -  6.87e-01 2.73e-01f  1
 177  1.4993852e+00 4.96e-02 2.57e+02   0.0 2.11e+01    -  3.31e-01 5.15e-01f  1
 178  1.4997247e+00 7.13e-02 3.44e+02  -0.6 1.54e+01    -  3.90e-01 2.11e-01h  1
 179  1.5005230e+00 8.71e-02 1.95e+02  -1.3 3.58e+01    -  2.93e-01 2.96e-01h  1
iter    objective    inf_pr   inf_du lg(mu)  ||d||  lg(rg) alpha_du alpha_pr  ls
 180  1.5009950e+00 8.54e-02 2.45e+02  -1.3 3.73e+01    -  3.99e-01 2.80e-01h  1
 181  1.5006562e+00 6.99e-02 2.17e+02  -1.3 1.36e+01    -  2.61e-02 2.00e-01h  1
 182  1.4992251e+00 5.55e-02 3.57e+02  -1.3 2.45e+01    -  4.87e-01 4.45e-01h  1
 183  1.4990168e+00 5.49e-02 7.71e+01  -1.3 1.82e+01    -  2.93e-01 3.99e-02h  1
 184  1.4972443e+00 4.18e-02 1.46e+02  -2.0 2.88e+01    -  4.85e-03 2.38e-01f  2
 185  1.4955964e+00 3.42e-02 1.32e+02  -2.0 3.37e+01    -  3.53e-01 1.82e-01H  1
 186  1.4947791e+00 5.15e-02 8.68e+01  -2.0 2.85e+01    -  4.00e-01 9.98e-02h  1
 187  1.4912956e+00 2.91e-02 5.90e+01  -2.0 1.57e+01    -  5.01e-01 6.83e-01h  1
 188  1.4912220e+00 2.87e-02 5.72e+01  -2.0 9.18e+00    -  3.66e-02 1.54e-02h  1
 189  1.4899055e+00 2.13e-02 6.76e+01  -2.0 9.68e+00    -  1.36e-01 2.93e-01h  1
iter    objective    inf_pr   inf_du lg(mu)  ||d||  lg(rg) alpha_du alpha_pr  ls
 190  1.4842473e+00 1.56e-02 1.75e+02  -2.0 2.09e+01    -  5.42e-02 5.34e-01h  1
 191  1.4835479e+00 1.48e-02 1.36e+02  -2.0 4.38e+01    -  2.33e-01 5.19e-02h  2
 192  1.4804324e+00 1.45e-02 9.72e+01  -2.0 4.33e+01    -  2.96e-01 2.06e-02h  3
 193  1.4602780e+00 1.37e-02 4.69e+01  -2.0 5.52e+01    -  2.19e-01 6.84e-02h  3
 194  1.4214734e+00 1.25e-02 5.95e+01  -2.0 5.70e+01    -  2.29e-01 1.10e-01h  3
 195  1.3648365e+00 1.15e-02 1.37e+02  -2.0 4.91e+01    -  4.86e-01 1.03e-01h  3
 196  1.1894427e+00 6.20e-02 1.84e+02  -1.5 4.34e+01    -  9.92e-01 3.09e-01f  1
 197  1.0655492e+00 5.76e-02 1.67e+02  -2.3 3.24e+01    -  1.64e-01 9.68e-02h  1
 198  1.0824993e+00 4.64e-02 1.06e+02  -2.1 1.99e+01    -  3.51e-01 1.80e-01f  1
 199  1.0903477e+00 4.43e-02 7.16e+01  -2.4 5.63e+00    -  2.57e-01 4.60e-02h  1
iter    objective    inf_pr   inf_du lg(mu)  ||d||  lg(rg) alpha_du alpha_pr  ls
 200  1.0923651e+00 2.67e-02 5.38e+01  -0.7 2.85e+01    -  1.95e-01 2.08e-01f  1
 201  1.1100641e+00 2.29e-02 2.49e+01  -0.9 8.44e+00    -  8.37e-01 9.74e-02f  1
 202  1.0766123e+00 1.07e-03 1.17e+02  -1.0 2.89e+00    -  7.64e-01 1.00e+00f  1
 203  9.0902101e-01 7.28e-04 1.02e+01  -7.0 2.16e+00    -  2.85e-01 5.08e-01h  1
 204  5.9282106e-01 7.22e-04 1.69e+02   0.3 1.29e+02    -  2.05e-02 6.13e-02f  1
 205 -5.6380531e+00 6.80e-02 1.29e+02  -1.2 4.33e+01    -  2.01e-01 5.18e-01f  1
 206 -6.1703903e+00 1.76e-01 9.62e+01  -7.0 1.49e+01    -  4.74e-01 1.00e-01f  1
 207 -6.2115198e+00 1.67e-01 1.06e+02  -7.3 1.15e+02    -  3.13e-02 5.21e-02h  1
 208 -6.1494092e+00 4.65e-02 2.81e+02   0.7 2.45e+02    -  1.03e-02 3.35e-02f  1
 209 -1.3629820e+01 2.92e-02 2.13e+02  -1.0 1.28e+01    -  1.83e-01 6.08e-01f  1
iter    objective    inf_pr   inf_du lg(mu)  ||d||  lg(rg) alpha_du alpha_pr  ls
 210 -2.8594510e+03 3.99e-02 2.66e+02   0.3 9.14e+04    -  4.54e-02 3.12e-02f  1
 211 -2.2754848e+05 1.21e-01 3.71e+02   1.3 5.15e+09    -  6.09e-05 4.36e-05f  1
 212 -4.6298548e+05 1.69e-01 3.05e+02   1.3 5.97e+10    -  1.93e-05 3.94e-06f  1
 213 -8.6726974e+05 1.69e-01 1.57e+02   0.3 5.23e+10    -  8.77e-06 7.73e-06f  1
 214 -1.3936717e+06 1.69e-01 1.45e+02  -6.7 2.18e+10    -  7.94e-06 2.41e-05f  1
 215 -1.3936717e+06 1.69e-01 1.48e+02  -6.7 9.22e+01    -  3.80e-02 4.75e-03h  1
 216 -1.3936717e+06 1.69e-01 1.50e+02  -0.8 2.63e+02    -  2.88e-02 3.87e-02f  1
 217 -1.3936717e+06 1.69e-01 1.15e+02  -0.9 3.81e+01    -  1.55e-02 9.22e-02f  1
 218 -1.3936717e+06 1.69e-01 1.14e+02  -6.8 1.41e+01    -  1.16e-02 1.74e-03h  1
 219 -1.3936717e+06 1.50e-01 9.86e+01  -1.1 3.77e+01    -  1.04e-01 1.07e-01f  1
iter    objective    inf_pr   inf_du lg(mu)  ||d||  lg(rg) alpha_du alpha_pr  ls
 220 -1.3936717e+06 3.76e-02 2.87e+02  -0.3 3.27e+01    -  3.94e-01 6.40e-01f  1
 221 -1.3936717e+06 2.66e-02 1.76e+02  -0.6 1.51e+01    -  8.16e-01 5.07e-01h  1
 222 -1.3936717e+06 2.87e-03 3.10e+02  -0.4 9.60e+00    -  9.12e-01 1.00e+00f  1
 223 -1.3936717e+06 7.82e-03 9.42e+02   0.6 1.05e+02    -  6.34e-01 2.62e-01f  1
 224 -1.3936717e+06 2.30e-03 1.34e+02  -0.0 7.18e+00    -  1.00e+00 1.00e+00h  1
 225 -1.3936717e+06 1.34e-03 3.48e+02  -0.6 6.25e+00    -  1.00e+00 1.00e+00h  1
 226 -1.3936717e+06 1.04e-03 7.49e+01  -0.2 5.97e+00    -  9.75e-01 1.00e+00f  1
 227 -1.3936717e+06 1.96e-03 5.91e+01  -0.6 1.70e+00    -  9.90e-01 1.00e+00h  1
 228 -1.3936718e+06 7.00e-04 1.23e+02  -1.2 4.98e+00    -  9.43e-01 6.95e-01H  1
 229 -1.3936718e+06 6.84e-04 1.20e+02  -1.6 3.93e+00    -  2.32e-01 8.09e-01F  1
iter    objective    inf_pr   inf_du lg(mu)  ||d||  lg(rg) alpha_du alpha_pr  ls
 230 -1.3936718e+06 4.50e-03 7.31e+00  -0.9 9.33e+00    -  9.86e-01 1.00e+00f  1
 231 -1.3936719e+06 6.18e-03 5.09e+01  -0.9 3.09e+00    -  8.95e-01 1.00e+00f  1
 232 -1.3936721e+06 5.01e-03 5.59e+01  -1.1 3.49e+00    -  9.98e-01 1.00e+00h  1
 233 -1.3936730e+06 2.57e-03 1.01e+02  -1.5 5.48e+00    -  1.00e+00 1.00e+00h  1
 234 -1.3936764e+06 1.31e-01 1.62e+01  -1.0 7.16e+01    -  1.00e+00 2.20e-01f  1
 235 -1.3936937e+06 2.34e-02 2.41e+01  -1.1 8.29e+01    -  3.57e-01 2.09e-01f  1
 236 -1.3937501e+06 1.55e-01 6.12e+01   0.1 1.19e+03    -  6.66e-02 4.75e-02f  1
 237 -1.4018586e+06 9.69e-02 3.78e+01   0.9 6.12e+05    -  1.60e-02 1.32e-02f  1
 238 -1.9925474e+06 8.70e-02 1.22e+02  -6.6 1.37e+10    -  1.17e-04 4.30e-05f  1
 239 -1.9927658e+06 3.40e-02 8.21e+01  -2.7 5.00e+02  -4.0 2.21e-01 4.37e-01f  1
iter    objective    inf_pr   inf_du lg(mu)  ||d||  lg(rg) alpha_du alpha_pr  ls
 240 -2.1473146e+06 9.19e-03 1.16e+02   0.0 2.71e+09    -  6.32e-05 5.70e-05f  1
 241 -6.8108199e+06 2.09e-02 1.52e+02   0.4 4.98e+10    -  3.03e-05 9.36e-05f  1
 242 -9.8558641e+06 2.19e-01 2.16e+02   0.8 7.62e+09    -  5.58e-04 3.99e-04f  1
 243 -1.3426490e+07 3.64e-01 3.16e+02   1.3 2.21e+11    -  2.04e-05 1.61e-05f  1
 244 -1.3426490e+07 1.47e-01 1.39e+02  -6.7 1.66e+01    -  3.69e-01 5.78e-01h  1
 245 -1.3426490e+07 5.29e-02 1.32e+02  -2.4 1.14e+01    -  1.02e-01 5.67e-01h  1
 246 -1.3426490e+07 7.51e-03 5.79e+01  -1.9 5.18e+00    -  4.55e-01 9.48e-01h  1
 247 -1.3426490e+07 6.09e-03 3.93e+01  -1.9 6.12e+00    -  5.21e-01 1.00e+00h  1
 248 -1.3426491e+07 2.88e-02 2.74e+01  -1.7 2.23e+01    -  4.83e-01 1.00e+00f  1
 249 -1.3426495e+07 7.66e-01 3.51e+01  -0.7 1.91e+02    -  2.56e-01 1.28e-01f  1
iter    objective    inf_pr   inf_du lg(mu)  ||d||  lg(rg) alpha_du alpha_pr  ls
 250 -1.3426518e+07 1.06e-01 5.42e+01  -0.5 2.24e+02    -  1.88e-01 1.05e-01f  1
 251 -1.3427322e+07 1.55e-01 7.96e+01   0.8 6.23e+04    -  2.71e-02 1.29e-02f  1
 252 -1.3450047e+07 1.96e-01 1.94e+02   0.4 2.98e+07    -  1.42e-03 7.62e-04f  1
 253 -1.3451547e+07 4.87e-02 6.82e+01  -2.1 1.50e+03  -4.5 3.76e-01 1.00e+00f  1
 254 -2.1297068e+07 5.63e-02 6.82e+01  -6.8 7.50e+11    -  9.64e-06 1.05e-05f  1
 255 -2.1301568e+07 6.36e-03 2.70e+01  -1.3 4.50e+03  -5.0 6.04e-01 1.00e+00f  1
 256 -1.1370297e+08 4.88e-01 5.58e+01   0.3 3.06e+10    -  3.83e-03 3.02e-03f  1
 257 -1.1371647e+08 2.50e-01 2.02e+01  -2.2 1.35e+04  -5.4 2.78e-01 1.00e+00f  1
 258 -2.1215996e+08 7.50e-01 3.31e+01   0.1 3.14e+11    -  3.39e-04 3.13e-04f  1
 259 -3.3134084e+08 5.50e-01 6.30e+01   0.5 3.48e+11    -  1.56e-04 3.43e-04f  1
iter    objective    inf_pr   inf_du lg(mu)  ||d||  lg(rg) alpha_du alpha_pr  ls
 260 -3.3136656e+08 5.00e-01 7.99e+01  -1.5 4.05e+04  -5.9 4.65e-01 6.35e-01f  1
 261 -3.3136656e+08 4.56e-02 2.81e+01  -1.4 2.65e+01    -  6.09e-01 7.73e-01f  1
 262 -3.3136656e+08 6.71e-03 1.06e+01  -3.0 5.27e+00    -  4.70e-01 8.53e-01h  1
 263 -3.3136656e+08 3.76e-03 2.93e-01  -2.0 4.69e+00    -  1.00e+00 1.00e+00h  1
 264 -3.3136656e+08 9.77e-02 3.70e+00  -2.6 6.23e+01    -  1.65e-01 3.80e-01f  1
 265 -3.3136658e+08 1.30e-01 9.98e+00  -1.5 1.06e+03    -  2.08e-02 1.68e-02f  1
 266 -3.3136666e+08 3.14e-01 1.11e+01  -0.0 1.22e+05    -  1.31e-03 6.21e-04f  1
 267 -3.3136863e+08 1.06e-01 2.26e+01   0.0 5.05e+06    -  1.30e-04 3.91e-04f  1
 268 -3.3136946e+08 3.31e-01 2.56e+01  -0.0 3.69e+07    -  3.45e-05 2.26e-05f  1
 269 -3.3138964e+08 2.13e-01 3.61e+01  -0.0 1.22e+09    -  1.56e-06 1.65e-05f  1
iter    objective    inf_pr   inf_du lg(mu)  ||d||  lg(rg) alpha_du alpha_pr  ls
 270 -3.3139787e+08 2.14e-01 3.78e+01  -8.0 9.48e+09    -  6.43e-06 8.68e-07f  1
 271 -3.3206410e+08 2.18e-01 6.00e+01  -0.0 1.04e+11    -  3.04e-06 6.39e-06f  1
 272 -3.3226741e+08 2.20e-01 7.19e+01  -0.0 2.29e+11    -  1.89e-06 8.86e-07f  1
 273 -3.3233321e+08 1.45e-01 3.01e+01  -2.6 1.21e+05  -6.4 2.34e-01 5.42e-01f  1
 274 -3.3233321e+08 7.86e-03 1.17e+01  -1.8 1.51e+01    -  1.45e-01 1.00e+00f  1
 275 -3.3233321e+08 1.55e-02 8.32e+00  -8.0 6.88e+00    -  2.91e-01 6.45e-01h  1
 276 -3.3233321e+08 9.30e-04 1.92e+00  -3.0 1.44e+00    -  7.69e-01 1.00e+00h  1
 277 -3.3233321e+08 3.78e-04 4.23e-01  -3.6 4.23e-01    -  7.80e-01 1.00e+00h  1
 278 -3.3233321e+08 7.22e-03 3.31e-01  -2.6 3.42e+00    -  1.00e+00 1.00e+00f  1
 279 -3.3233321e+08 1.97e-02 2.36e-01  -2.1 1.94e+01    -  9.14e-01 8.94e-01h  1
iter    objective    inf_pr   inf_du lg(mu)  ||d||  lg(rg) alpha_du alpha_pr  ls
 280 -3.3233322e+08 6.28e-02 5.12e-01  -1.5 1.18e+02    -  5.65e-01 1.22e-01f  1
 281 -3.3233376e+08 1.51e-01 1.06e+00  -2.4 9.75e+03    -  1.90e-02 5.54e-02f  1
 282 -3.3233457e+08 1.32e-01 3.78e+00  -0.5 9.15e+03    -  8.46e-02 8.86e-02f  1
 283 -3.3234409e+08 1.56e-01 4.07e+00  -0.2 1.23e+07    -  4.23e-04 7.76e-04f  1
 284 -3.3253449e+08 2.05e-01 5.70e+00  -1.6 3.64e+05  -6.9 4.82e-01 5.22e-01f  1
 285 -3.3354587e+08 3.44e-01 6.78e+00  -7.5 6.01e+12    -  8.13e-07 1.68e-07f  1
 286 -3.3433628e+08 7.56e-02 3.91e+00  -3.4 1.09e+06  -7.3 3.63e-01 7.23e-01f  1
 287 -3.3752255e+08 9.49e-02 5.52e+00   0.3 6.27e+11    -  5.27e-06 5.08e-06f  1
 288 -3.3752255e+08 3.77e-03 1.37e+00  -2.5 2.72e+00    -  4.88e-01 1.00e+00f  1
 289 -3.3752255e+08 8.18e-04 7.11e-01  -7.9 2.30e+00    -  4.78e-01 1.00e+00h  1
iter    objective    inf_pr   inf_du lg(mu)  ||d||  lg(rg) alpha_du alpha_pr  ls
 290 -3.3752255e+08 1.86e-02 1.21e+00  -2.9 3.74e+01    -  3.93e-01 2.37e-01f  1
 291 -3.3752258e+08 5.11e-02 7.77e-01  -1.5 3.42e+03    -  7.06e-03 9.23e-03f  1
 292 -3.3752283e+08 7.61e-02 5.86e-01  -8.4 1.40e+06    -  2.66e-04 1.77e-04f  1
 293 -3.3752327e+08 7.24e-02 6.45e-01  -8.4 1.08e+09    -  6.58e-06 4.11e-07f  1
 294 -3.3767700e+08 5.04e-02 4.18e-01  -3.2 3.28e+06  -7.8 5.00e-02 4.69e-02f  1
 295 -3.3845423e+08 7.89e-02 4.08e-01  -2.6 9.84e+06  -8.3 1.44e-01 7.90e-02f  1
 296 -3.3940792e+08 1.04e-01 5.28e-01  -2.1 2.95e+07  -8.8 5.28e-02 3.23e-02f  1
 297 -3.4121186e+08 8.50e-02 1.29e+00  -1.6 8.86e+07  -9.2 3.85e-02 2.04e-02f  1
 298 -3.4121186e+08 5.51e-02 1.58e+00  -2.0 1.10e+01    -  5.66e-01 8.66e-01f  1
 299 -3.4121186e+08 2.19e-03 8.58e-01  -3.6 2.35e+00    -  5.53e-01 1.00e+00h  1
iter    objective    inf_pr   inf_du lg(mu)  ||d||  lg(rg) alpha_du alpha_pr  ls
 300 -3.4121186e+08 1.74e-02 1.21e+00  -2.1 4.17e+01    -  1.25e-01 2.24e-01f  1
 301 -3.4121188e+08 2.66e-01 8.39e-01  -0.8 1.23e+03    -  3.61e-02 1.58e-02f  1
 302 -3.4121270e+08 1.63e-01 3.17e+00  -8.0 5.69e+05    -  2.57e-03 1.44e-03f  1
 303 -3.4121444e+08 4.64e-01 3.58e+00  -8.0 1.02e+09    -  9.76e-06 1.71e-06f  1
 304 -3.4140834e+08 4.45e-01 6.00e+00  -0.0 4.49e+10    -  5.19e-06 4.32e-06f  1
 305 -3.4194975e+08 1.34e-01 9.11e+00  -0.0 2.66e+08  -9.7 3.27e-03 2.04e-03f  1
 306 -3.4223668e+08 1.57e-01 1.22e+01  -7.9 5.31e+11    -  1.04e-06 5.40e-07f  1
 307 -3.4299275e+08 1.89e-01 1.17e+01   0.1 1.96e+11    -  3.73e-07 3.85e-06f  1
 308 -3.4299275e+08 1.55e-01 4.81e+00  -1.6 1.76e+01    -  5.24e-01 5.86e-01f  1
 309 -3.4299275e+08 1.93e-02 1.95e+00  -1.8 4.53e+00    -  5.24e-01 1.00e+00h  1
iter    objective    inf_pr   inf_du lg(mu)  ||d||  lg(rg) alpha_du alpha_pr  ls
 310 -3.4299275e+08 2.08e-03 3.44e-01  -2.1 5.70e+00    -  8.62e-01 1.00e+00h  1
 311 -3.4299275e+08 1.75e-02 4.25e-01  -2.0 1.06e+02    -  1.84e-01 2.92e-01f  1
 312 -3.4299278e+08 2.33e-01 5.34e-01  -2.1 1.10e+03    -  2.05e-02 1.99e-02f  1
 313 -3.4299358e+08 2.15e-01 6.53e-01  -8.1 5.02e+05    -  2.15e-03 1.59e-03f  1
 314 -3.4299836e+08 1.86e-01 8.92e-01  -8.1 9.07e+07    -  5.22e-05 5.27e-05f  1
 315 -3.4301201e+08 2.64e-01 9.99e-01  -8.1 9.34e+09    -  2.21e-06 1.46e-06f  1
 316 -3.4301482e+08 4.34e-01 1.04e+00  -8.1 7.67e+09    -  4.48e-06 3.67e-07f  1
 317 -3.4375756e+08 1.81e-01 1.92e+00  -0.8 7.97e+08 -10.2 1.34e-03 9.32e-04f  1
 318 -3.4985907e+08 2.19e-01 3.41e+00  -0.1 2.39e+09 -10.7 2.72e-04 2.55e-03f  1
 319 -3.5055777e+08 2.30e-01 3.99e+00  -8.1 1.74e+12    -  6.81e-07 4.01e-07f  1
iter    objective    inf_pr   inf_du lg(mu)  ||d||  lg(rg) alpha_du alpha_pr  ls
 320 -3.5055777e+08 1.68e-01 3.06e+00  -2.1 1.16e+01    -  2.79e-01 5.59e-01h  1
 321 -3.5055777e+08 1.34e-02 1.85e+00  -2.1 7.55e+00    -  3.84e-01 1.00e+00h  1
 322 -3.5055777e+08 2.46e-02 1.95e+00  -1.8 5.98e+00    -  8.46e-01 9.50e-01h  1
 323 -3.5055777e+08 7.13e-03 1.12e+00  -1.9 2.14e+00    -  1.00e+00 1.00e+00h  1
 324 -3.5055777e+08 2.71e-04 1.14e-01  -2.5 4.76e+00    -  9.97e-01 1.00e+00h  1
 325 -3.5055778e+08 1.86e-02 1.22e+00  -1.5 3.76e+02    -  1.30e-01 4.18e-02f  1
 326 -3.5055784e+08 1.30e-01 4.73e+00  -1.0 1.48e+03    -  2.40e-02 4.04e-02f  1
 327 -3.5055820e+08 1.62e-01 7.44e+00  -0.1 1.77e+05    -  6.29e-03 2.05e-03f  1
 328 -3.5057570e+08 2.75e-01 2.57e+00   0.1 7.86e+08    -  1.87e-05 2.23e-05f  1
 329 -3.5075371e+08 2.88e-01 2.72e+00   0.1 2.29e+11    -  3.07e-06 7.76e-07f  1
iter    objective    inf_pr   inf_du lg(mu)  ||d||  lg(rg) alpha_du alpha_pr  ls
 330 -3.5440083e+08 2.88e-01 5.45e+00  -7.9 7.17e+09 -11.2 7.98e-04 5.08e-04f  1
 331 -3.5691316e+08 2.88e-01 1.12e+01  -7.9 1.01e+12    -  7.41e-06 2.50e-06f  1
 332 -3.5994518e+08 2.88e-01 1.37e+01  -7.9 2.15e+10 -11.6 1.53e-04 1.41e-04f  1
 333 -3.5994518e+08 4.26e-02 8.42e+00  -2.8 9.83e+00    -  3.44e-01 1.00e+00f  1
 334 -3.5994518e+08 1.32e-02 1.38e+00  -3.3 5.48e+00    -  6.91e-01 1.00e+00h  1
 335 -3.5994518e+08 2.19e-02 1.37e+00  -8.5 1.11e+03    -  7.84e-03 1.85e-03f  1
 336 -3.5994525e+08 1.27e-01 1.37e+00  -1.8 2.56e+04    -  8.33e-04 2.87e-03f  1
 337 -3.5994528e+08 4.16e-01 1.59e+00  -1.4 2.52e+04    -  4.99e-03 1.27e-03f  1
 338 -3.5994540e+08 1.50e-01 7.59e+00  -1.4 2.38e+04    -  1.46e-02 4.84e-03f  1
 339 -3.5994540e+08 3.59e-03 2.98e+00  -2.7 2.51e+00    -  3.36e-01 1.00e+00h  1
iter    objective    inf_pr   inf_du lg(mu)  ||d||  lg(rg) alpha_du alpha_pr  ls
 340 -3.5994540e+08 2.13e-04 4.53e-01  -3.2 4.68e-01    -  8.48e-01 1.00e+00h  1
 341 -3.5994540e+08 9.02e-04 9.46e-02  -3.3 9.93e-01    -  9.14e-01 1.00e+00h  1
 342 -3.5994540e+08 7.57e-05 5.02e-02  -4.5 2.88e-01    -  9.56e-01 1.00e+00h  1
 343 -3.5994542e+08 1.30e-02 5.82e-02  -2.7 1.73e+04    -  7.25e-04 1.28e-03f  1
 344 -3.5994658e+08 2.04e-02 8.71e-02 -10.3 4.10e+08    -  1.59e-06 2.82e-06f  1
 345 -3.5995244e+08 4.85e-02 1.40e-01  -2.3 1.93e+10 -12.1 9.47e-07 3.04e-07f  1
 346 -3.5996860e+08 5.43e-02 2.04e-01  -2.3 2.34e+10 -11.7 1.84e-06 6.90e-07f  1
 347 -3.6008573e+08 6.43e-02 2.55e-01 -10.3 7.17e+10 -12.2 1.85e-07 1.63e-06f  1
 348 -3.6019891e+08 6.51e-02 2.89e-01  -3.9 1.66e+06    -  4.13e-02 6.80e-02f  1
 349 -3.6185433e+08 7.98e-02 3.42e-01  -2.3 3.40e+14 -11.7 4.65e-09 4.87e-09f  1
iter    objective    inf_pr   inf_du lg(mu)  ||d||  lg(rg) alpha_du alpha_pr  ls
 350 -3.6292092e+08 9.78e-02 3.68e-01  -3.1 1.76e+08    -  4.87e-03 6.07e-03f  1
 351 -3.6390194e+08 1.09e-01 4.08e-01  -3.1 7.03e+07    -  1.45e-02 1.39e-02f  1
 352 -3.6390194e+08 9.66e-02 2.42e-01  -3.2 7.24e+00    -  1.00e+00 6.02e-01h  1
 353 -3.6390194e+08 1.60e-02 2.08e-01  -3.7 4.36e+00    -  3.06e-01 1.00e+00h  1
 354 -3.6390195e+08 1.49e-01 6.58e-01  -2.6 1.07e+02    -  1.36e-02 6.42e-02f  1
 355 -3.6390195e+08 1.54e-01 8.08e-01  -9.2 5.50e+02    -  2.06e-02 8.91e-04f  1
 356 -3.6390197e+08 1.61e-01 1.29e+00  -1.3 1.80e+04    -  7.55e-03 1.25e-03f  1
 357 -3.6390233e+08 2.17e-01 1.29e+00  -1.0 2.33e+06    -  1.95e-05 1.56e-04f  1
 358 -3.6390451e+08 2.17e-01 1.35e+00  -9.0 3.50e+08    -  9.46e-06 6.23e-06f  1
 359 -3.6391512e+08 2.17e-01 1.10e+00  -1.0 5.11e+09    -  2.67e-08 2.08e-06f  1
iter    objective    inf_pr   inf_du lg(mu)  ||d||  lg(rg) alpha_du alpha_pr  ls
 360 -3.6393212e+08 2.17e-01 1.04e+00  -9.0 7.33e+11    -  8.50e-08 2.32e-08f  1
 361 -3.6425454e+08 2.17e-01 9.91e-01  -9.0 3.06e+10 -11.8 2.67e-05 1.05e-05f  1
 362 -3.6428590e+08 2.17e-01 9.91e-01  -1.0 5.01e+11    -  1.75e-08 6.27e-08f  1
 363 -3.6481402e+08 2.17e-01 9.97e-01  -1.5 2.79e+12    -  6.34e-10 1.89e-07f  1
 364 -3.6481402e+08 1.93e-01 9.57e-01  -3.3 5.80e+01    -  2.76e-02 6.92e-02f  1
 365 -3.6481402e+08 1.66e-01 7.64e-01  -3.8 1.45e+01    -  1.76e-01 1.48e-01h  1
 366 -3.6481402e+08 1.68e-01 8.96e-01  -2.5 8.24e+02    -  2.41e-02 8.25e-03f  1
 367 -3.6481403e+08 4.68e-01 9.14e-01  -2.1 1.59e+03    -  8.22e-03 1.49e-02f  1
 368 -3.6481403e+08 7.05e-01 9.24e-01  -9.1 9.04e+02    -  8.92e-03 4.51e-04f  1
 369 -3.6481405e+08 1.61e-01 8.93e-01  -1.4 5.69e+03    -  5.56e-03 4.02e-03f  1
iter    objective    inf_pr   inf_du lg(mu)  ||d||  lg(rg) alpha_du alpha_pr  ls
 370 -3.6481414e+08 1.61e-01 2.06e+00  -1.2 4.97e+04    -  7.44e-03 1.83e-03f  1
 371 -3.6481553e+08 1.61e-01 1.65e+00  -8.8 4.08e+09    -  6.26e-06 3.41e-07f  1
 372 -3.6483153e+08 1.60e-01 1.26e+00  -2.1 1.08e+09 -10.5 1.84e-06 1.48e-05f  1
 373 -3.6484043e+08 1.60e-01 9.84e-01  -0.8 4.29e+09    -  1.11e-05 2.07e-06f  1
 374 -3.6484043e+08 4.15e-02 8.64e-01  -1.8 4.26e+01    -  1.81e-01 7.71e-01f  1
 375 -3.6484043e+08 1.12e-01 9.71e-01  -2.4 1.55e+01    -  7.95e-01 1.00e+00h  1
 376 -3.6484043e+08 2.29e-02 4.56e-01  -1.3 3.76e+02    -  1.24e-01 4.35e-02f  1
 377 -3.6484126e+08 8.13e-02 2.79e+00  -8.0 1.50e+05    -  4.20e-03 5.52e-03f  1
 378 -3.6484422e+08 9.58e-02 3.07e+00  -8.0 4.94e+07    -  1.26e-04 5.99e-05f  1
 379 -3.6488823e+08 1.13e-01 3.34e+00  -8.0 3.83e+09    -  1.82e-05 1.15e-05f  1
iter    objective    inf_pr   inf_du lg(mu)  ||d||  lg(rg) alpha_du alpha_pr  ls
 380 -3.6545833e+08 1.11e-01 3.66e+00  -8.1 4.07e+06    -  1.10e-01 1.40e-01f  1
 381 -3.7212828e+08 5.00e-01 4.81e+00  -0.1 2.48e+10    -  1.83e-04 2.69e-04f  1
 382 -3.7246160e+08 1.00e+00 5.77e+00  -8.1 2.88e+11    -  2.54e-05 1.16e-06f  1
 383 -3.7771951e+08 1.09e+00 3.91e+00  -0.2 1.61e+09 -10.5 1.92e-03 3.26e-03f  1
 384 -3.7771951e+08 6.72e-02 3.04e+00  -2.1 5.00e+01    -  2.93e-01 6.02e-01h  1
 385 -3.7771951e+08 6.05e-03 2.46e+00  -3.9 4.44e+00    -  5.47e-01 9.64e-01h  1
 386 -3.7771951e+08 3.41e-03 6.14e-01  -4.1 4.55e+00    -  7.25e-01 8.32e-01f  1
 387 -3.7771953e+08 2.37e-01 8.29e-01  -0.9 3.71e+04    -  9.26e-04 5.43e-04f  1
 388 -3.7772181e+08 6.29e-02 1.25e+00  -0.9 3.83e+06    -  4.87e-04 5.95e-04f  1
 389 -4.4792741e+08 6.36e-03 1.39e+00  -1.6 4.85e+09 -11.0 4.91e-03 1.45e-02f  1
iter    objective    inf_pr   inf_du lg(mu)  ||d||  lg(rg) alpha_du alpha_pr  ls
 390 -5.5240705e+08 1.24e-01 1.41e+00  -1.0 1.45e+10 -11.5 5.65e-03 7.19e-03f  1
 391 -5.6177033e+08 1.49e-01 1.43e+00  -0.8 4.36e+10 -11.9 2.36e-03 2.15e-04f  1
 392 -5.6177033e+08 5.54e-02 1.14e+00  -2.1 1.82e+01    -  2.05e-01 8.64e-01f  1
 393 -5.6177033e+08 2.61e-03 4.79e-01  -3.1 7.18e+00    -  6.20e-01 1.00e+00h  1
 394 -5.6177034e+08 9.55e-03 3.61e-01  -1.7 1.23e+03    -  8.93e-03 9.26e-03f  1
 395 -5.6177041e+08 9.72e-03 2.08e-01  -8.7 9.68e+04    -  5.83e-04 7.11e-04f  1
 396 -5.6177085e+08 9.92e-03 6.73e-01  -1.3 3.53e+06    -  2.61e-04 1.23e-04f  1
 397 -5.6177396e+08 1.03e-02 1.19e+00  -8.8 3.82e+08    -  1.79e-05 8.14e-06f  1
 398 -5.6207973e+08 3.95e-02 1.85e+00  -8.8 2.18e+11    -  4.37e-06 1.40e-06f  1
 399 -5.6269869e+08 1.08e-01 2.03e+00  -0.8 1.16e+11 -12.4 3.64e-06 5.34e-06f  1
iter    objective    inf_pr   inf_du lg(mu)  ||d||  lg(rg) alpha_du alpha_pr  ls
 400 -5.6281500e+08 2.69e-01 2.71e+00  -8.8 4.68e+10 -12.0 1.92e-05 2.48e-06f  1
 401 -5.6281500e+08 1.43e-02 1.44e+00  -2.2 1.80e+01    -  5.13e-01 6.28e-01f  1
 402 -5.6281500e+08 1.95e-03 2.58e-01  -3.0 3.63e+00    -  7.52e-01 1.00e+00h  1
 403 -5.6281503e+08 2.73e-02 1.88e-01  -1.2 1.11e+04    -  4.62e-03 2.61e-03f  1
 404 -5.6281516e+08 5.64e-03 2.23e-01  -8.7 6.31e+05    -  3.60e-04 2.04e-04f  1
 405 -5.6281642e+08 1.40e-01 2.80e-01  -2.9 1.46e+07    -  3.34e-06 8.65e-05f  1
 406 -5.6282057e+08 1.41e-01 5.86e-01  -8.7 5.22e+09    -  6.95e-06 7.95e-07f  1
 407 -5.6282508e+08 1.41e-01 7.09e-01  -0.7 9.35e+10 -12.5 1.02e-06 4.82e-08f  1
 408 -5.6394834e+08 1.02e-02 4.10e-01  -2.3 1.65e+08    -  8.67e-03 6.80e-03f  1
 409 -5.6526907e+08 1.24e-01 1.69e+00  -2.2 3.50e+08    -  1.28e-02 3.77e-03f  1
iter    objective    inf_pr   inf_du lg(mu)  ||d||  lg(rg) alpha_du alpha_pr  ls
 410 -5.7064971e+08 1.18e-01 3.72e+00  -1.3 7.14e+08 -12.9 4.82e-03 7.54e-03f  1
 411 -5.7064971e+08 9.66e-02 1.65e+00  -2.9 3.01e+00    -  5.44e-01 4.04e-01h  1
 412 -5.7064971e+08 1.43e-02 1.36e+00  -3.5 5.42e+00    -  1.91e-01 9.91e-01h  1
 413 -5.7064971e+08 5.22e-04 9.34e-01  -8.9 4.88e+00    -  3.69e-01 1.00e+00f  1
 414 -5.7064973e+08 7.58e-03 8.93e-01  -2.3 3.01e+04    -  4.03e-04 5.99e-04f  1
 415 -5.7064985e+08 1.24e-02 1.25e+00  -9.1 7.83e+05    -  1.72e-04 1.54e-04f  1
 416 -5.7065088e+08 4.23e-02 1.18e+00  -3.4 2.08e+07    -  2.90e-05 4.96e-05f  1
 417 -5.7065127e+08 5.44e-02 1.54e+00  -9.1 1.37e+08    -  3.15e-05 2.88e-06f  1
 418 -5.7066513e+08 1.05e-01 1.29e+00  -1.2 1.54e+09 -13.4 1.84e-06 9.02e-06f  1
 419 -5.7068867e+08 1.09e-01 1.24e+00  -2.0 1.75e+10    -  1.12e-06 1.35e-06f  1
iter    objective    inf_pr   inf_du lg(mu)  ||d||  lg(rg) alpha_du alpha_pr  ls
 420 -5.7079731e+08 1.45e-01 1.13e+00  -1.1 1.29e+11 -13.0 1.06e-06 8.44e-07f  1
 421 -5.7096407e+08 1.45e-01 4.83e-01  -1.1 4.30e+11 -13.5 7.87e-07 3.88e-07f  1
 422 -5.7304237e+08 1.45e-01 4.26e-01  -1.1 7.22e+10 -13.0 5.44e-06 2.88e-05f  1
 423 -5.7306161e+08 1.45e-01 4.02e-01  -9.1 2.62e+10 -11.7 2.94e-05 7.34e-07f  1
 424 -5.7316285e+08 1.45e-01 3.98e-01  -1.9 1.86e+10    -  2.17e-06 5.45e-06f  1
 425 -5.7316285e+08 1.63e-01 5.96e-01  -3.3 9.86e+00    -  1.38e-02 5.40e-01f  1
 426 -5.7316285e+08 3.00e-03 6.67e-01  -3.7 5.27e+00    -  3.08e-01 1.00e+00h  1
 427 -5.7316286e+08 2.52e-03 4.08e-01  -9.2 1.54e+01    -  2.07e-01 3.08e-01f  1
 428 -5.7316295e+08 1.63e-02 6.55e-01  -9.3 7.47e+05    -  3.57e-05 1.30e-04f  1
 429 -5.7316363e+08 1.60e-02 1.00e+00  -2.1 2.66e+07 -12.2 2.70e-04 2.53e-05f  1
iter    objective    inf_pr   inf_du lg(mu)  ||d||  lg(rg) alpha_du alpha_pr  ls
 430 -5.7325912e+08 3.05e-02 1.00e+00  -2.7 5.22e+07    -  5.81e-05 1.83e-03f  1
 431 -5.7342292e+08 5.30e-02 9.07e-01  -2.1 4.69e+07    -  5.85e-03 3.50e-03f  1
 432 -5.7393726e+08 6.92e-02 8.41e-01  -2.9 4.70e+07    -  9.84e-03 1.09e-02f  1
 433 -5.7407601e+08 6.80e-02 8.46e-01  -1.3 2.02e+11 -12.7 3.68e-06 6.88e-07f  1
 434 -5.7409888e+08 6.82e-02 8.32e-01  -1.3 6.51e+11 -13.2 5.66e-07 3.51e-08f  1
 435 -5.7409888e+08 4.76e-03 7.41e-01  -2.7 1.15e+01    -  6.51e-02 1.00e+00f  1
 436 -5.7409888e+08 3.97e-03 3.97e-01  -3.4 3.39e+01    -  3.59e-01 2.12e-01f  1
 437 -5.7409889e+08 9.08e-03 4.34e-01  -1.2 2.46e+04    -  6.05e-04 5.19e-04f  1
 438 -5.7409897e+08 4.89e-02 3.66e-01  -1.2 4.69e+05    -  3.14e-04 1.64e-04f  1
 439 -5.7409904e+08 1.50e-01 2.87e-01  -9.2 5.45e+05    -  6.57e-05 1.30e-04f  1
iter    objective    inf_pr   inf_du lg(mu)  ||d||  lg(rg) alpha_du alpha_pr  ls
 440 -5.7409908e+08 1.84e-01 2.98e-01  -1.2 5.36e+05    -  4.66e-05 6.69e-05f  1
 441 -5.7409917e+08 1.85e-01 3.87e-01  -9.2 2.30e+06    -  8.14e-06 4.08e-05f  1
 442 -5.7409917e+08 1.18e-02 1.93e-01  -2.6 1.55e+01    -  3.59e-01 1.00e+00f  1
 443 -5.7409917e+08 8.80e-04 9.70e-02  -3.6 3.67e+00    -  7.02e-01 1.00e+00f  1
 444 -5.7409919e+08 5.50e-03 5.35e-02  -9.2 1.73e+04    -  7.88e-04 8.61e-04f  1
 445 -5.7409930e+08 4.51e-02 6.35e-02  -9.2 4.20e+05    -  2.22e-04 2.70e-04f  1
 446 -5.7409939e+08 3.55e-01 5.35e-02  -9.2 1.59e+07    -  1.26e-05 5.54e-06f  1
 447 -5.7410068e+08 4.67e-02 5.92e-02  -9.2 1.17e+09    -  2.93e-07 1.10e-06f  1
 448 -5.7410456e+08 8.05e-02 9.05e-02  -1.2 2.03e+09    -  6.72e-08 1.91e-06f  1
 449 -5.7410590e+08 8.19e-02 9.39e-02  -9.2 2.45e+09    -  1.71e-07 5.45e-07f  1
iter    objective    inf_pr   inf_du lg(mu)  ||d||  lg(rg) alpha_du alpha_pr  ls
 450 -5.7413149e+08 3.99e-01 1.03e-01  -1.2 5.92e+10 -12.3 4.00e-08 4.32e-07f  1
 451 -5.7413280e+08 4.08e-01 1.17e-01  -9.2 1.77e+12    -  3.28e-08 7.39e-10f  1
 452 -5.7415665e+08 8.31e-02 1.18e-01  -1.2 6.62e+11    -  8.78e-09 3.60e-08f  1
 453 -5.7421246e+08 8.32e-02 1.22e-01  -3.3 2.90e+11 -12.8 9.05e-08 1.93e-07f  1
 454 -5.7501286e+08 8.37e-02 1.33e-01  -1.6 8.33e+11 -13.3 6.14e-07 9.61e-07f  1
 455 -5.7696703e+08 8.92e-02 1.49e-01  -1.2 1.55e+12 -13.7 4.27e-07 1.26e-06f  1
 456 -5.7749544e+08 8.93e-02 1.82e-01  -9.2 6.00e+12    -  3.24e-07 8.81e-08f  1
 457 -5.7749544e+08 4.78e-02 1.76e-01  -3.7 8.80e+00    -  1.55e-02 8.39e-01f  1
 458 -5.7749544e+08 1.04e-01 1.94e-01  -2.7 5.06e+02    -  2.98e-03 8.80e-02f  1
 459 -5.7749544e+08 9.22e-02 6.08e-01  -2.3 2.64e+02    -  1.99e-01 5.68e-02f  1
iter    objective    inf_pr   inf_du lg(mu)  ||d||  lg(rg) alpha_du alpha_pr  ls
 460 -5.7749622e+08 8.95e-02 9.78e-01  -8.8 2.13e+06    -  4.02e-04 3.62e-04f  1
 461 -5.7749801e+08 1.48e-01 1.19e+00  -8.9 1.48e+09    -  8.13e-06 1.21e-06f  1
 462 -5.7754207e+08 1.49e-01 1.23e+00  -8.9 1.39e+11    -  3.63e-07 3.17e-07f  1
 463 -5.7825580e+08 1.53e-01 1.40e+00  -8.9 1.96e+11    -  2.56e-06 3.65e-06f  1
 464 -5.7970273e+08 3.32e-01 1.59e+00  -0.9 5.16e+09 -13.3 2.52e-04 2.81e-04f  1
 465 -5.8180813e+08 3.81e-01 1.84e+00  -0.9 1.41e+11 -12.5 1.04e-05 1.49e-05f  1
 466 -5.8241358e+08 3.81e-01 1.94e+00  -8.9 3.47e+11    -  1.01e-05 1.75e-06f  1
 467 -5.8241358e+08 1.09e-01 1.34e+00  -3.9 2.88e+00    -  3.19e-01 5.30e-01h  1
 468 -5.8241358e+08 4.92e-02 7.91e-01  -3.3 6.75e+00    -  5.04e-02 8.80e-01h  1
 469 -5.8241358e+08 5.39e-02 7.64e-01  -2.3 1.45e+02    -  3.47e-02 6.85e-03f  1
iter    objective    inf_pr   inf_du lg(mu)  ||d||  lg(rg) alpha_du alpha_pr  ls
 470 -5.8241365e+08 1.53e-01 7.63e-01  -1.0 2.98e+04    -  1.27e-03 2.51e-03f  1
 471 -5.8241382e+08 2.53e-01 9.26e-01  -1.1 1.21e+05    -  6.70e-04 1.39e-03f  1
 472 -5.8241391e+08 2.55e-01 9.87e-01  -0.9 4.00e+06    -  1.05e-04 2.28e-05f  1
 473 -5.8241530e+08 2.60e-01 1.08e+00  -0.9 7.04e+07    -  1.79e-05 1.97e-05f  1
 474 -5.8241580e+08 2.58e-01 1.13e+00  -8.9 3.49e+08    -  6.29e-06 1.42e-06f  1
 475 -5.8244852e+08 2.23e-01 1.03e+00  -0.9 1.00e+10    -  8.41e-08 3.26e-06f  1
 476 -5.8278755e+08 2.70e-01 1.11e+00  -0.9 2.70e+11 -12.9 4.77e-06 1.26e-06f  1
 477 -5.8403902e+08 2.78e-01 1.10e+00  -8.9 3.34e+12    -  3.12e-07 3.74e-07f  1
 478 -5.8685285e+08 2.88e-01 1.12e+00  -1.1 7.47e+09 -11.2 3.34e-04 3.77e-04f  1
 479 -5.8734117e+08 2.88e-01 1.12e+00  -1.2 5.04e+11    -  7.65e-07 9.69e-07f  1
iter    objective    inf_pr   inf_du lg(mu)  ||d||  lg(rg) alpha_du alpha_pr  ls
 480 -5.8734117e+08 2.41e-01 9.76e-01  -4.1 1.36e+01    -  1.06e-01 1.64e-01h  1
 481 -5.8734117e+08 2.41e-01 9.32e-01  -4.1 5.17e+01    -  5.50e-02 3.08e-03h  1
 482 -5.8734117e+08 2.41e-01 7.44e-01  -1.2 5.46e+04    -  5.30e-04 3.37e-05f  1
 483 -5.8734122e+08 2.41e-01 7.54e-01  -9.0 2.44e+06    -  1.36e-06 1.97e-05f  1
 484 -5.8734146e+08 2.41e-01 7.82e-01  -1.2 2.28e+07    -  2.49e-05 1.08e-05f  1
 485 -5.8734400e+08 2.54e-01 8.71e-01  -1.0 1.71e+08    -  5.45e-06 1.48e-05f  1
 486 -5.8734440e+08 2.54e-01 8.84e-01  -9.0 3.41e+08    -  2.22e-06 1.19e-06f  1
 487 -5.8736089e+08 2.54e-01 9.14e-01  -9.0 9.58e+10 -11.7 1.32e-08 1.72e-07f  1
 488 -5.8750272e+08 2.54e-01 8.71e-01  -1.3 5.57e+10    -  2.58e-05 2.55e-06f  1
 489 -5.8783385e+08 2.54e-01 8.88e-01  -2.4 1.31e+11    -  1.18e-05 2.53e-06f  1
iter    objective    inf_pr   inf_du lg(mu)  ||d||  lg(rg) alpha_du alpha_pr  ls
 490 -5.8919280e+08 2.54e-01 8.92e-01  -4.5 1.31e+12    -  9.56e-09 1.04e-06f  1
 491 -5.8939326e+08 2.54e-01 8.93e-01  -2.0 2.40e+11    -  2.03e-07 8.36e-07f  1
 492 -5.8939326e+08 1.19e-01 9.09e-01  -2.7 2.81e+01    -  4.75e-04 6.16e-01f  1
 493 -5.8939326e+08 1.54e-02 5.74e-01  -2.7 4.64e+01    -  3.88e-01 8.89e-01h  1
 494 -5.8939327e+08 2.20e-02 1.11e+00  -2.0 3.79e+02    -  9.04e-02 3.72e-02f  1
 495 -5.8939333e+08 7.09e-02 1.06e+00  -1.2 3.27e+03    -  1.59e-03 2.03e-02f  1
 496 -5.8939359e+08 4.42e-01 1.61e+00  -8.6 4.01e+05    -  6.58e-04 6.49e-04f  1
 497 -5.8939409e+08 3.99e-01 1.62e+00  -0.6 4.83e+06    -  1.66e-05 1.04e-04f  1
 498 -5.8939517e+08 4.12e-01 1.76e+00  -8.6 3.00e+08    -  1.99e-06 3.59e-06f  1
 499 -5.8940671e+08 4.13e-01 1.82e+00  -0.6 7.92e+09    -  1.02e-06 1.46e-06f  1
iter    objective    inf_pr   inf_du lg(mu)  ||d||  lg(rg) alpha_du alpha_pr  ls
 500 -5.8958169e+08 4.09e-01 1.90e+00  -8.6 6.60e+10 -12.1 2.66e-06 2.65e-06f  1
 501 -5.8981056e+08 3.95e-01 2.00e+00  -0.6 1.86e+11 -12.6 1.50e-06 1.23e-06f  1
 502 -5.9071188e+08 3.49e-01 1.94e+00  -0.6 4.10e+12    -  3.16e-08 2.20e-07f  1
 503 -5.9071188e+08 1.44e-01 1.98e+00  -3.0 1.01e+01    -  5.36e-04 4.69e-01f  1
 504 -5.9071189e+08 4.48e-02 1.74e+00  -4.3 1.27e+01    -  1.31e-01 6.91e-01h  1
 505 -5.9071193e+08 1.25e-02 1.91e+00  -0.9 7.28e+03    -  8.31e-04 5.43e-03f  1
 506 -5.9071199e+08 1.91e-01 2.00e+00  -0.7 8.22e+05    -  1.17e-04 8.36e-05f  1
 507 -5.9071333e+08 3.25e-01 2.09e+00  -0.7 8.63e+07    -  2.67e-05 1.55e-05f  1
 508 -5.9071484e+08 3.12e-01 2.13e+00  -0.7 8.44e+07    -  1.83e-05 1.78e-05f  1
 509 -5.9071879e+08 3.91e-01 2.17e+00  -0.7 1.06e+09    -  3.84e-06 3.73e-06f  1
iter    objective    inf_pr   inf_du lg(mu)  ||d||  lg(rg) alpha_du alpha_pr  ls
 510 -5.9072447e+08 3.91e-01 2.22e+00  -8.7 1.78e+09    -  4.45e-06 3.18e-06f  1
 511 -5.9073365e+08 3.91e-01 2.22e+00  -8.7 5.65e+09 -13.1 1.48e-06 1.63e-06f  1
 512 -5.9080613e+08 3.89e-01 2.20e+00  -0.7 1.67e+10    -  1.68e-05 4.33e-06f  1
 513 -6.0013823e+08 3.89e-01 2.00e+00  -3.0 8.16e+11    -  7.33e-06 1.14e-05f  1
 514 -6.0713480e+08 3.89e-01 1.93e+00  -8.7 2.26e+11 -12.7 3.36e-07 3.10e-05f  1
 515 -6.0740062e+08 3.89e-01 1.70e+00  -4.8 1.62e+10    -  6.85e-04 1.64e-05f  1
 516 -6.0740062e+08 1.19e-01 1.76e+00  -2.4 1.07e+01    -  8.72e-05 4.22e-01f  1
 517 -6.0740062e+08 1.22e-02 1.17e+00  -2.7 7.62e+00    -  5.09e-01 1.00e+00h  1
 518 -6.0740062e+08 1.62e-02 5.93e-01  -2.2 3.53e+01    -  2.37e-01 4.83e-01f  1
 519 -6.0740063e+08 2.20e-02 1.29e+01  -1.2 3.98e+02    -  4.19e-01 3.20e-02f  1
iter    objective    inf_pr   inf_du lg(mu)  ||d||  lg(rg) alpha_du alpha_pr  ls
 520 -6.0740194e+08 4.39e-02 6.32e+00  -0.3 7.91e+04    -  2.18e-02 1.66e-02f  1
 521 -6.0758846e+08 3.89e-01 7.67e+00  -7.4 1.37e+10    -  1.40e-05 1.36e-05f  1
 522 -6.1075255e+08 3.93e-01 9.26e+00   0.1 1.15e+11    -  2.10e-05 2.75e-05f  1
 523 -6.1269674e+08 3.86e-01 1.28e+01  -7.5 4.98e+10    -  3.37e-05 3.90e-05f  1
 524 -6.1534416e+08 9.77e-01 2.09e+01  -1.2 8.66e+10 -13.1 4.53e-05 3.06e-05f  1
 525 -6.1534416e+08 3.97e-01 9.60e+00  -7.5 5.57e+00    -  2.66e-01 4.55e-01h  1
 526 -6.1534416e+08 1.38e-01 4.36e+00  -2.9 4.93e+00    -  4.81e-01 2.46e-01h  1
 527 -6.1534416e+08 9.48e-02 3.19e+00  -2.7 1.28e+01    -  2.18e-01 5.30e-01h  1
 528 -6.1534417e+08 1.05e-01 6.41e+00  -1.6 4.42e+01    -  7.74e-02 4.85e-01f  1
 529 -6.1534418e+08 3.24e-01 1.14e+01   0.1 2.81e+03    -  2.42e-02 8.60e-03f  1
iter    objective    inf_pr   inf_du lg(mu)  ||d||  lg(rg) alpha_du alpha_pr  ls
 530 -6.1534426e+08 1.36e-01 2.40e+01  -0.5 6.34e+03    -  4.42e-02 1.31e-02f  1
 531 -6.1534549e+08 2.86e-01 4.66e+01  -0.1 4.20e+05    -  2.32e-03 2.93e-03f  1
 532 -6.1535627e+08 3.36e-01 9.37e+01   0.7 6.71e+07    -  7.26e-04 1.61e-04f  1
 533 -6.1608576e+08 3.36e-01 1.16e+02   0.8 1.57e+11 -13.6 6.75e-06 4.64e-06f  1
 534 -6.1620466e+08 3.36e-01 1.55e+02   0.8 4.15e+11 -14.1 2.63e-06 2.86e-07f  1
 535 -6.1666008e+08 3.36e-01 1.70e+02   0.8 7.84e+11 -14.6 5.04e-07 5.81e-07f  1
 536 -6.1666008e+08 3.19e-01 1.61e+02  -2.9 2.63e+01    -  6.38e-02 5.06e-02h  1
 537 -6.1666008e+08 6.78e-02 8.49e+01  -1.4 3.00e+01    -  3.43e-01 9.54e-01f  1
 538 -6.1666012e+08 1.96e-01 1.09e+02  -0.4 1.03e+03    -  3.01e-02 3.64e-02f  1
 539 -6.1666172e+08 1.94e-01 9.77e+01   0.8 2.38e+06    -  3.17e-04 6.74e-04f  1
iter    objective    inf_pr   inf_du lg(mu)  ||d||  lg(rg) alpha_du alpha_pr  ls
 540 -6.1666487e+08 1.35e-01 7.50e+01  -0.2 2.55e+06    -  6.95e-04 1.23e-03f  1
 541 -6.1666691e+08 3.31e-01 7.02e+01   0.8 2.78e+06    -  7.59e-04 7.33e-04f  1
 542 -6.1666691e+08 3.28e-01 6.37e+01  -7.2 2.43e+00    -  9.31e-02 1.49e-02h  1
 543 -6.1666691e+08 1.51e-01 2.17e+01  -1.7 1.16e+01    -  1.56e-01 5.50e-01f  1
 544 -6.1666691e+08 1.09e-01 4.76e+00  -2.6 2.79e+00    -  2.28e-01 2.99e-01h  1
 545 -6.1666691e+08 1.15e-01 4.18e+00  -3.3 3.77e+00    -  2.71e-01 2.22e-01h  1
 546 -6.1666691e+08 1.29e-01 4.87e+00  -7.5 3.32e+00    -  2.97e-01 1.82e-01h  1
 547 -6.1666691e+08 1.29e-01 9.76e-01  -3.4 5.10e+00    -  6.45e-01 1.51e-01h  1
 548 -6.1666691e+08 1.25e-01 3.97e+00  -2.2 2.64e+02    -  2.32e-02 1.35e-02f  1
 549 -6.1666693e+08 1.36e-01 5.33e+00  -1.3 1.37e+03    -  1.35e-02 1.60e-02f  1
iter    objective    inf_pr   inf_du lg(mu)  ||d||  lg(rg) alpha_du alpha_pr  ls
 550 -6.1666702e+08 1.42e-01 8.11e+00  -0.1 1.23e+05    -  1.62e-03 7.66e-04f  1
 551 -6.1666715e+08 1.42e-01 3.32e+00  -8.0 5.01e+06    -  1.09e-04 2.48e-05f  1
 552 -6.1666904e+08 1.43e-01 3.34e+00  -8.1 4.44e+08    -  2.36e-05 4.25e-06f  1
 553 -6.1669091e+08 1.43e-01 3.32e+00  -8.1 1.39e+11 -15.0 1.73e-08 1.57e-07f  1
 554 -6.1673351e+08 1.43e-01 3.30e+00  -8.1 6.48e+11 -15.5 2.85e-06 6.58e-08f  1
 555 -6.1739482e+08 1.43e-01 3.29e+00  -2.8 3.17e+11 -13.3 5.29e-08 2.09e-06f  1
 556 -6.5877416e+08 2.10e-01 3.11e+00  -4.2 6.57e+10    -  4.13e-04 6.30e-04f  1
 557 -6.5877416e+08 1.34e-01 2.36e+00  -2.5 1.06e+01    -  1.54e-01 3.63e-01h  1
 558 -6.5877416e+08 4.88e-02 4.06e+00  -2.7 9.76e+00    -  2.52e-01 8.43e-01h  1
 559 -6.5877416e+08 3.00e-02 2.37e+00  -8.2 6.28e+00    -  4.52e-01 4.24e-01h  1
iter    objective    inf_pr   inf_du lg(mu)  ||d||  lg(rg) alpha_du alpha_pr  ls
 560 -6.5877416e+08 8.55e-02 6.23e-01  -3.1 1.76e+01    -  5.35e-01 1.00e+00h  1
 561 -6.5877416e+08 2.18e-03 3.55e-01  -3.2 2.43e+00    -  4.30e-01 1.00e+00h  1
 562 -6.5877416e+08 4.16e-05 5.55e-02  -4.5 2.17e-01    -  8.44e-01 1.00e+00h  1
 563 -6.5877423e+08 7.68e-03 8.70e-02  -1.6 5.11e+04    -  1.87e-03 1.38e-03f  1
 564 -6.5878306e+08 4.90e-02 2.50e-01  -9.6 6.59e+08    -  8.80e-06 1.34e-05f  1
 565 -6.5878853e+08 2.41e-01 4.68e-01  -9.6 5.91e+08 -11.1 1.71e-05 9.25e-06f  1
 566 -6.5879545e+08 2.41e-01 4.90e-01  -9.6 1.01e+11    -  1.74e-07 6.84e-08f  1
 567 -6.5945971e+08 2.98e-01 4.71e-01  -9.6 1.70e+10 -11.5 2.15e-06 3.90e-05f  1
 568 -6.5947794e+08 3.06e-01 4.92e-01  -1.6 8.14e+11    -  5.11e-07 2.24e-08f  1
 569 -6.6107004e+08 3.00e-01 4.78e-01  -2.3 6.39e+09 -11.1 1.10e-03 2.49e-04f  1
iter    objective    inf_pr   inf_du lg(mu)  ||d||  lg(rg) alpha_du alpha_pr  ls
 570 -6.6379207e+08 3.09e-01 4.61e-01  -1.6 1.92e+10 -11.6 9.56e-05 1.42e-04f  1
 571 -6.6861702e+08 3.06e-01 4.20e-01  -1.6 5.75e+10 -12.1 1.76e-04 8.39e-05f  1
 572 -6.6861702e+08 2.90e-01 4.47e-01  -3.2 1.02e+01    -  5.52e-02 4.20e-01h  1
 573 -6.6861702e+08 2.06e-01 3.87e-01  -3.2 5.24e+01    -  9.91e-02 2.75e-01f  1
 574 -6.6861703e+08 2.00e-01 4.94e-01  -1.5 3.01e+04    -  4.02e-04 6.13e-04f  1
 575 -6.6861707e+08 1.93e-01 5.17e-01  -1.5 1.19e+06    -  3.97e-05 3.17e-05f  1
 576 -6.6861735e+08 1.92e-01 7.70e-01  -1.5 1.22e+08    -  3.24e-05 2.29e-06f  1
 577 -6.6862408e+08 1.82e-01 7.46e-01  -1.5 2.31e+10    -  2.51e-07 2.92e-07f  1
 578 -6.6862734e+08 1.82e-01 7.40e-01  -9.5 1.48e+11 -12.5 1.28e-07 2.20e-08f  1
 579 -6.6863744e+08 1.80e-01 7.05e-01  -1.7 4.56e+11 -13.0 2.18e-07 2.21e-08f  1
iter    objective    inf_pr   inf_du lg(mu)  ||d||  lg(rg) alpha_du alpha_pr  ls
 580 -6.6881753e+08 1.73e-01 6.76e-01  -3.6 2.35e+12    -  2.34e-07 7.68e-08f  1
 581 -6.7006002e+08 1.63e-01 5.79e-01  -1.5 1.22e+12 -13.5 8.70e-07 1.02e-06f  1
 582 -6.7077324e+08 1.62e-01 3.95e-01  -1.5 6.39e+11 -14.0 2.75e-06 1.12e-06f  1
 583 -6.7077324e+08 3.35e-02 9.04e-01  -2.4 2.48e+01    -  8.57e-02 9.91e-01f  1
 584 -6.7077324e+08 2.45e-03 1.12e-01  -3.5 2.35e+00    -  1.00e+00 1.00e+00h  1
 585 -6.7077325e+08 1.26e-01 6.92e-02  -9.5 1.25e+01    -  2.63e-01 1.00e+00f  1
 586 -6.7077326e+08 2.34e-01 3.05e-01  -9.7 3.09e+04    -  1.06e-03 3.57e-04f  1
 587 -6.7077328e+08 2.36e-01 3.10e-01  -1.7 1.57e+07    -  1.30e-05 1.36e-06f  1
 588 -6.7077418e+08 2.36e-01 3.12e-01  -2.4 9.97e+09    -  4.92e-08 9.05e-08f  1
 589 -6.7082756e+08 2.36e-01 3.28e-01  -3.9 1.81e+12    -  3.08e-08 2.95e-08f  1
iter    objective    inf_pr   inf_du lg(mu)  ||d||  lg(rg) alpha_du alpha_pr  ls
 590 -6.7163597e+08 2.40e-01 3.24e-01  -3.8 1.67e+12 -13.5 5.92e-07 4.84e-07f  1
 591 -6.7177322e+08 2.40e-01 3.20e-01  -4.1 1.70e+08 -14.0 3.00e-03 8.07e-04f  1
 592 -6.7450162e+08 1.82e-01 3.47e-01  -3.8 1.21e+07    -  1.01e-03 2.25e-01f  1
 593 -6.7916661e+08 1.79e-01 2.89e-01  -2.3 8.13e+08 -14.5 6.11e-03 5.74e-03f  1
 594 -6.8344816e+08 2.96e-01 2.18e-01  -3.0 1.90e+07 -12.3 1.27e-01 2.26e-01f  1
 595 -6.8344816e+08 2.10e-02 4.08e-01  -2.7 2.00e+01    -  1.00e+00 9.73e-01h  1
 596 -6.8344817e+08 1.27e-02 8.80e-02  -3.1 4.68e+00    -  7.01e-01 1.00e+00f  1
 597 -6.8344914e+08 5.31e-02 1.11e-01  -8.8 1.83e+07    -  5.56e-05 5.32e-05f  1
 598 -6.8345768e+08 1.07e-01 1.96e-01  -8.9 4.69e+08    -  4.66e-06 1.82e-05f  1
 599 -6.8346870e+08 1.46e-01 1.95e-01  -0.9 1.25e+10    -  7.75e-08 8.78e-07f  1
iter    objective    inf_pr   inf_du lg(mu)  ||d||  lg(rg) alpha_du alpha_pr  ls
 600 -6.8348813e+08 1.43e-01 2.90e-01  -8.9 1.35e+11    -  1.24e-07 1.44e-07f  1
 601 -6.8355425e+08 1.31e-01 3.06e-01  -8.9 9.88e+11    -  3.61e-08 6.69e-08f  1
 602 -6.8362036e+08 1.31e-01 3.21e-01  -8.9 2.55e+11 -12.7 1.60e-06 2.59e-07f  1
 603 -6.8861011e+08 1.30e-01 3.25e-01  -2.0 2.24e+12    -  5.42e-07 2.23e-06f  1
 604 -6.9086702e+08 2.35e-01 3.23e-01  -8.9 8.14e+11 -13.2 7.84e-08 2.77e-06f  1
 605 -6.9158912e+08 2.38e-01 4.45e-01  -8.9 8.23e+12    -  5.08e-06 8.78e-08f  1
 606 -6.9158912e+08 2.73e-02 4.53e-01  -2.3 1.44e+01    -  6.15e-02 1.00e+00f  1
 607 -6.9158912e+08 4.45e-03 2.21e-01  -3.2 1.39e+01    -  5.13e-01 1.00e+00h  1
 608 -6.9158913e+08 1.52e-02 2.95e-01  -1.8 2.29e+03    -  1.11e-02 4.52e-03f  1
 609 -6.9158919e+08 7.57e-02 2.41e-01  -0.9 3.23e+04    -  2.39e-03 1.77e-03f  1
iter    objective    inf_pr   inf_du lg(mu)  ||d||  lg(rg) alpha_du alpha_pr  ls
 610 -6.9158999e+08 1.04e-01 3.44e-01  -8.8 5.91e+06    -  2.10e-04 1.35e-04f  1
 611 -6.9160140e+08 9.93e-02 3.43e-01  -0.8 5.50e+09    -  2.42e-06 2.07e-06f  1
 612 -6.9161463e+08 1.02e-01 1.22e+00  -8.9 4.12e+10    -  1.22e-06 3.22e-07f  1
 613 -6.9163471e+08 1.02e-01 1.39e+00  -1.6 4.57e+10    -  5.69e-06 4.39e-07f  1
 614 -6.9343572e+08 5.90e-01 2.03e+00  -1.6 5.78e+10 -12.8 7.74e-05 3.12e-05f  1
 615 -6.9758599e+08 6.01e-01 2.25e+00  -8.9 9.26e+11 -13.3 7.48e-07 4.48e-06f  1
 616 -7.0138836e+08 5.76e-01 2.63e+00  -0.9 6.64e+10    -  3.74e-05 5.73e-05f  1
 617 -7.0138836e+08 5.48e-02 2.48e+00  -2.1 3.50e+01    -  2.69e-01 9.25e-01f  1
 618 -7.0138836e+08 1.87e-02 1.55e-01  -2.7 5.76e+00    -  8.54e-01 1.00e+00h  1
 619 -7.0138837e+08 2.24e-02 1.83e-01  -8.6 1.08e+03    -  8.03e-03 1.65e-02f  1
iter    objective    inf_pr   inf_du lg(mu)  ||d||  lg(rg) alpha_du alpha_pr  ls
 620 -7.0138839e+08 6.25e-02 1.46e+00  -0.9 1.93e+03    -  1.95e-02 1.23e-02f  1
 621 -7.0138845e+08 6.02e-02 1.72e+00  -1.0 8.44e+05    -  8.18e-04 7.56e-05f  1
 622 -7.0139353e+08 6.69e-02 3.27e+00  -8.4 1.71e+08    -  4.69e-05 2.96e-05f  1
 623 -7.0154971e+08 7.16e-02 3.23e+00  -8.4 1.73e+10    -  5.87e-06 9.01e-06f  1
 624 -7.0225772e+08 1.09e-01 3.52e+00  -8.4 4.35e+10 -11.9 1.55e-05 1.63e-05f  1
 625 -7.0340313e+08 1.42e-01 3.47e+00  -8.4 8.97e+11    -  2.77e-08 1.28e-06f  1
 626 -7.0412564e+08 1.43e-01 3.97e+00  -8.4 1.84e+11    -  2.71e-06 3.94e-06f  1
 627 -7.0412564e+08 1.18e-01 3.65e+00  -2.6 1.63e+01    -  1.09e-01 2.20e-01f  1
 628 -7.0412564e+08 6.56e-03 2.57e+00  -2.9 1.23e+01    -  2.77e-01 9.66e-01f  1
 629 -7.0412566e+08 7.79e-03 9.35e-01  -8.5 1.81e+04    -  2.74e-03 1.03e-03f  1
iter    objective    inf_pr   inf_du lg(mu)  ||d||  lg(rg) alpha_du alpha_pr  ls
 630 -7.0412588e+08 7.75e-03 9.31e-01  -8.5 1.17e+07    -  4.23e-05 1.84e-05f  1
 631 -7.0412800e+08 2.08e-02 9.33e-01  -8.5 2.93e+08    -  8.19e-07 7.23e-06f  1
 632 -7.0413017e+08 2.08e-02 9.35e-01  -8.5 5.23e+09    -  4.61e-06 4.15e-07f  1
 633 -7.0419941e+08 3.52e-02 9.35e-01  -8.5 4.61e+10 -12.4 1.37e-08 1.50e-06f  1
 634 -7.0509164e+08 5.72e-02 9.35e-01  -8.5 4.85e+10 -12.0 2.63e-07 1.84e-05f  1
 635 -7.0612875e+08 7.34e-02 9.36e-01  -1.3 8.81e+11    -  1.37e-07 1.18e-06f  1
 636 -7.1506651e+08 7.89e-02 9.41e-01  -4.4 1.02e+11 -12.5 1.13e-04 8.77e-05f  1
 637 -7.2125594e+08 1.59e-01 1.51e+00  -0.5 1.42e+11 -12.9 1.65e-04 4.36e-05f  1
 638 -7.2184917e+08 1.62e-01 1.80e+00  -1.3 1.71e+11 -13.4 6.48e-05 3.48e-06f  1
 639 -7.2184917e+08 2.82e-02 1.90e+00  -4.1 4.57e+00    -  3.18e-01 1.00e+00h  1
iter    objective    inf_pr   inf_du lg(mu)  ||d||  lg(rg) alpha_du alpha_pr  ls
 640 -7.2184917e+08 1.86e-02 1.13e+00  -3.8 2.01e+00    -  3.33e-01 3.22e-01h  1
 641 -7.2184917e+08 2.42e-01 9.17e-01  -1.3 6.73e+03    -  2.97e-03 4.10e-03f  1
 642 -7.2184920e+08 3.94e-02 8.53e-01  -0.8 2.94e+04    -  2.59e-04 7.85e-04f  1
 643 -7.2184921e+08 5.14e-01 8.69e-01  -0.8 1.29e+05    -  6.21e-04 6.97e-05f  1
 644 -7.2184923e+08 4.73e-01 8.98e-01  -0.8 3.23e+06    -  1.06e-04 6.22e-06f  1
 645 -7.2184957e+08 5.74e-01 9.14e-01  -0.7 4.06e+07    -  1.54e-05 8.59e-06f  1
 646 -7.2185466e+08 5.74e-01 9.35e-01  -0.7 2.16e+09    -  1.15e-06 2.35e-06f  1
 647 -7.2190381e+08 6.64e-01 9.94e-01  -1.0 2.03e+10    -  8.80e-07 2.42e-06f  1
 648 -7.2202885e+08 6.65e-01 1.02e+00  -8.8 5.13e+11    -  2.59e-07 2.44e-07f  1
 649 -7.2316850e+08 6.72e-01 1.01e+00  -0.8 3.62e+12 -13.9 5.17e-08 3.14e-07f  1
iter    objective    inf_pr   inf_du lg(mu)  ||d||  lg(rg) alpha_du alpha_pr  ls
 650 -7.2328533e+08 6.73e-01 1.02e+00  -8.8 3.23e+12    -  1.08e-07 3.62e-08f  1
 651 -7.2359646e+08 6.73e-01 1.11e+00  -0.9 3.95e+12    -  1.01e-06 7.88e-08f  1
 652 -7.2359646e+08 7.12e-02 1.03e+00  -2.1 1.39e+01    -  1.30e-01 6.21e-01f  1
 653 -7.2359646e+08 1.73e-02 5.75e-01  -2.7 6.10e+00    -  4.34e-01 9.37e-01h  1
 654 -7.2359647e+08 6.41e-03 3.21e-01  -4.1 5.24e+00    -  4.25e-01 9.97e-01f  1
 655 -7.2359648e+08 6.58e-03 3.19e-01  -1.0 8.31e+03    -  2.00e-03 1.42e-03f  1
 656 -7.2359669e+08 2.65e-01 3.27e-01  -1.1 4.80e+05    -  4.04e-04 4.43e-04f  1
 657 -7.2360140e+08 3.28e-01 2.90e-01  -8.8 2.05e+08    -  8.01e-06 2.29e-05f  1
 658 -7.2362585e+08 3.92e-01 2.92e-01  -0.8 2.74e+10    -  6.19e-07 8.93e-07f  1
 659 -7.2362672e+08 3.92e-01 2.92e-01  -0.8 1.65e+11    -  1.75e-08 5.28e-09f  1
iter    objective    inf_pr   inf_du lg(mu)  ||d||  lg(rg) alpha_du alpha_pr  ls
 660 -7.2362815e+08 3.92e-01 2.92e-01  -1.9 7.38e+11 -13.5 4.12e-08 1.93e-09f  1
 661 -7.2413307e+08 3.93e-01 2.95e-01  -4.0 3.25e+12    -  2.45e-08 1.55e-07f  1
 662 -7.2553514e+08 3.95e-01 3.01e-01  -2.3 3.68e+11 -14.0 6.33e-06 3.81e-06f  1
 663 -7.2834889e+08 4.00e-01 3.87e-01  -0.9 8.02e+11 -14.4 2.19e-06 3.51e-06f  1
 664 -7.2961306e+08 3.90e-01 5.47e-01  -0.9 3.02e+10    -  1.69e-04 4.18e-05f  1
 665 -7.2961306e+08 1.19e-02 4.76e-01  -2.4 2.26e+01    -  5.16e-01 1.00e+00f  1
 666 -7.2961306e+08 2.28e-03 1.59e-01  -2.8 4.18e+00    -  7.22e-01 1.00e+00h  1
 667 -7.2961307e+08 2.13e-02 7.02e-02  -8.7 5.22e+02    -  7.79e-03 2.67e-02f  1
 668 -7.2961313e+08 2.49e-01 2.77e-01  -0.9 8.27e+03    -  4.78e-03 7.96e-03f  1
 669 -7.2961349e+08 2.67e-01 2.57e-01  -0.6 7.71e+05    -  7.16e-04 4.63e-04f  1
iter    objective    inf_pr   inf_du lg(mu)  ||d||  lg(rg) alpha_du alpha_pr  ls
 670 -7.2961858e+08 2.76e-01 3.75e-01  -8.6 4.18e+08    -  1.85e-05 1.22e-05f  1
 671 -7.2962319e+08 2.75e-01 4.86e-01  -8.6 4.30e+08    -  2.47e-05 1.07e-05f  1
 672 -7.2962480e+08 2.74e-01 6.99e-01  -8.6 3.34e+08    -  4.94e-05 4.81e-06f  1
 673 -7.2962480e+08 1.68e-01 5.52e-01  -2.1 5.74e+01    -  7.85e-03 7.40e-01f  1
 674 -7.2962481e+08 1.13e-02 3.35e-01  -2.9 1.74e+01    -  3.52e-01 9.86e-01f  1
 675 -7.2962493e+08 1.49e-02 3.93e-01  -0.6 3.54e+04    -  5.37e-04 3.53e-03f  1
 676 -7.2962518e+08 1.49e-02 4.93e-01  -8.6 5.67e+06    -  7.70e-05 4.28e-05f  1
 677 -7.2962775e+08 1.59e-02 8.57e-01  -8.6 1.98e+08    -  2.86e-05 1.30e-05f  1
 678 -7.2963317e+08 1.20e-01 8.59e-01  -8.6 1.88e+09    -  3.65e-06 2.88e-06f  1
 679 -7.2974440e+08 1.25e-01 8.02e-01  -8.6 6.28e+09 -11.3 8.17e-06 1.77e-05f  1
iter    objective    inf_pr   inf_du lg(mu)  ||d||  lg(rg) alpha_du alpha_pr  ls
 680 -7.2980416e+08 5.43e-01 7.84e-01  -0.6 1.81e+11    -  1.13e-07 3.30e-07f  1
 681 -7.3365020e+08 5.47e-01 8.50e-01  -0.9 1.29e+12    -  3.25e-06 2.97e-06f  1
 682 -7.3741031e+08 5.46e-01 9.29e-01  -0.7 1.25e+12    -  1.39e-06 3.01e-06f  1
 683 -7.3844236e+08 5.19e-01 9.39e-01  -0.7 2.95e+10 -11.8 1.12e-04 3.49e-05f  1
 684 -7.3844236e+08 3.82e-02 6.01e-01  -2.4 1.27e+01    -  3.58e-01 8.38e-01f  1
 685 -7.3844236e+08 7.52e-04 1.61e-01  -4.2 2.82e+00    -  6.62e-01 1.00e+00h  1
 686 -7.3844237e+08 5.30e-03 1.10e-01  -2.4 1.43e+03    -  4.33e-03 6.58e-03f  1
 687 -7.3844237e+08 5.66e-03 1.31e-01  -1.0 3.81e+03    -  4.41e-03 9.35e-04f  1
 688 -7.3844250e+08 2.95e-01 2.78e-01  -2.6 7.31e+04    -  1.30e-03 1.75e-03f  1
 689 -7.3844255e+08 2.98e-01 2.34e-01  -8.8 1.58e+07    -  2.76e-05 3.57e-06f  1
iter    objective    inf_pr   inf_du lg(mu)  ||d||  lg(rg) alpha_du alpha_pr  ls
 690 -7.3844462e+08 2.98e-01 1.05e+00  -1.3 9.12e+07    -  2.06e-05 2.26e-05f  1
 691 -7.3845566e+08 3.02e-01 1.06e+00  -0.9 2.16e+09    -  2.88e-06 5.12e-06f  1
 692 -7.3846053e+08 3.02e-01 1.31e+00  -8.9 4.93e+10    -  1.07e-06 9.86e-08f  1
 693 -7.3963246e+08 2.98e-01 1.21e+00  -0.9 7.59e+10 -12.2 2.13e-05 1.54e-05f  1
 694 -7.4219637e+08 2.98e-01 1.23e+00  -0.9 2.65e+11 -12.7 3.16e-07 9.69e-06f  1
 695 -7.4319383e+08 2.98e-01 1.04e+00  -0.9 6.01e+11 -13.2 4.49e-06 1.66e-06f  1
 696 -7.4319383e+08 8.54e-02 7.71e-01  -2.5 1.72e+01    -  9.99e-02 7.10e-01f  1
 697 -7.4319383e+08 4.73e-03 4.23e-01  -3.2 5.23e+00    -  4.79e-01 1.00e+00h  1
 698 -7.4319383e+08 9.04e-02 5.31e-01  -1.4 6.87e+02    -  3.09e-02 1.67e-02f  1
 699 -7.4319386e+08 1.53e-01 4.42e-01  -1.8 6.38e+02    -  3.09e-02 4.68e-02f  1
iter    objective    inf_pr   inf_du lg(mu)  ||d||  lg(rg) alpha_du alpha_pr  ls
 700 -7.4319393e+08 1.58e-01 9.99e-01  -0.6 5.75e+04    -  5.99e-03 1.26e-03f  1
 701 -7.4319568e+08 1.58e-01 6.87e-01  -8.4 1.73e+07    -  1.93e-04 1.01e-04f  1
 702 -7.4319602e+08 1.59e-01 1.87e+00  -8.4 8.42e+09    -  5.18e-06 4.06e-08f  1
 703 -7.4321732e+08 4.22e-01 1.95e+00  -8.4 1.17e+10    -  3.09e-07 1.82e-06f  1
 704 -7.4322246e+08 7.05e-01 2.85e+00  -8.4 5.94e+09    -  3.74e-06 8.66e-07f  1
 705 -7.4322246e+08 1.57e-01 1.69e+00  -2.8 5.07e+00    -  4.13e-01 4.08e-01f  1
 706 -7.4322246e+08 1.56e-01 1.64e+00  -8.5 9.63e+00    -  3.07e-02 1.01e-02h  1
 707 -7.4322246e+08 1.18e-01 1.32e+00  -2.6 4.35e+01    -  2.42e-01 2.46e-01f  1
 708 -7.4322252e+08 1.34e-01 1.02e+00  -0.6 1.34e+05    -  1.00e-03 4.43e-04f  1
 709 -7.4322263e+08 1.35e-01 9.45e-01  -8.5 1.04e+07    -  5.25e-04 1.10e-05f  1
iter    objective    inf_pr   inf_du lg(mu)  ||d||  lg(rg) alpha_du alpha_pr  ls
 710 -7.4325608e+08 1.39e-01 9.98e-01  -8.5 9.69e+09    -  1.20e-06 3.45e-06f  1
 711 -7.4332069e+08 1.39e-01 1.01e+00  -8.5 2.52e+12    -  7.57e-08 2.56e-08f  1
 712 -7.4613040e+08 1.39e-01 1.01e+00  -8.5 5.69e+12    -  2.84e-07 4.94e-07f  1
 713 -7.4747739e+08 1.39e-01 1.01e+00  -0.5 1.42e+12    -  1.91e-07 9.47e-07f  1
 714 -7.4856403e+08 1.38e-01 1.10e+00  -0.5 1.21e+12    -  3.80e-06 8.99e-07f  1
 715 -7.4856403e+08 8.59e-02 9.32e-01  -2.8 3.56e+00    -  1.73e-01 6.82e-01f  1
 716 -7.4856403e+08 1.90e-02 7.63e-01  -3.3 3.98e+00    -  2.13e-01 9.37e-01h  1
 717 -7.4856403e+08 3.50e-03 4.87e-01  -8.7 2.87e+00    -  3.59e-01 1.00e+00h  1
 718 -7.4856404e+08 5.48e-03 5.28e-01  -4.9 3.57e+02    -  2.25e-02 1.59e-02f  1
 719 -7.4856407e+08 5.52e-03 5.54e-01  -1.8 9.00e+03    -  1.15e-02 4.01e-03f  1
iter    objective    inf_pr   inf_du lg(mu)  ||d||  lg(rg) alpha_du alpha_pr  ls
 720 -7.4856465e+08 4.86e-02 7.07e-01  -0.8 8.66e+05    -  1.61e-04 6.72e-04f  1
 721 -7.4856595e+08 5.34e-02 7.52e-01  -0.8 2.47e+07    -  4.99e-05 5.22e-05f  1
 722 -7.4856744e+08 5.35e-02 1.08e+00  -0.9 8.57e+08    -  1.84e-05 1.74e-06f  1
 723 -7.4860193e+08 5.42e-02 1.08e+00  -8.8 2.46e+10    -  8.26e-07 1.40e-06f  1
 724 -7.4861807e+08 5.42e-02 1.84e+00  -3.1 3.37e+10 -11.9 9.46e-06 4.78e-07f  1
 725 -7.5136141e+08 5.45e-02 2.67e+00  -1.3 1.40e+10 -11.4 3.43e-04 1.96e-04f  1
 726 -7.5555215e+08 6.16e-02 2.61e+00  -8.8 8.65e+11    -  4.53e-07 4.84e-06f  1
 727 -7.5789741e+08 1.07e-01 2.78e+00  -3.1 8.45e+09 -11.9 3.39e-05 2.78e-04f  1
 728 -7.5789741e+08 9.56e-02 2.38e+00  -3.8 1.81e+00    -  1.53e-01 3.04e-01h  1
 729 -7.5789742e+08 5.61e-02 2.23e+00  -3.9 3.71e+01    -  1.40e-01 2.66e-01f  1
iter    objective    inf_pr   inf_du lg(mu)  ||d||  lg(rg) alpha_du alpha_pr  ls
 730 -7.5789742e+08 2.73e-01 5.54e+00  -1.6 1.10e+04    -  4.40e-03 4.60e-04f  1
 731 -7.5789743e+08 3.19e-01 6.35e+00  -2.7 9.48e+03    -  3.93e-03 8.56e-04f  1
 732 -7.5789756e+08 3.17e-01 6.77e+00  -0.9 2.08e+07    -  2.49e-05 6.42e-06f  1
 733 -7.5791379e+08 3.17e-01 7.08e+00  -8.9 8.13e+09    -  1.25e-07 1.99e-06f  1
 734 -7.5802121e+08 3.16e-01 7.10e+00  -2.4 5.40e+10 -12.4 6.38e-07 1.99e-06f  1
 735 -7.5823018e+08 3.13e-01 7.17e+00  -2.3 1.80e+11 -12.9 1.16e-07 1.16e-06f  1
 736 -7.5940034e+08 3.08e-01 7.36e+00  -0.9 1.79e+11 -13.4 4.90e-06 6.53e-06f  1
 737 -7.5954099e+08 3.07e-01 7.36e+00  -0.9 1.46e+11 -12.9 1.30e-07 9.64e-07f  1
 738 -7.5981071e+08 3.06e-01 7.41e+00  -1.7 5.05e+11    -  6.23e-08 5.34e-07f  1
 739 -7.5981071e+08 7.58e-02 5.25e+00  -4.3 3.17e+00    -  2.72e-01 4.57e-01h  1
iter    objective    inf_pr   inf_du lg(mu)  ||d||  lg(rg) alpha_du alpha_pr  ls
 740 -7.5981071e+08 1.50e-03 1.99e+00  -3.2 5.08e+00    -  6.45e-01 1.00e+00h  1
 741 -7.5981071e+08 7.75e-05 1.91e-01  -3.8 1.80e-01    -  9.05e-01 1.00e+00h  1
 742 -7.5981071e+08 4.37e-04 8.75e-02  -4.0 3.85e-01    -  6.51e-01 1.00e+00h  1
 743 -7.5981075e+08 1.93e-03 1.11e-01  -9.9 9.75e+02    -  1.42e-02 4.54e-02f  1
 744 -7.5986775e+08 5.81e-02 3.48e-01  -9.9 2.47e+09 -10.7 3.77e-05 2.31e-05f  1
 745 -7.6054574e+08 5.20e-02 3.62e-01  -1.9 7.49e+09 -11.2 1.69e-05 9.06e-05f  1
 746 -7.6109349e+08 5.10e-02 3.54e-01  -9.9 2.25e+10 -11.7 1.70e-05 2.44e-05f  1
 747 -7.6115013e+08 4.95e-02 3.54e-01  -1.9 6.74e+10 -12.1 4.80e-05 8.41e-07f  1
 748 -7.6394431e+08 8.00e-02 3.40e-01  -3.9 1.48e+07    -  5.04e-02 1.89e-01f  1
 749 -7.6542314e+08 9.32e-02 3.18e-01  -3.6 3.58e+07 -12.6 4.53e-02 4.13e-02f  1
iter    objective    inf_pr   inf_du lg(mu)  ||d||  lg(rg) alpha_du alpha_pr  ls
 750 -7.6542314e+08 1.15e-02 2.28e-01  -3.0 4.03e+00    -  1.62e-01 9.72e-01h  1
 751 -7.6542314e+08 1.13e-02 1.64e-01  -3.5 1.52e+01    -  3.15e-01 3.67e-01f  1
 752 -7.6542324e+08 1.41e-02 8.89e-02  -1.5 1.88e+05    -  9.97e-04 4.94e-04f  1
 753 -7.6542333e+08 1.41e-02 1.13e-01  -9.5 1.19e+07    -  4.20e-05 7.65e-06f  1
 754 -7.6542406e+08 1.41e-02 1.11e-01  -9.5 8.95e+08    -  8.62e-07 8.14e-07f  1
 755 -7.6544803e+08 2.36e-02 1.12e-01  -9.5 2.53e+07    -  1.44e-05 9.49e-04f  1
 756 -7.6548118e+08 2.52e-02 1.13e-01  -9.5 4.08e+09 -11.3 4.19e-06 8.12e-06f  1
 757 -7.6548254e+08 2.52e-02 1.13e-01  -3.0 1.83e+10 -11.8 4.61e-06 7.45e-08f  1
 758 -7.6549428e+08 2.52e-02 1.22e-01  -3.6 1.06e+10 -11.3 8.89e-05 1.11e-06f  1
 759 -7.6607111e+08 2.52e-02 1.28e-01  -3.0 2.35e+08 -11.8 1.61e-03 2.45e-03f  1
iter    objective    inf_pr   inf_du lg(mu)  ||d||  lg(rg) alpha_du alpha_pr  ls
 760 -7.6689670e+08 8.83e-02 1.35e-01  -3.8 9.08e+07 -12.3 3.43e-03 9.09e-03f  1
 761 -7.6689670e+08 8.18e-02 1.21e-01  -3.2 5.08e+00    -  1.02e-01 1.49e-01h  1
 762 -7.6689671e+08 3.57e-01 1.12e-01  -2.9 4.04e+01    -  9.65e-02 5.76e-01f  1
 763 -7.6689673e+08 1.79e-01 2.63e-01  -1.3 2.49e+04    -  5.72e-04 1.04e-03f  1
 764 -7.6689693e+08 1.26e-01 4.22e-01  -1.3 5.73e+06    -  5.57e-05 3.36e-05f  1
 765 -7.6689704e+08 3.05e-01 4.87e-01  -1.3 3.50e+08    -  6.97e-06 3.16e-07f  1
 766 -7.6690617e+08 3.07e-01 5.27e-01  -1.6 9.41e+09    -  1.21e-06 9.70e-07f  1
 767 -7.6693357e+08 3.11e-01 5.29e-01  -2.1 1.04e+11    -  3.49e-07 2.63e-07f  1
 768 -7.6706056e+08 3.40e-01 4.97e-01  -1.4 1.68e+11    -  4.61e-07 7.56e-07f  1
 769 -7.6729663e+08 3.68e-01 4.44e-01  -1.7 2.79e+08    -  2.02e-05 8.45e-04f  1
iter    objective    inf_pr   inf_du lg(mu)  ||d||  lg(rg) alpha_du alpha_pr  ls
 770 -7.6841815e+08 7.18e-01 3.40e-01  -9.3 2.25e+09 -12.8 7.76e-04 4.98e-04f  1
 771 -7.7238820e+08 1.88e-01 1.90e-01  -3.1 5.44e+06 -12.3 4.69e-02 7.30e-01f  1
 772 -7.7286469e+08 9.65e-02 1.95e-01  -1.3 3.21e+11 -12.8 5.12e-06 1.49e-06f  1
 773 -7.7286469e+08 2.22e-02 2.46e-01  -2.9 4.59e+00    -  4.32e-01 9.82e-01f  1
 774 -7.7286470e+08 5.90e-03 2.24e-01  -3.4 1.65e+01    -  3.16e-01 1.00e+00f  1
 775 -7.7286470e+08 2.05e-02 3.86e-01  -9.2 5.93e+04    -  4.56e-04 1.21e-04f  1
 776 -7.7286482e+08 1.62e-02 6.08e-01  -1.4 8.96e+05    -  2.51e-04 1.35e-04f  1
 777 -7.7287271e+08 1.06e-02 5.45e-01  -1.9 1.41e+09    -  3.07e-06 5.60e-06f  1
 778 -7.7287358e+08 1.06e-02 5.79e-01  -9.2 9.28e+10    -  1.09e-06 9.47e-09f  1
 779 -7.7310618e+08 3.13e-01 6.28e-01  -9.2 7.10e+11 -13.3 2.73e-07 3.27e-07f  1
iter    objective    inf_pr   inf_du lg(mu)  ||d||  lg(rg) alpha_du alpha_pr  ls
 780 -7.7375564e+08 3.29e-01 4.64e-01  -1.4 2.72e+12 -13.8 4.85e-07 2.39e-07f  1
 781 -7.7401689e+08 3.23e-01 4.58e-01  -2.5 1.88e+09    -  1.22e-03 1.39e-04f  1
 782 -7.7592564e+08 3.23e-01 4.48e-01  -9.2 7.76e+10    -  3.29e-05 2.46e-05f  1
 783 -7.7786809e+08 2.10e-01 4.12e-01  -1.5 1.06e+10 -14.2 2.76e-04 1.84e-04f  1
 784 -7.7786809e+08 3.97e-02 3.06e-01  -2.7 2.65e+01    -  9.60e-02 7.77e-01f  1
 785 -7.7786810e+08 1.12e-03 1.20e-01  -3.7 1.72e+01    -  6.35e-01 9.95e-01f  1
 786 -7.7786810e+08 2.28e-01 2.70e-01  -1.4 2.44e+03    -  1.39e-02 1.74e-03f  1
 787 -7.7786825e+08 5.55e-01 5.23e-01  -1.4 1.32e+04    -  7.06e-03 1.15e-02f  1
 788 -7.7787114e+08 9.41e-01 4.86e-01  -8.9 3.90e+07    -  9.91e-06 7.42e-05f  1
 789 -7.7788376e+08 9.85e-01 4.81e-01  -8.9 4.24e+09    -  2.43e-06 2.97e-06f  1
iter    objective    inf_pr   inf_du lg(mu)  ||d||  lg(rg) alpha_du alpha_pr  ls
 790 -7.7789345e+08 9.88e-01 4.81e-01  -9.0 1.59e+11    -  4.80e-08 6.08e-08f  1
 791 -7.8010992e+08 9.36e-01 5.28e-01  -2.0 1.17e+12    -  7.84e-07 1.90e-06f  1
 792 -7.8121873e+08 9.35e-01 6.41e-01  -1.0 2.03e+13 -14.7 7.76e-08 5.45e-08f  1
 793 -7.8351027e+08 9.67e-01 7.64e-01  -1.0 4.34e+12    -  3.83e-07 5.28e-07f  1
 794 -7.8351027e+08 3.76e-02 7.03e-01  -2.5 1.87e+01    -  1.18e-01 8.44e-01f  1
 795 -7.8351027e+08 8.48e-03 4.28e-01  -3.0 5.80e+00    -  8.10e-01 1.00e+00h  1
 796 -7.8351027e+08 1.37e-02 5.30e-01  -3.0 1.84e+01    -  3.64e-01 6.20e-01f  1
 797 -7.8351031e+08 1.02e-01 1.63e-01  -1.8 2.18e+04    -  8.69e-04 1.88e-03f  1
 798 -7.8351046e+08 1.06e-01 3.00e-01  -0.9 3.35e+06    -  2.28e-04 4.23e-05f  1
 799 -7.8351313e+08 1.08e-01 1.69e-01  -9.0 2.69e+08    -  1.66e-05 9.91e-06f  1
iter    objective    inf_pr   inf_du lg(mu)  ||d||  lg(rg) alpha_du alpha_pr  ls
 800 -7.8353588e+08 9.12e-02 5.79e-01  -1.1 1.93e+07    -  1.82e-03 1.18e-03f  1
 801 -7.8358386e+08 2.09e-01 7.14e-01  -8.9 3.06e+11 -14.3 6.00e-08 1.57e-07f  1
 802 -7.8361724e+08 2.32e-01 8.35e-01  -8.9 3.06e+11    -  1.00e-07 1.09e-07f  1
 803 -7.8371156e+08 2.36e-01 1.70e+00  -4.6 4.35e+08 -14.8 6.43e-04 2.17e-04f  1
 804 -7.8371156e+08 1.41e-02 1.11e+00  -3.1 2.89e+00    -  1.13e-02 9.91e-01f  1
 805 -7.8371157e+08 4.03e-02 2.55e-01  -8.9 2.48e+01    -  1.11e-01 1.00e+00f  1
 806 -7.8371160e+08 3.39e-03 1.76e+00  -1.0 1.37e+04    -  3.15e-03 2.62e-03f  1
 807 -7.8371181e+08 1.42e-01 2.64e+00  -8.9 3.19e+06    -  6.20e-05 6.48e-05f  1
 808 -7.8371224e+08 1.39e-01 2.75e+00  -0.9 1.20e+08    -  8.85e-06 3.58e-06f  1
 809 -7.8371554e+08 1.23e-01 2.86e+00  -2.3 6.46e+09    -  8.48e-07 5.10e-07f  1
iter    objective    inf_pr   inf_du lg(mu)  ||d||  lg(rg) alpha_du alpha_pr  ls
 810 -7.8432484e+08 1.14e-01 2.77e+00  -0.9 6.33e+11    -  4.26e-07 9.63e-07f  1
 811 -7.8503811e+08 1.99e-01 3.30e+00  -0.9 6.84e+11    -  1.72e-06 1.04e-06f  1
 812 -7.8567262e+08 2.20e-01 4.22e+00  -1.5 1.36e+09 -14.3 1.04e-03 4.65e-04f  1
 813 -7.8567262e+08 2.07e-01 3.14e+00  -8.9 2.50e+00    -  2.70e-01 1.88e-01h  1
 814 -7.8567262e+08 2.07e-01 2.65e+00  -5.1 5.85e+00    -  1.49e-01 2.67e-03h  1
 815 -7.8567263e+08 2.08e-01 2.76e+00  -1.9 1.17e+05    -  6.34e-04 8.70e-05f  1
 816 -7.8567335e+08 2.03e-01 2.64e+00  -1.1 5.62e+07    -  5.63e-06 1.28e-05f  1
 817 -7.8568148e+08 1.05e+00 2.62e+00  -1.1 6.00e+08    -  5.64e-06 1.36e-05f  1
 818 -7.8607293e+08 1.28e-01 2.60e+00  -2.6 3.79e+08    -  2.60e-05 1.03e-03f  1
 819 -7.8622623e+08 1.25e-01 2.51e+00  -3.5 1.79e+07 -13.0 7.55e-02 8.55e-03f  1
iter    objective    inf_pr   inf_du lg(mu)  ||d||  lg(rg) alpha_du alpha_pr  ls
 820 -7.8846843e+08 1.21e-01 2.49e+00  -9.1 3.06e+08    -  1.82e-03 7.32e-03f  1
 821 -7.8907181e+08 1.10e-01 2.38e+00  -4.2 2.80e+07    -  4.15e-02 2.15e-02f  1
 822 -7.9037793e+08 9.22e-02 2.39e+00  -1.1 1.69e+12    -  3.93e-07 7.74e-07f  1
 823 -7.9037793e+08 7.01e-02 8.62e-01  -3.1 4.10e+01    -  1.00e+00 3.81e-01h  1
 824 -7.9037793e+08 8.65e-02 1.01e+00  -3.4 4.57e+00    -  5.91e-02 6.23e-01h  1
 825 -7.9037793e+08 8.50e-02 3.27e+00  -2.3 8.30e+02    -  3.37e-02 2.24e-02f  1
 826 -7.9037794e+08 9.54e-02 3.54e+00  -8.7 4.67e+03    -  2.43e-03 2.62e-03f  1
 827 -7.9037796e+08 9.73e-02 3.68e+00  -0.7 3.85e+04    -  1.80e-04 3.26e-04f  1
 828 -7.9037798e+08 9.71e-02 4.53e+00  -0.7 1.05e+05    -  1.21e-03 2.09e-04f  1
 829 -7.9037813e+08 9.71e-02 4.96e+00  -8.7 7.09e+06    -  5.40e-05 2.21e-05f  1
iter    objective    inf_pr   inf_du lg(mu)  ||d||  lg(rg) alpha_du alpha_pr  ls
 830 -7.9037830e+08 9.71e-02 5.03e+00  -8.7 1.29e+09    -  1.66e-06 1.33e-07f  1
 831 -7.9039049e+08 9.71e-02 5.02e+00  -8.7 1.64e+11 -13.5 1.64e-08 7.45e-08f  1
 832 -7.9118582e+08 2.91e-01 4.40e+00  -0.7 7.91e+11    -  1.07e-06 1.00e-06f  1
 833 -7.9230150e+08 2.99e-01 3.86e+00  -0.7 1.02e+12 -14.0 5.65e-07 1.10e-06f  1
 834 -7.9230150e+08 1.10e-02 2.11e+00  -2.7 9.26e+00    -  3.72e-01 9.45e-01f  1
 835 -7.9230150e+08 4.26e-03 9.45e-01  -3.1 2.72e+00    -  5.57e-01 1.00e+00h  1
 836 -7.9230150e+08 9.15e-03 4.24e-01  -2.9 9.46e+00    -  5.47e-01 4.03e-01h  1
 837 -7.9230150e+08 3.27e-02 5.10e-01  -8.9 2.46e+02    -  3.57e-02 3.12e-02f  1
 838 -7.9230159e+08 3.15e-02 5.09e-01  -1.0 4.65e+04    -  1.37e-03 1.81e-03f  1
 839 -7.9230162e+08 3.38e-02 4.76e-01  -0.9 2.26e+07    -  1.43e-05 1.59e-06f  1
iter    objective    inf_pr   inf_du lg(mu)  ||d||  lg(rg) alpha_du alpha_pr  ls
 840 -7.9232298e+08 3.38e-02 4.35e-01  -8.9 1.94e+10    -  3.83e-07 1.10e-06f  1
 841 -7.9234336e+08 7.43e-02 4.35e-01  -8.9 4.47e+10    -  5.06e-07 4.56e-07f  1
 842 -7.9242607e+08 1.51e-01 4.37e-01  -0.9 6.52e+11    -  2.77e-07 1.27e-07f  1
 843 -7.9246570e+08 2.05e-01 4.39e-01  -0.9 1.92e+11 -13.5 5.43e-08 2.06e-07f  1
 844 -7.9252519e+08 2.00e-01 4.40e-01  -1.9 3.33e+11    -  6.75e-09 1.79e-07f  1
 845 -7.9259007e+08 2.01e-01 4.44e-01  -8.9 5.62e+11    -  8.80e-07 1.15e-07f  1
 846 -7.9262885e+08 2.01e-01 4.45e-01  -8.9 1.03e+10 -11.3 2.53e-04 3.78e-06f  1
 847 -8.1636119e+08 1.69e-01 4.47e-01  -0.9 9.23e+10 -12.3 2.56e-05 2.57e-04f  1
 848 -8.2155018e+08 1.61e-01 4.57e-01  -1.7 2.61e+11 -12.7 6.58e-06 1.99e-05f  1
 849 -8.2155018e+08 2.96e-02 3.72e-01  -3.1 7.68e+00    -  1.58e-01 1.00e+00f  1
iter    objective    inf_pr   inf_du lg(mu)  ||d||  lg(rg) alpha_du alpha_pr  ls
 850 -8.2155018e+08 4.16e-03 2.32e-01  -2.9 1.58e+01    -  3.44e-01 8.72e-01f  1
 851 -8.2155023e+08 1.68e-02 2.89e-01  -0.9 2.98e+04    -  6.01e-04 1.45e-03f  1
 852 -8.2155386e+08 1.32e-01 6.16e-01  -1.4 1.13e+07    -  8.33e-04 3.21e-04f  1
 853 -8.2158517e+08 2.07e-01 7.97e-01  -8.9 5.57e+09    -  2.42e-06 5.63e-06f  1
 854 -8.2166440e+08 2.14e-01 8.66e-01  -8.9 2.02e+11    -  6.69e-08 3.93e-07f  1
 855 -8.2198911e+08 2.19e-01 8.77e-01  -8.9 5.98e+11 -13.2 7.52e-09 5.43e-07f  1
 856 -8.2478587e+08 2.29e-01 1.06e+00  -1.6 3.43e+10    -  5.95e-05 8.16e-05f  1
 857 -8.2696919e+08 2.23e-01 1.23e+00  -0.9 3.59e+10    -  8.98e-05 6.07e-05f  1
 858 -8.2851597e+08 2.18e-01 1.38e+00  -8.9 4.84e+11    -  3.30e-06 3.20e-06f  1
 859 -8.2851597e+08 1.64e-01 1.01e+00  -3.2 1.39e+01    -  3.43e-02 4.45e-01h  1
iter    objective    inf_pr   inf_du lg(mu)  ||d||  lg(rg) alpha_du alpha_pr  ls
 860 -8.2851597e+08 8.93e-02 3.87e-01  -2.9 2.06e+01    -  1.33e-01 9.81e-01f  1
 861 -8.2851597e+08 4.61e-03 2.38e-01  -3.0 1.17e+01    -  5.00e-01 9.97e-01h  1
 862 -8.2851599e+08 7.84e-02 1.44e-01  -0.9 1.45e+04    -  1.91e-03 1.22e-03f  1
 863 -8.2851647e+08 8.27e-02 1.77e-01  -0.9 4.99e+05    -  2.78e-04 9.69e-04f  1
 864 -8.2851764e+08 9.76e-02 1.01e-01  -8.9 3.18e+07    -  1.97e-05 3.67e-05f  1
 865 -8.2851891e+08 2.06e-01 1.31e-01  -8.9 6.89e+08    -  5.40e-06 1.84e-06f  1
 866 -8.2852005e+08 2.10e-01 1.38e-01  -0.9 1.04e+10    -  8.75e-07 1.09e-07f  1
 867 -8.2857905e+08 2.09e-01 1.98e-01  -1.2 5.14e+10    -  5.42e-07 1.15e-06f  1
 868 -8.2860399e+08 2.09e-01 2.18e-01  -8.9 3.14e+11    -  3.04e-07 7.94e-08f  1
 869 -8.3345266e+08 1.80e-01 2.42e-01  -0.9 1.87e+11 -13.7 2.18e-05 2.60e-05f  1
iter    objective    inf_pr   inf_du lg(mu)  ||d||  lg(rg) alpha_du alpha_pr  ls
 870 -8.3951454e+08 1.72e-01 2.91e-01  -0.9 3.49e+11 -12.8 3.88e-05 1.74e-05f  1
 871 -8.4717297e+08 1.70e-01 3.43e-01  -3.8 7.98e+11 -13.3 2.18e-05 9.60e-06f  1
 872 -8.4717297e+08 8.95e-02 2.86e-01  -3.0 2.52e+01    -  3.53e-02 7.61e-01f  1
 873 -8.4717297e+08 2.64e-03 3.04e-01  -3.9 2.59e+00    -  1.92e-01 1.00e+00h  1
 874 -8.4717300e+08 5.78e-02 5.58e-01  -1.2 2.38e+03    -  4.42e-03 1.34e-02f  1
 875 -8.4717304e+08 8.54e-02 4.18e-01  -0.8 2.99e+04    -  2.40e-03 1.27e-03f  1
 876 -8.4717364e+08 1.14e-01 8.87e-01  -0.7 5.10e+06    -  8.28e-05 1.19e-04f  1
 877 -8.4717408e+08 1.17e-01 9.60e-01  -0.7 3.28e+07    -  3.88e-05 1.34e-05f  1
 878 -8.4717991e+08 1.28e-01 1.21e+00  -8.7 2.10e+09    -  7.37e-06 2.78e-06f  1
 879 -8.4725754e+08 1.28e-01 1.24e+00  -8.7 1.41e+11 -12.9 1.42e-07 5.52e-07f  1
iter    objective    inf_pr   inf_du lg(mu)  ||d||  lg(rg) alpha_du alpha_pr  ls
 880 -8.4728063e+08 1.28e-01 9.91e-01  -1.0 3.15e+10    -  4.99e-05 7.32e-07f  1
 881 -8.4755955e+08 1.26e-01 9.26e-01  -8.7 1.71e+12    -  1.83e-07 1.63e-07f  1
 882 -8.4918832e+08 1.17e-01 7.47e-01  -2.0 1.16e+12    -  2.76e-07 1.41e-06f  1
 883 -8.4918832e+08 1.11e-01 6.19e-01  -4.1 3.95e+00    -  5.99e-02 3.63e-01h  1
 884 -8.4918832e+08 4.67e-02 3.76e-01  -3.0 1.96e+01    -  7.25e-03 8.56e-01f  1
 885 -8.4918833e+08 1.15e-01 3.36e-01  -1.2 4.32e+03    -  9.68e-03 2.96e-03f  1
 886 -8.4918839e+08 7.84e-02 4.39e-01  -2.3 4.43e+04    -  1.69e-03 1.47e-03f  1
 887 -8.4918885e+08 1.20e-01 8.99e-01  -1.5 1.55e+06    -  2.16e-04 2.98e-04f  1
 888 -8.4918909e+08 1.20e-01 1.09e+00  -1.4 2.60e+07    -  7.04e-05 9.12e-06f  1
 889 -8.4919543e+08 1.47e-01 1.45e+00  -1.9 3.14e+08    -  2.83e-06 2.02e-05f  1
iter    objective    inf_pr   inf_du lg(mu)  ||d||  lg(rg) alpha_du alpha_pr  ls
 890 -8.4919649e+08 1.46e-01 1.49e+00  -8.7 1.61e+09    -  5.57e-06 6.62e-07f  1
 891 -8.4924562e+08 1.96e-01 1.63e+00  -8.7 3.02e+10    -  4.10e-07 1.63e-06f  1
 892 -8.4964980e+08 1.78e-01 1.88e+00  -0.7 2.09e+12    -  5.66e-07 1.94e-07f  1
 893 -8.4983694e+08 1.91e-01 1.88e+00  -1.2 5.43e+11 -13.4 1.09e-06 3.45e-07f  1
 894 -8.5070951e+08 1.93e-01 1.59e+00  -3.7 1.28e+12 -13.9 1.56e-08 6.80e-07f  1
 895 -8.5070951e+08 1.10e-01 1.66e+00  -3.6 5.85e+00    -  1.07e-02 5.68e-01f  1
 896 -8.5070952e+08 6.46e-02 6.75e-01  -3.5 1.78e+01    -  4.03e-01 7.84e-01h  1
 897 -8.5070954e+08 1.50e-01 1.20e+00  -2.2 2.28e+03    -  1.79e-03 8.74e-03f  1
 898 -8.5070955e+08 3.90e-01 1.14e+00  -1.3 1.68e+04    -  5.03e-03 7.10e-04f  1
 899 -8.5071001e+08 2.74e-01 2.50e+00  -0.8 1.39e+06    -  2.26e-04 3.32e-04f  1
iter    objective    inf_pr   inf_du lg(mu)  ||d||  lg(rg) alpha_du alpha_pr  ls
 900 -8.5071059e+08 2.84e-01 1.97e+00  -8.8 2.71e+08    -  6.93e-06 2.12e-06f  1
 901 -8.5071079e+08 2.94e-01 1.96e+00  -0.8 3.04e+08    -  5.46e-06 6.66e-07f  1
 902 -8.5072568e+08 3.97e-01 2.26e+00  -1.9 6.92e+09    -  8.09e-07 2.15e-06f  1
 903 -8.5073601e+08 3.97e-01 2.43e+00  -0.8 9.23e+09    -  5.14e-07 1.12e-06f  1
 904 -8.5079504e+08 4.09e-01 2.60e+00  -1.2 1.72e+11 -14.3 2.04e-07 3.44e-07f  1
 905 -8.5089575e+08 4.37e-01 2.89e+00  -8.8 3.96e+11    -  8.26e-08 2.54e-07f  1
 906 -8.5091102e+08 4.41e-01 2.96e+00  -0.8 9.64e+10    -  1.69e-07 1.58e-07f  1
 907 -8.5094391e+08 4.48e-01 3.18e+00  -0.8 3.76e+11    -  1.72e-07 8.75e-08f  1
 908 -8.5094391e+08 2.78e-01 2.03e+00  -4.0 4.74e+00    -  3.20e-01 3.17e-01f  1
 909 -8.5094391e+08 2.77e-01 1.80e+00  -9.0 2.64e+00    -  1.15e-01 3.97e-03h  1
iter    objective    inf_pr   inf_du lg(mu)  ||d||  lg(rg) alpha_du alpha_pr  ls
 910 -8.5094391e+08 2.67e-01 1.54e+00  -3.1 4.37e+01    -  1.23e-03 2.35e-02f  1
 911 -8.5094391e+08 7.24e-02 5.50e-01  -3.6 8.56e+00    -  1.79e-01 6.51e-01h  1
 912 -8.5094391e+08 1.97e-02 2.96e-01  -3.9 8.99e+00    -  1.84e-01 7.26e-01h  1
 913 -8.5094392e+08 2.10e-02 3.65e-01  -1.1 2.91e+04    -  4.41e-04 4.22e-04f  1
 914 -8.5094406e+08 6.55e-02 6.00e-01  -1.1 7.91e+04    -  9.39e-04 1.71e-03f  1
 915 -8.5094411e+08 6.52e-02 8.02e-01  -1.1 3.59e+06    -  1.54e-04 1.25e-05f  1
 916 -8.5094728e+08 4.91e-02 9.34e-01  -2.7 2.41e+08    -  8.37e-06 1.32e-05f  1
 917 -8.5098331e+08 8.65e-02 9.62e-01  -9.1 7.02e+10    -  4.90e-08 5.13e-07f  1
 918 -8.5100703e+08 4.13e-01 2.38e+00  -9.1 4.55e+11 -14.8 8.29e-07 5.21e-08f  1
 919 -8.6074726e+08 4.14e-01 7.54e+00  -1.8 2.61e+10 -15.3 1.41e-03 3.74e-04f  1
iter    objective    inf_pr   inf_du lg(mu)  ||d||  lg(rg) alpha_du alpha_pr  ls
 920 -8.9015536e+08 4.15e-01 1.02e+01  -1.8 8.70e+10    -  2.04e-04 3.38e-04f  1
 921 -9.0243319e+08 4.14e-01 1.17e+01  -1.1 7.02e+10 -12.1 1.38e-04 1.75e-04f  1
 922 -9.0243319e+08 9.15e-02 5.49e+00  -2.8 2.86e+00    -  4.33e-01 7.74e-01h  1
 923 -9.0243319e+08 9.09e-02 3.43e+00  -8.9 1.24e+00    -  3.75e-01 3.89e-02h  1
 924 -9.0243320e+08 9.01e-02 3.90e+00  -9.2 9.25e+02    -  6.48e-02 8.85e-03f  1
 925 -9.0243362e+08 8.78e-02 2.94e+00  -1.2 2.16e+07    -  2.55e-06 1.92e-05f  1
 926 -9.0246472e+08 8.78e-02 2.75e+00  -2.0 2.30e+10    -  4.05e-06 1.35e-06f  1
 927 -9.0267598e+08 9.02e-02 2.73e+00  -3.2 2.63e+10 -11.7 2.07e-05 8.04e-06f  1
 928 -9.0269648e+08 9.03e-02 2.72e+00  -2.2 1.26e+12    -  1.97e-07 1.62e-08f  1
 929 -9.0362932e+08 9.06e-02 2.75e+00  -3.3 9.86e+09 -11.3 2.98e-05 9.46e-05f  1
iter    objective    inf_pr   inf_du lg(mu)  ||d||  lg(rg) alpha_du alpha_pr  ls
 930 -9.0362932e+08 1.62e-02 2.43e+00  -4.9 7.08e+00    -  9.77e-03 8.20e-01h  1
 931 -9.0362934e+08 1.31e-03 2.29e+00  -3.8 2.02e+01    -  3.19e-02 1.00e+00f  1
 932 -9.0362970e+08 1.28e-03 2.60e+00  -1.2 1.53e+07    -  4.32e-05 2.34e-05f  1
 933 -9.0363608e+08 3.25e-03 2.65e+00  -1.6 2.74e+09    -  2.84e-06 2.33e-06f  1
 934 -9.0372391e+08 4.76e-02 2.71e+00  -2.7 2.61e+10 -11.8 2.88e-06 3.36e-06f  1
 935 -9.0433737e+08 9.41e-02 2.59e+00  -2.1 4.42e+08 -11.3 2.03e-03 1.39e-03f  1
 936 -9.0485083e+08 9.43e-02 2.52e+00  -9.2 1.71e+09    -  2.28e-04 3.01e-04f  1
 937 -9.0526599e+08 7.95e-02 2.08e+00  -3.2 3.37e+06 -10.9 1.06e-01 1.23e-01f  1
 938 -9.0526599e+08 5.27e-02 9.66e-01  -3.2 5.54e+00    -  5.28e-01 4.22e-01h  1
 939 -9.0526599e+08 4.97e-02 6.06e-01  -9.2 3.49e+00    -  3.67e-01 2.80e-01h  1
iter    objective    inf_pr   inf_du lg(mu)  ||d||  lg(rg) alpha_du alpha_pr  ls
 940 -9.0526599e+08 6.97e-04 1.97e-01  -3.8 3.92e+00    -  5.93e-01 1.00e+00h  1
 941 -9.0526599e+08 6.39e-05 5.11e-02  -4.3 2.19e-01    -  9.28e-01 1.00e+00h  1
 942 -9.0526604e+08 2.09e-03 5.11e-02 -10.2 2.57e+04    -  1.04e-03 1.90e-03f  1
 943 -9.0534958e+08 5.42e-03 1.27e-01  -3.7 2.41e+06 -11.4 1.26e-02 3.46e-02f  1
 944 -9.0550052e+08 3.05e-01 1.73e-01  -2.2 4.52e+06 -11.9 1.11e-02 3.34e-02f  1
 945 -9.0686707e+08 9.58e-02 3.68e-01  -1.9 1.22e+08    -  7.29e-03 1.12e-02f  1
 946 -9.0727619e+08 1.06e+00 5.99e-01  -1.6 3.38e+07 -11.9 1.90e-02 1.21e-02f  1
 947 -9.5050237e+08 1.10e+00 3.02e-01  -9.2 2.54e+13    -  1.00e-06 1.70e-06f  1
 948 -9.5832741e+08 1.11e+00 1.17e-01  -9.2 2.46e+08  -9.7 8.86e-02 3.19e-02f  1
 949 -9.8385468e+08 1.01e+00 8.60e-02  -2.9 2.07e+09    -  4.14e-03 1.24e-02f  1
iter    objective    inf_pr   inf_du lg(mu)  ||d||  lg(rg) alpha_du alpha_pr  ls
 950 -9.8385468e+08 7.94e-03 2.73e-01  -2.5 1.68e+01    -  7.18e-01 1.00e+00h  1
 951 -9.8385468e+08 1.12e-03 5.24e-02  -8.6 4.58e+00    -  7.68e-01 1.00e+00h  1
 952 -9.8385470e+08 2.83e-02 2.54e-01  -1.3 5.24e+03    -  6.25e-03 3.33e-03f  1
 953 -9.8385478e+08 2.94e-02 3.91e-01  -1.1 6.00e+04    -  1.77e-03 1.36e-03f  1
 954 -9.8385559e+08 1.29e-01 4.80e-01  -9.0 7.45e+06    -  9.27e-05 1.09e-04f  1
 955 -9.8386761e+08 1.46e-01 5.61e-01  -9.1 5.93e+09    -  1.33e-06 2.03e-06f  1
 956 -9.8388323e+08 1.47e-01 5.73e-01  -9.1 5.44e+10    -  5.04e-07 2.87e-07f  1
 957 -9.8389698e+08 1.49e-01 6.15e-01  -9.1 2.41e+11    -  6.28e-07 5.72e-08f  1
 958 -9.8501232e+08 1.51e-01 6.32e-01  -9.1 7.41e+08 -10.2 3.51e-05 1.51e-03f  1
 959 -9.8508527e+08 1.51e-01 6.18e-01  -2.7 2.22e+09 -10.6 1.02e-03 3.28e-05f  1
iter    objective    inf_pr   inf_du lg(mu)  ||d||  lg(rg) alpha_du alpha_pr  ls
 960 -9.8676548e+08 1.46e-01 5.84e-01  -1.1 4.31e+10    -  4.94e-05 3.90e-05f  1
 961 -9.9044084e+08 2.95e-01 5.16e-01  -9.1 4.27e+10    -  1.62e-05 8.62e-05f  1
 962 -9.9044084e+08 2.00e+00 4.52e-01  -3.1 6.58e+00    -  1.12e-01 5.41e-01f  1
 963 -9.9044084e+08 8.13e-02 4.04e-01  -3.2 6.36e+00    -  9.17e-02 1.88e-01h  1
 964 -9.9044084e+08 2.00e+00 5.88e-01  -2.5 5.41e+01    -  8.29e-02 8.08e-02f  1
 965 -9.9044084e+08 2.00e+00 9.17e-01  -1.8 4.26e+02    -  4.40e-02 1.20e-02f  1
 966 -9.9044085e+08 2.00e+00 1.44e+00  -1.2 1.27e+03    -  1.33e-02 1.06e-02f  1
 967 -9.9044089e+08 8.12e-02 1.99e+00  -0.6 1.51e+05    -  2.57e-03 2.74e-04f  1
 968 -9.9044628e+08 7.25e-02 2.34e+00  -1.2 8.99e+07    -  6.41e-05 5.99e-05f  1
 969 -9.9048822e+08 2.00e+00 2.07e+00  -8.5 1.24e+10    -  1.52e-06 3.38e-06f  1
iter    objective    inf_pr   inf_du lg(mu)  ||d||  lg(rg) alpha_du alpha_pr  ls
 970 -9.9072324e+08 2.00e+00 1.85e+00  -0.6 1.50e+11    -  6.17e-07 1.56e-06f  1
 971 -9.9106299e+08 2.00e+00 1.71e+00  -8.6 3.42e+11    -  1.51e-06 9.93e-07f  1
 972 -9.9149572e+08 2.00e+00 1.86e+00  -0.6 5.43e+09 -11.1 1.50e-04 7.97e-05f  1
 973 -9.9257367e+08 2.00e+00 1.97e+00  -2.3 8.83e+07  -9.8 3.31e-03 1.22e-02f  1
 974 -9.9257367e+08 2.00e+00 1.27e+00  -2.6 5.87e+00    -  3.54e-01 3.12e-01h  1
 975 -9.9257367e+08 8.03e-02 6.82e-01  -2.9 1.26e+01    -  4.62e-01 3.13e-01f  1
 976 -9.9257376e+08 8.68e-02 2.37e+00  -1.4 9.09e+05    -  2.26e-04 9.98e-05f  1
 977 -9.9257474e+08 8.61e-02 2.77e+00  -0.9 1.14e+07    -  5.28e-05 8.56e-05f  1
 978 -9.9318219e+08 8.71e-02 2.59e+00  -0.7 7.58e+10    -  9.14e-06 8.01e-06f  1
 979 -9.9355406e+08 8.68e-02 1.91e+00  -0.7 7.58e+10    -  3.42e-05 4.91e-06f  1
iter    objective    inf_pr   inf_du lg(mu)  ||d||  lg(rg) alpha_du alpha_pr  ls
 980 -9.9517604e+08 8.51e-02 2.28e+00  -0.7 7.58e+10    -  8.73e-06 2.14e-05f  1
 981 -9.9517604e+08 6.99e-02 1.33e+00  -2.8 1.52e+01    -  3.97e-01 6.12e-01h  1
 982 -9.9517608e+08 5.96e-03 9.23e-01  -2.8 5.83e+01    -  4.61e-01 7.70e-01f  1
 983 -9.9517643e+08 6.17e-03 1.65e+00  -8.8 2.05e+07    -  4.71e-05 1.72e-05f  1
 984 -9.9518484e+08 2.79e-02 1.00e+00  -8.8 1.46e+09    -  2.82e-06 5.77e-06f  1
 985 -9.9523027e+08 2.75e-01 8.25e-01  -8.8 2.47e+10    -  3.44e-08 1.84e-06f  1
 986 -9.9527166e+08 3.24e-01 7.00e-01  -2.0 9.37e+08 -10.3 1.88e-04 4.42e-05f  1
 987 -9.9536889e+08 3.23e-01 6.37e-01  -1.0 7.08e+10    -  5.61e-06 1.37e-06f  1
 988 -1.0226204e+09 1.29e-01 1.31e+00  -1.4 2.76e+10    -  8.49e-04 9.88e-04f  1
 989 -1.0621918e+09 8.27e-01 2.41e+00  -1.2 5.87e+09 -10.8 3.05e-03 6.74e-03f  1
iter    objective    inf_pr   inf_du lg(mu)  ||d||  lg(rg) alpha_du alpha_pr  ls
 990 -1.0956392e+09 5.65e-01 3.63e+00  -1.9 7.68e+10    -  1.32e-04 4.35e-04f  1
 991 -1.0956392e+09 1.54e-01 6.50e-01  -3.0 7.15e+00    -  7.17e-01 5.49e-01h  1
 992 -1.0956392e+09 1.10e-02 2.61e-01  -3.4 9.28e+00    -  4.82e-01 9.65e-01f  1
 993 -1.0956392e+09 1.30e-02 1.89e+00  -9.1 4.98e+04    -  1.44e-03 8.48e-05f  1
 994 -1.0956394e+09 1.41e-02 2.99e+00  -1.1 3.55e+06    -  2.22e-04 6.26e-05f  1
 995 -1.0956414e+09 1.26e-01 3.22e+00  -1.1 2.32e+08    -  8.40e-06 8.35e-06f  1
 996 -1.0956520e+09 1.67e-01 3.14e+00  -9.1 1.08e+10    -  4.12e-07 9.83e-07f  1
 997 -1.0956642e+09 1.71e-01 3.24e+00  -9.1 7.19e+09 -11.2 3.52e-06 1.69e-06f  1
 998 -1.0958960e+09 2.03e-01 3.30e+00  -1.1 1.29e+12    -  3.68e-07 1.79e-07f  1
 999 -1.0959208e+09 2.06e-01 3.38e+00  -1.1 1.04e+12    -  4.35e-07 2.37e-08f  1
iter    objective    inf_pr   inf_du lg(mu)  ||d||  lg(rg) alpha_du alpha_pr  ls
1000 -1.0963853e+09 2.06e-01 3.60e+00  -2.4 8.08e+11    -  7.74e-07 5.75e-07f  1

Number of Iterations....: 1000

                                   (scaled)                 (unscaled)
Objective...............:  -1.0963853340969410e+09   -1.0963853340969410e+09
Dual infeasibility......:   3.5976273868505397e+00    3.5976273868505397e+00
Constraint violation....:   2.0606880928381949e-01    2.0606880928381949e-01
Variable bound violation:   0.0000000000000000e+00    0.0000000000000000e+00
Complementarity.........:   4.0332847411753223e-03    4.0332847411753223e-03
Overall NLP error.......:   3.5976273868505397e+00    3.5976273868505397e+00


Number of objective function evaluations             = 1170
Number of objective gradient evaluations             = 1001
Number of equality constraint evaluations            = 1244
Number of inequality constraint evaluations          = 1170
Number of equality constraint Jacobian evaluations   = 1003
Number of inequality constraint Jacobian evaluations = 1003
Number of Lagrangian Hessian evaluations             = 0
Total seconds in IPOPT                               = 116.160

EXIT: Maximum Number of Iterations Exceeded.
